20:33:41.824 [main                     ] DEBUG Logger               - Configured Logger
20:33:41.867 [main                     ] DEBUG GameApplication      - Logging settings
Title: Horender
Version: 0.1
Width: 768
Height: 512
Fullscreen: false
Intro: false
Profiling: false
Single step:false
App Mode: DEVELOPER
Menu Key: ESCAPE
Stage Style: DECORATED
Scene Factory: class com.almasb.fxgl.app.scene.SceneFactory

20:33:42.722 [JavaFX Application Thread] DEBUG FXGLApplication      - Initializing FXGL
20:33:42.739 [JavaFX Application Thread] INFO  Engine               - FXGL-21.1 (27.03.2024 07.52) on WINDOWS (J:21.0.11 FX:21.0.1)
20:33:42.740 [JavaFX Application Thread] DEBUG Engine               - JRE Vendor Name: Oracle Corporation
20:33:42.741 [JavaFX Application Thread] DEBUG Engine               - Running on OS: Windows 11 version 10.0
20:33:42.741 [JavaFX Application Thread] DEBUG Engine               - Architecture: amd64
20:33:42.742 [JavaFX Application Thread] INFO  Engine               - Source code and latest versions at: https://github.com/AlmasB/FXGL
20:33:42.742 [JavaFX Application Thread] INFO  Engine               -       Ask questions and discuss at: https://github.com/AlmasB/FXGL/discussions
20:33:42.743 [JavaFX Application Thread] INFO  Engine               -              Join the FXGL chat at: https://gitter.im/AlmasB/FXGL
20:33:43.028 [JavaFX Application Thread] DEBUG PrimaryStageWindow   - Creating a JavaFX scene
20:33:43.135 [JavaFX Application Thread] DEBUG PrimaryStageWindow   - Target settings size: 768.0 x 512.0
20:33:43.136 [JavaFX Application Thread] DEBUG PrimaryStageWindow   - Scaled scene size:    768.0 x 512.0
20:33:43.136 [JavaFX Application Thread] DEBUG PrimaryStageWindow   - Scaled ratio: (1.0, 1.0)
20:33:43.140 [JavaFX Application Thread] DEBUG PrimaryStageWindow   - Set initial scene to FXGLStartupScene
20:33:43.146 [JavaFX Application Thread] DEBUG PrimaryStageWindow   - Opening main window
20:33:43.335 [JavaFX Application Thread] DEBUG PrimaryStageWindow   - Window border size: (16.0, 39.0)
20:33:43.335 [JavaFX Application Thread] DEBUG PrimaryStageWindow   - Scaled size: 768.0 x 512.0
20:33:43.336 [JavaFX Application Thread] DEBUG PrimaryStageWindow   - Scaled ratio: (1.0, 1.0)
20:33:43.336 [JavaFX Application Thread] DEBUG PrimaryStageWindow   - Scene size: 768.0 x 512.0
20:33:43.337 [JavaFX Application Thread] DEBUG PrimaryStageWindow   - Stage size: 784.0 x 551.0
20:33:43.351 [FXGL Background Thread 1 ] DEBUG Engine               - Initializing environment variables
20:33:43.496 [FXGL Background Thread 1 ] DEBUG FXGLAssetLoaderServi - User app class for loading assets: class com.mycompany.horender.HorenderApp
20:33:43.496 [FXGL Background Thread 1 ] DEBUG GameApplicationServi - Applying CSS: fxgl_dark.css
20:33:43.499 [FXGL Background Thread 1 ] DEBUG FXGLAssetLoaderServi - Loading from file system: jar:file:///C:/Users/Priscila/.m2/repository/com/github/almasb/fxgl/21.1/fxgl-21.1.jar!/fxglassets/ui/css/fxgl_dark.css
20:33:43.596 [FXGL Background Thread 1 ] DEBUG GameApplicationServi - Initializing application scenes
20:33:43.678 [FXGL Background Thread 1 ] DEBUG GameWorld            - Game world initialized
20:33:43.834 [FXGL Background Thread 1 ] DEBUG PhysicsWorld         - Physics world initialized: appHeight=512, physics.ppm=50,0
20:33:43.835 [FXGL Background Thread 1 ] DEBUG PhysicsWorld         - Using strategy: BRUTE_FORCE
20:33:43.843 [FXGL Background Thread 1 ] DEBUG GameScene            - Game scene initialized: 768x512
20:33:43.867 [FXGL Background Thread 1 ] WARN  FXGL.DefaultMenu     - FXGLDefaultMenu is not designed for resolutions < 800x600
20:33:43.868 [FXGL Background Thread 1 ] DEBUG FXGL.DefaultMenu     - createMenuBodyGameMenu()
20:33:43.891 [FXGL Background Thread 1 ] DEBUG FXGL.DefaultMenu     - createOptionsMenu()
20:33:43.907 [FXGL Background Thread 1 ] DEBUG FXGLAssetLoaderServi - Loading from file system: jar:file:///C:/Users/Priscila/.m2/repository/com/github/almasb/fxgl/21.1/fxgl-21.1.jar!/fxglassets/textures/particles/smoke.png
20:33:44.207 [FXGL Background Thread 1 ] DEBUG FXGLAssetLoaderServi - Loading from file system: jar:file:///C:/Users/Priscila/.m2/repository/com/github/almasb/fxgl/21.1/fxgl-21.1.jar!/fxglassets/textures/particles/trace_horizontal.png
20:33:44.276 [FXGL Background Thread 1 ] DEBUG GameApplicationServi - Application scenes initialized
20:33:44.298 [FXGL Background Thread 1 ] DEBUG SystemBundleService  - Loading FXGL system data
20:33:44.307 [FXGL Background Thread 1 ] DEBUG FileSystemAccess     - Reading from: C:\Users\Priscila\Documents\NetBeansProjects\Horender\system\fxgl.bundle
20:33:44.325 [FXGL Background Thread 1 ] DEBUG SystemBundleService  - Bundle FXGL: {}
20:33:44.325 [FXGL Background Thread 1 ] DEBUG UpdaterService       - Checking for updates
20:33:44.332 [FXGL Background Thread 4 ] DEBUG FXGLApplication      - Loading fonts
20:33:44.333 [FXGL Background Thread 4 ] DEBUG FXGLAssetLoaderServi - Loading from file system: jar:file:///C:/Users/Priscila/.m2/repository/com/github/almasb/fxgl/21.1/fxgl-21.1.jar!/fxglassets/ui/fonts/VarelaRound-Regular.ttf
20:33:44.333 [FXGL Background Thread 1 ] DEBUG FXGLApplication      - Loading default localization
20:33:44.334 [FXGL Background Thread 1 ] DEBUG FXGLAssetLoaderServi - Loading from file system: jar:file:///C:/Users/Priscila/.m2/repository/com/github/almasb/fxgl/21.1/fxgl-21.1.jar!/fxglassets/languages/english.lang
20:33:44.371 [FXGL Background Thread 1 ] INFO  FXGLApplication      - FXGL initialization took: 1,021 sec
20:33:44.397 [JavaFX Application Thread] DEBUG Input                - Registered new binding: action0 - Up
20:33:44.398 [JavaFX Application Thread] DEBUG Input                - Registered new binding: action1 - Down
20:33:44.398 [JavaFX Application Thread] DEBUG Input                - Registered new binding: action2 - Right
20:33:44.398 [JavaFX Application Thread] DEBUG Input                - Registered new binding: action3 - Left
20:33:44.399 [JavaFX Application Thread] DEBUG Input                - Registered new binding: action4 - J
20:33:44.399 [JavaFX Application Thread] DEBUG Input                - Registered new binding: action5 - Space
20:33:44.399 [JavaFX Application Thread] DEBUG Input                - Registered new binding: Move Left A - A
20:33:44.399 [JavaFX Application Thread] DEBUG Input                - Registered new binding: Move Right D - D
20:33:44.400 [JavaFX Application Thread] DEBUG Input                - Registered new binding: Toggle Inventory - I
20:33:44.400 [JavaFX Application Thread] DEBUG FXGLAssetLoaderServi - Loading from file system: jar:file:///C:/Users/Priscila/.m2/repository/com/github/almasb/fxgl/21.1/fxgl-21.1.jar!/fxglassets/textures/fxgl_icon.png
20:33:44.416 [FXGL Background Thread 4 ] DEBUG FXGLAssetLoaderServi - Loading from file system: jar:file:///C:/Users/Priscila/.m2/repository/com/github/almasb/fxgl/21.1/fxgl-21.1.jar!/fxglassets/ui/fonts/Abel-Regular.ttf
20:33:44.433 [JavaFX Application Thread] DEBUG FXGLAssetLoaderServi - Loading from file system: jar:file:///C:/Users/Priscila/.m2/repository/com/github/almasb/fxgl/21.1/fxgl-21.1.jar!/fxglassets/textures/fxgl_default_cursor.png
20:33:44.436 [JavaFX Application Thread] DEBUG Input                - Registered new binding: Screenshot - CTRL+8
20:33:44.438 [JavaFX Application Thread] DEBUG Input                - Registered new binding: System info dump - CTRL+9
20:33:44.438 [JavaFX Application Thread] DEBUG Input                - Registered new binding: Restart - CTRL+R
20:33:44.439 [JavaFX Application Thread] DEBUG Input                - Registered new binding: Toggle Debug Camera - CTRL+7
20:33:44.441 [FXGL Background Thread 4 ] DEBUG FXGLAssetLoaderServi - Loading from file system: jar:file:///C:/Users/Priscila/.m2/repository/com/github/almasb/fxgl/21.1/fxgl-21.1.jar!/fxglassets/ui/fonts/TerminalLandMono-Regular.otf
20:33:44.444 [JavaFX Application Thread] DEBUG LoopRunner           - Starting loop
20:33:44.444 [JavaFX Application Thread] DEBUG LoopRunner           - Initializing JavaFX AnimationTimerLoop
20:33:44.448 [JavaFX Application Thread] DEBUG GameApplicationServi - Starting new game
20:33:44.449 [JavaFX Application Thread] DEBUG Input                - Clearing active input actions
20:33:44.465 [FXGL Background Thread 4 ] DEBUG FXGLAssetLoaderServi - Loading from file system: jar:file:///C:/Users/Priscila/.m2/repository/com/github/almasb/fxgl/21.1/fxgl-21.1.jar!/fxglassets/ui/fonts/Courier-Prime.ttf
20:33:44.474 [JavaFX Application Thread] DEBUG GameApplicationServi - Removing overlay from FXGLStartupScene and adding to FXGLLoadingScene
20:33:44.475 [JavaFX Application Thread] DEBUG PrimaryStageWindow   - FXGLStartupScene -> FXGLLoadingScene
20:33:44.475 [JavaFX Application Thread] DEBUG GameApplicationServi - Clearing previous game
20:33:44.475 [JavaFX Application Thread] DEBUG GameScene            - Clearing game scene
20:33:44.475 [JavaFX Application Thread] DEBUG GameWorld            - Clearing game world
20:33:44.475 [JavaFX Application Thread] DEBUG PhysicsWorld         - Clearing physics world
20:33:44.478 [FXGL Background Thread 1 ] DEBUG FXGLApplication      - Initializing game
20:33:44.553 [JavaFX Application Thread] DEBUG FXGLApplication      - Registering font factories with UI factory
20:33:45.311 [FXGL Background Thread 1 ] INFO  FXGLApplication      - Game initialization took: 0,833 sec
20:33:45.313 [JavaFX Application Thread] DEBUG Input                - Clearing active input actions
20:33:45.364 [JavaFX Application Thread] DEBUG GameApplicationServi - Removing overlay from FXGLLoadingScene and adding to GameScene
20:33:45.365 [JavaFX Application Thread] DEBUG PrimaryStageWindow   - FXGLLoadingScene -> GameScene
20:33:45.526 [FXGL Background Thread 2 ] INFO  UpdaterService       - Your current version:  21.1
20:33:45.526 [FXGL Background Thread 2 ] INFO  UpdaterService       - Latest stable version: 25
20:33:47.330 [FXGL Background Thread 3 ] DEBUG Engine               - Logging environment variables
20:33:47.334 [FXGL Background Thread 3 ] DEBUG Engine               - achievements: []
20:33:47.334 [FXGL Background Thread 3 ] DEBUG Engine               - actualHeight: 512.0
20:33:47.335 [FXGL Background Thread 3 ] DEBUG Engine               - actualHeightProperty: ReadOnlyDoubleProperty [value: 512.0]
20:33:47.335 [FXGL Background Thread 3 ] DEBUG Engine               - actualWidth: 768.0
20:33:47.335 [FXGL Background Thread 3 ] DEBUG Engine               - actualWidthProperty: ReadOnlyDoubleProperty [value: 768.0]
20:33:47.336 [FXGL Background Thread 3 ] DEBUG Engine               - appIcon: fxgl_icon.png
20:33:47.336 [FXGL Background Thread 3 ] DEBUG Engine               - applicationMode: DEVELOPER
20:33:47.336 [FXGL Background Thread 3 ] DEBUG Engine               - cSSList: [fxgl_dark.css]
20:33:47.336 [FXGL Background Thread 3 ] DEBUG Engine               - collisionDetectionStrategy: BRUTE_FORCE
20:33:47.337 [FXGL Background Thread 3 ] DEBUG Engine               - configClass: Optional.empty
20:33:47.337 [FXGL Background Thread 3 ] DEBUG Engine               - credits: []
20:33:47.338 [FXGL Background Thread 3 ] DEBUG Engine               - defaultCursor: CursorInfo(imageName=fxgl_default_cursor.png, hotspotX=7.0, hotspotY=6.0)
20:33:47.339 [FXGL Background Thread 3 ] DEBUG Engine               - devBBoxColorProperty: ObjectProperty [value: 0xff0000ff]
20:33:47.340 [FXGL Background Thread 3 ] DEBUG Engine               - devEnableDebugCameraProperty: BooleanProperty [value: false]
20:33:47.340 [FXGL Background Thread 3 ] DEBUG Engine               - devSensorColorProperty: ObjectProperty [value: 0xffff00ff]
20:33:47.341 [FXGL Background Thread 3 ] DEBUG Engine               - devShowBBoxProperty: BooleanProperty [value: false]
20:33:47.341 [FXGL Background Thread 3 ] DEBUG Engine               - devShowPositionProperty: BooleanProperty [value: false]
20:33:47.341 [FXGL Background Thread 3 ] DEBUG Engine               - enabledMenuItems: []
20:33:47.341 [FXGL Background Thread 3 ] DEBUG Engine               - engineServices: [class com.almasb.fxgl.app.services.FXGLAssetLoaderService, class com.almasb.fxgl.app.FXGLApplication$GameApplicationService, class com.almasb.fxgl.app.services.FXGLDialogService, class com.almasb.fxgl.app.services.IOTaskExecutorService, class com.almasb.fxgl.io.FileSystemService, class com.almasb.fxgl.localization.LocalizationService, class com.almasb.fxgl.app.services.SystemBundleService, class com.almasb.fxgl.profile.SaveLoadService, class com.almasb.fxgl.ui.FXGLUIFactoryServiceProvider, class com.almasb.fxgl.ui.FXGLDialogFactoryServiceProvider, class com.almasb.fxgl.audio.AudioPlayer, class com.almasb.fxgl.notification.impl.NotificationServiceProvider, class com.almasb.fxgl.achievement.AchievementService, class com.almasb.fxgl.cutscene.CutsceneService, class com.almasb.fxgl.minigames.MiniGameService, class com.almasb.fxgl.net.NetService, class com.almasb.fxgl.app.services.UpdaterService, class com.almasb.fxgl.dev.DevService]
20:33:47.342 [FXGL Background Thread 3 ] DEBUG Engine               - fontGame: Abel-Regular.ttf
20:33:47.342 [FXGL Background Thread 3 ] DEBUG Engine               - fontMono: TerminalLandMono-Regular.otf
20:33:47.342 [FXGL Background Thread 3 ] DEBUG Engine               - fontSizeScaleUI: 1.0
20:33:47.342 [FXGL Background Thread 3 ] DEBUG Engine               - fontText: Courier-Prime.ttf
20:33:47.343 [FXGL Background Thread 3 ] DEBUG Engine               - fontUI: VarelaRound-Regular.ttf
20:33:47.343 [FXGL Background Thread 3 ] DEBUG Engine               - fullScreen: BooleanProperty [value: false]
20:33:47.343 [FXGL Background Thread 3 ] DEBUG Engine               - gameDifficulty: MEDIUM
20:33:47.344 [FXGL Background Thread 3 ] DEBUG Engine               - gameDifficultyProperty: ObjectProperty [value: MEDIUM]
20:33:47.344 [FXGL Background Thread 3 ] DEBUG Engine               - globalMusicVolume: 0.5
20:33:47.344 [FXGL Background Thread 3 ] DEBUG Engine               - globalMusicVolumeProperty: DoubleProperty [value: 0.5]
20:33:47.345 [FXGL Background Thread 3 ] DEBUG Engine               - globalSoundVolume: 0.5
20:33:47.345 [FXGL Background Thread 3 ] DEBUG Engine               - globalSoundVolumeProperty: DoubleProperty [value: 0.5]
20:33:47.345 [FXGL Background Thread 3 ] DEBUG Engine               - height: 512
20:33:47.346 [FXGL Background Thread 3 ] DEBUG Engine               - is3D: false
20:33:47.346 [FXGL Background Thread 3 ] DEBUG Engine               - isAndroid: false
20:33:47.346 [FXGL Background Thread 3 ] DEBUG Engine               - isBrowser: false
20:33:47.346 [FXGL Background Thread 3 ] DEBUG Engine               - isClickFeedbackEnabled: false
20:33:47.346 [FXGL Background Thread 3 ] DEBUG Engine               - isCloseConfirmation: false
20:33:47.347 [FXGL Background Thread 3 ] DEBUG Engine               - isDesktop: true
20:33:47.347 [FXGL Background Thread 3 ] DEBUG Engine               - isDeveloperMenuEnabled: false
20:33:47.349 [FXGL Background Thread 3 ] DEBUG Engine               - isEmbedded: false
20:33:47.349 [FXGL Background Thread 3 ] DEBUG Engine               - isEntityPreloadEnabled: true
20:33:47.350 [FXGL Background Thread 3 ] DEBUG Engine               - isExperimentalTiledLargeMap: false
20:33:47.350 [FXGL Background Thread 3 ] DEBUG Engine               - isFileSystemWriteAllowed: true
20:33:47.350 [FXGL Background Thread 3 ] DEBUG Engine               - isFullScreenAllowed: false
20:33:47.351 [FXGL Background Thread 3 ] DEBUG Engine               - isFullScreenFromStart: false
20:33:47.351 [FXGL Background Thread 3 ] DEBUG Engine               - isGameMenuEnabled: true
20:33:47.351 [FXGL Background Thread 3 ] DEBUG Engine               - isIOS: false
20:33:47.352 [FXGL Background Thread 3 ] DEBUG Engine               - isIntroEnabled: false
20:33:47.352 [FXGL Background Thread 3 ] DEBUG Engine               - isLinux: false
20:33:47.352 [FXGL Background Thread 3 ] DEBUG Engine               - isMac: false
20:33:47.352 [FXGL Background Thread 3 ] DEBUG Engine               - isMainMenuEnabled: false
20:33:47.352 [FXGL Background Thread 3 ] DEBUG Engine               - isManualResizeEnabled: false
20:33:47.353 [FXGL Background Thread 3 ] DEBUG Engine               - isMobile: false
20:33:47.353 [FXGL Background Thread 3 ] DEBUG Engine               - isNative: false
20:33:47.353 [FXGL Background Thread 3 ] DEBUG Engine               - isPauseMusicWhenMinimized: true
20:33:47.353 [FXGL Background Thread 3 ] DEBUG Engine               - isPreserveResizeRatio: false
20:33:47.353 [FXGL Background Thread 3 ] DEBUG Engine               - isProfilingEnabled: false
20:33:47.354 [FXGL Background Thread 3 ] DEBUG Engine               - isScaleAffectedOnResize: true
20:33:47.354 [FXGL Background Thread 3 ] DEBUG Engine               - isSingleStep: false
20:33:47.354 [FXGL Background Thread 3 ] DEBUG Engine               - isUserProfileEnabled: false
20:33:47.354 [FXGL Background Thread 3 ] DEBUG Engine               - isWindows: true
20:33:47.354 [FXGL Background Thread 3 ] DEBUG Engine               - language: ObjectProperty [value: ENGLISH]
20:33:47.355 [FXGL Background Thread 3 ] DEBUG Engine               - menuKey: ESCAPE
20:33:47.355 [FXGL Background Thread 3 ] DEBUG Engine               - mouseSensitivity: 0.2
20:33:47.355 [FXGL Background Thread 3 ] DEBUG Engine               - notificationViewClass: class com.almasb.fxgl.notification.view.XboxNotificationView
20:33:47.355 [FXGL Background Thread 3 ] DEBUG Engine               - pixelsPerMeter: 50.0
20:33:47.356 [FXGL Background Thread 3 ] DEBUG Engine               - platform: WINDOWS
20:33:47.356 [FXGL Background Thread 3 ] DEBUG Engine               - prefHeightProperty: ReadOnlyDoubleProperty [value: 512.0]
20:33:47.356 [FXGL Background Thread 3 ] DEBUG Engine               - prefWidthProperty: ReadOnlyDoubleProperty [value: 768.0]
20:33:47.356 [FXGL Background Thread 3 ] DEBUG Engine               - profileDir: profiles/
20:33:47.357 [FXGL Background Thread 3 ] DEBUG Engine               - profileName: StringProperty [value: DEFAULT]
20:33:47.357 [FXGL Background Thread 3 ] DEBUG Engine               - randomSeed: -1
20:33:47.358 [FXGL Background Thread 3 ] DEBUG Engine               - runtimeInfo: RuntimeInfo(platform=WINDOWS, version=21.1, build=27.03.2024 07.52)
20:33:47.358 [FXGL Background Thread 3 ] DEBUG Engine               - saveFileExt: sav
20:33:47.358 [FXGL Background Thread 3 ] DEBUG Engine               - scaledHeightProp$fxgl: DoubleProperty [bound, value: 512.0]
20:33:47.358 [FXGL Background Thread 3 ] DEBUG Engine               - scaledWidthProp$fxgl: DoubleProperty [bound, value: 768.0]
20:33:47.359 [FXGL Background Thread 3 ] DEBUG Engine               - sceneFactory: com.almasb.fxgl.app.scene.SceneFactory@41917491
20:33:47.359 [FXGL Background Thread 3 ] DEBUG Engine               - secondsIn24h: 60
20:33:47.359 [FXGL Background Thread 3 ] DEBUG Engine               - soundMenuBack: menu/back.wav
20:33:47.359 [FXGL Background Thread 3 ] DEBUG Engine               - soundMenuPress: menu/press.wav
20:33:47.359 [FXGL Background Thread 3 ] DEBUG Engine               - soundMenuSelect: menu/select.wav
20:33:47.359 [FXGL Background Thread 3 ] DEBUG Engine               - soundNotification: core/notification.wav
20:33:47.360 [FXGL Background Thread 3 ] DEBUG Engine               - stageStyle: DECORATED
20:33:47.360 [FXGL Background Thread 3 ] DEBUG Engine               - supportedLanguages: [ENGLISH, FRENCH, GERMAN, HUNGARIAN, RUSSIAN]
20:33:47.360 [FXGL Background Thread 3 ] DEBUG Engine               - ticksPerSecond: -1
20:33:47.360 [FXGL Background Thread 3 ] DEBUG Engine               - title: Horender
20:33:47.360 [FXGL Background Thread 3 ] DEBUG Engine               - urlGithub: https://github.com/AlmasB/FXGL
20:33:47.361 [FXGL Background Thread 3 ] DEBUG Engine               - urlLeaderboard: http://fxgl-top.herokuapp.com/
20:33:47.361 [FXGL Background Thread 3 ] DEBUG Engine               - urlPOM: https://raw.githubusercontent.com/AlmasB/FXGL/release/README.md
20:33:47.361 [FXGL Background Thread 3 ] DEBUG Engine               - userAppClass: class com.mycompany.horender.HorenderApp
20:33:47.361 [FXGL Background Thread 3 ] DEBUG Engine               - version: 0.1
20:33:47.362 [FXGL Background Thread 3 ] DEBUG Engine               - versionCheckDays: 7
20:33:47.362 [FXGL Background Thread 3 ] DEBUG Engine               - width: 768
20:33:47.362 [FXGL Background Thread 3 ] DEBUG Engine               - Logging services
20:33:47.362 [FXGL Background Thread 3 ] DEBUG Engine               - class com.almasb.fxgl.app.services.FXGLAssetLoaderService
20:33:47.362 [FXGL Background Thread 3 ] DEBUG Engine               - class com.almasb.fxgl.app.FXGLApplication$GameApplicationService
20:33:47.363 [FXGL Background Thread 3 ] DEBUG Engine               - class com.almasb.fxgl.app.services.FXGLDialogService
20:33:47.363 [FXGL Background Thread 3 ] DEBUG Engine               - class com.almasb.fxgl.app.services.IOTaskExecutorService
20:33:47.363 [FXGL Background Thread 3 ] DEBUG Engine               - class com.almasb.fxgl.io.FileSystemService
20:33:47.363 [FXGL Background Thread 3 ] DEBUG Engine               - class com.almasb.fxgl.localization.LocalizationService
20:33:47.363 [FXGL Background Thread 3 ] DEBUG Engine               - class com.almasb.fxgl.app.services.SystemBundleService
20:33:47.364 [FXGL Background Thread 3 ] DEBUG Engine               - class com.almasb.fxgl.profile.SaveLoadService
20:33:47.364 [FXGL Background Thread 3 ] DEBUG Engine               - class com.almasb.fxgl.ui.FXGLUIFactoryServiceProvider
20:33:47.364 [FXGL Background Thread 3 ] DEBUG Engine               - class com.almasb.fxgl.ui.FXGLDialogFactoryServiceProvider
20:33:47.364 [FXGL Background Thread 3 ] DEBUG Engine               - class com.almasb.fxgl.audio.AudioPlayer
20:33:47.364 [FXGL Background Thread 3 ] DEBUG Engine               - class com.almasb.fxgl.notification.impl.NotificationServiceProvider
20:33:47.365 [FXGL Background Thread 3 ] DEBUG Engine               - class com.almasb.fxgl.achievement.AchievementService
20:33:47.365 [FXGL Background Thread 3 ] DEBUG Engine               - class com.almasb.fxgl.cutscene.CutsceneService
20:33:47.365 [FXGL Background Thread 3 ] DEBUG Engine               - class com.almasb.fxgl.minigames.MiniGameService
20:33:47.365 [FXGL Background Thread 3 ] DEBUG Engine               - class com.almasb.fxgl.net.NetService
20:33:47.365 [FXGL Background Thread 3 ] DEBUG Engine               - class com.almasb.fxgl.app.services.UpdaterService
20:33:47.365 [FXGL Background Thread 3 ] DEBUG Engine               - class com.almasb.fxgl.dev.DevService
20:34:36.084 [JavaFX Application Thread] DEBUG FXGLApplication      - Exiting FXGL
20:34:36.085 [JavaFX Application Thread] DEBUG LoopRunner           - Stopping loop
20:34:36.085 [JavaFX Application Thread] DEBUG SystemBundleService  - Saving FXGL system data
20:34:36.089 [JavaFX Application Thread] DEBUG FileSystemAccess     - Writing to: C:\Users\Priscila\Documents\NetBeansProjects\Horender\system\fxgl.bundle
20:34:36.093 [JavaFX Application Thread] DEBUG Async                - Shutting down background threads
20:34:36.093 [JavaFX Application Thread] DEBUG PrimaryStageWindow   - Closing main window
20:34:36.114 [JavaFX Application Thread] DEBUG Logger               - Closing Logger
