00:24:04.111 [main                     ] DEBUG Logger               - Configured Logger
00:24:04.141 [main                     ] DEBUG GameApplication      - Logging settings
Title: Horender
Version: 0.1
Width: 1280
Height: 720
Fullscreen: false
Intro: false
Profiling: false
Single step:false
App Mode: DEVELOPER
Menu Key: ESCAPE
Stage Style: DECORATED
Scene Factory: class com.almasb.fxgl.app.scene.SceneFactory

00:24:04.461 [JavaFX Application Thread] DEBUG FXGLApplication      - Initializing FXGL
00:24:04.466 [JavaFX Application Thread] INFO  Engine               - FXGL-21.1 (27.03.2024 07.52) on WINDOWS (J:21.0.11 FX:21.0.1)
00:24:04.466 [JavaFX Application Thread] DEBUG Engine               - JRE Vendor Name: Oracle Corporation
00:24:04.467 [JavaFX Application Thread] DEBUG Engine               - Running on OS: Windows 11 version 10.0
00:24:04.467 [JavaFX Application Thread] DEBUG Engine               - Architecture: amd64
00:24:04.467 [JavaFX Application Thread] INFO  Engine               - Source code and latest versions at: https://github.com/AlmasB/FXGL
00:24:04.467 [JavaFX Application Thread] INFO  Engine               -       Ask questions and discuss at: https://github.com/AlmasB/FXGL/discussions
00:24:04.467 [JavaFX Application Thread] INFO  Engine               -              Join the FXGL chat at: https://gitter.im/AlmasB/FXGL
00:24:04.559 [JavaFX Application Thread] DEBUG PrimaryStageWindow   - Creating a JavaFX scene
00:24:04.612 [JavaFX Application Thread] DEBUG PrimaryStageWindow   - Target settings size: 1280.0 x 720.0
00:24:04.613 [JavaFX Application Thread] DEBUG PrimaryStageWindow   - Scaled scene size:    1280.0 x 720.0
00:24:04.613 [JavaFX Application Thread] DEBUG PrimaryStageWindow   - Scaled ratio: (1.0, 1.0)
00:24:04.614 [JavaFX Application Thread] DEBUG PrimaryStageWindow   - Set initial scene to FXGLStartupScene
00:24:04.619 [JavaFX Application Thread] DEBUG PrimaryStageWindow   - Opening main window
00:24:04.719 [JavaFX Application Thread] DEBUG PrimaryStageWindow   - Window border size: (16.0, 39.0)
00:24:04.719 [JavaFX Application Thread] DEBUG PrimaryStageWindow   - Scaled size: 1280.0 x 720.0
00:24:04.719 [JavaFX Application Thread] DEBUG PrimaryStageWindow   - Scaled ratio: (1.0, 1.0)
00:24:04.719 [JavaFX Application Thread] DEBUG PrimaryStageWindow   - Scene size: 1280.0 x 720.0
00:24:04.721 [JavaFX Application Thread] DEBUG PrimaryStageWindow   - Stage size: 1296.0 x 759.0
00:24:04.729 [FXGL Background Thread 1 ] DEBUG Engine               - Initializing environment variables
00:24:04.814 [FXGL Background Thread 1 ] DEBUG FXGLAssetLoaderServi - User app class for loading assets: class com.mycompany.horender.HorenderApp
00:24:04.814 [FXGL Background Thread 1 ] DEBUG GameApplicationServi - Applying CSS: fxgl_dark.css
00:24:04.815 [FXGL Background Thread 1 ] DEBUG FXGLAssetLoaderServi - Loading from file system: jar:file:///C:/Users/Priscila/.m2/repository/com/github/almasb/fxgl/21.1/fxgl-21.1.jar!/fxglassets/ui/css/fxgl_dark.css
00:24:04.868 [FXGL Background Thread 1 ] DEBUG GameApplicationServi - Initializing application scenes
00:24:04.930 [FXGL Background Thread 1 ] DEBUG GameWorld            - Game world initialized
00:24:05.025 [FXGL Background Thread 1 ] DEBUG PhysicsWorld         - Physics world initialized: appHeight=720, physics.ppm=50,0
00:24:05.026 [FXGL Background Thread 1 ] DEBUG PhysicsWorld         - Using strategy: BRUTE_FORCE
00:24:05.030 [FXGL Background Thread 1 ] DEBUG GameScene            - Game scene initialized: 1280x720
00:24:05.046 [FXGL Background Thread 1 ] DEBUG FXGL.DefaultMenu     - createMenuBodyGameMenu()
00:24:05.060 [FXGL Background Thread 1 ] DEBUG FXGL.DefaultMenu     - createOptionsMenu()
00:24:05.072 [FXGL Background Thread 1 ] DEBUG FXGLAssetLoaderServi - Loading from file system: jar:file:///C:/Users/Priscila/.m2/repository/com/github/almasb/fxgl/21.1/fxgl-21.1.jar!/fxglassets/textures/particles/smoke.png
00:24:05.175 [FXGL Background Thread 1 ] DEBUG FXGLAssetLoaderServi - Loading from file system: jar:file:///C:/Users/Priscila/.m2/repository/com/github/almasb/fxgl/21.1/fxgl-21.1.jar!/fxglassets/textures/particles/trace_horizontal.png
00:24:05.208 [FXGL Background Thread 1 ] DEBUG GameApplicationServi - Application scenes initialized
00:24:05.222 [FXGL Background Thread 1 ] DEBUG SystemBundleService  - Loading FXGL system data
00:24:05.229 [FXGL Background Thread 1 ] DEBUG FileSystemAccess     - Reading from: C:\Users\Priscila\Documents\NetBeansProjects\Horender\system\fxgl.bundle
00:24:05.239 [FXGL Background Thread 1 ] DEBUG SystemBundleService  - Bundle FXGL: {}
00:24:05.240 [FXGL Background Thread 1 ] DEBUG UpdaterService       - Checking for updates
00:24:05.245 [FXGL Background Thread 4 ] DEBUG FXGLApplication      - Loading fonts
00:24:05.245 [FXGL Background Thread 4 ] DEBUG FXGLAssetLoaderServi - Loading from file system: jar:file:///C:/Users/Priscila/.m2/repository/com/github/almasb/fxgl/21.1/fxgl-21.1.jar!/fxglassets/ui/fonts/VarelaRound-Regular.ttf
00:24:05.246 [FXGL Background Thread 1 ] DEBUG FXGLAssetLoaderServi - Loading from file system: jar:file:///C:/Users/Priscila/.m2/repository/com/github/almasb/fxgl/21.1/fxgl-21.1.jar!/fxglassets/languages/english.lang
00:24:05.268 [FXGL Background Thread 1 ] INFO  FXGLApplication      - FXGL initialization took: 0,540 sec
00:24:05.282 [JavaFX Application Thread] DEBUG Input                - Registered new binding: action0 - I
00:24:05.284 [JavaFX Application Thread] DEBUG FXGLAssetLoaderServi - Loading from file system: jar:file:///C:/Users/Priscila/.m2/repository/com/github/almasb/fxgl/21.1/fxgl-21.1.jar!/fxglassets/textures/fxgl_icon.png
00:24:05.307 [FXGL Background Thread 4 ] DEBUG FXGLAssetLoaderServi - Loading from file system: jar:file:///C:/Users/Priscila/.m2/repository/com/github/almasb/fxgl/21.1/fxgl-21.1.jar!/fxglassets/ui/fonts/Abel-Regular.ttf
00:24:05.311 [JavaFX Application Thread] DEBUG FXGLAssetLoaderServi - Loading from file system: jar:file:///C:/Users/Priscila/.m2/repository/com/github/almasb/fxgl/21.1/fxgl-21.1.jar!/fxglassets/textures/fxgl_default_cursor.png
00:24:05.315 [JavaFX Application Thread] DEBUG Input                - Registered new binding: Screenshot - CTRL+8
00:24:05.316 [JavaFX Application Thread] DEBUG Input                - Registered new binding: System info dump - CTRL+9
00:24:05.316 [JavaFX Application Thread] DEBUG Input                - Registered new binding: Restart - CTRL+R
00:24:05.318 [JavaFX Application Thread] DEBUG Input                - Registered new binding: Toggle Debug Camera - CTRL+7
00:24:05.324 [JavaFX Application Thread] DEBUG LoopRunner           - Starting loop
00:24:05.324 [JavaFX Application Thread] DEBUG LoopRunner           - Initializing JavaFX AnimationTimerLoop
00:24:05.325 [JavaFX Application Thread] DEBUG GameApplicationServi - Starting new game
00:24:05.325 [JavaFX Application Thread] DEBUG Input                - Clearing active input actions
00:24:05.332 [FXGL Background Thread 4 ] DEBUG FXGLAssetLoaderServi - Loading from file system: jar:file:///C:/Users/Priscila/.m2/repository/com/github/almasb/fxgl/21.1/fxgl-21.1.jar!/fxglassets/ui/fonts/TerminalLandMono-Regular.otf
00:24:05.345 [JavaFX Application Thread] DEBUG GameApplicationServi - Removing overlay from FXGLStartupScene and adding to FXGLLoadingScene
00:24:05.346 [JavaFX Application Thread] DEBUG PrimaryStageWindow   - FXGLStartupScene -> FXGLLoadingScene
00:24:05.346 [JavaFX Application Thread] DEBUG GameApplicationServi - Clearing previous game
00:24:05.346 [JavaFX Application Thread] DEBUG GameScene            - Clearing game scene
00:24:05.346 [JavaFX Application Thread] DEBUG GameWorld            - Clearing game world
00:24:05.347 [JavaFX Application Thread] DEBUG PhysicsWorld         - Clearing physics world
00:24:05.349 [FXGL Background Thread 1 ] DEBUG FXGLApplication      - Initializing game
00:24:05.353 [FXGL Background Thread 4 ] DEBUG FXGLAssetLoaderServi - Loading from file system: jar:file:///C:/Users/Priscila/.m2/repository/com/github/almasb/fxgl/21.1/fxgl-21.1.jar!/fxglassets/ui/fonts/Courier-Prime.ttf
00:24:05.383 [FXGL Background Thread 1 ] WARN  FXGLAssetLoaderServi - Asset "/assets/textures/IDLE.png" was not found!
00:24:05.383 [FXGL Background Thread 1 ] WARN  FXGLAssetLoaderServi - Failed to load IMAGE
00:24:05.424 [JavaFX Application Thread] DEBUG FXGLApplication      - Registering font factories with UI factory
00:24:05.847 [FXGL Background Thread 1 ] INFO  FXGLApplication      - Game initialization took: 0,498 sec
00:24:05.847 [JavaFX Application Thread] DEBUG Input                - Clearing active input actions
00:24:05.880 [JavaFX Application Thread] DEBUG GameApplicationServi - Removing overlay from FXGLLoadingScene and adding to GameScene
00:24:05.881 [JavaFX Application Thread] DEBUG PrimaryStageWindow   - FXGLLoadingScene -> GameScene
00:24:05.929 [FXGL Background Thread 2 ] INFO  UpdaterService       - Your current version:  21.1
00:24:05.929 [FXGL Background Thread 2 ] INFO  UpdaterService       - Latest stable version: 25
00:24:08.243 [FXGL Background Thread 3 ] DEBUG Engine               - Logging environment variables
00:24:08.244 [FXGL Background Thread 3 ] DEBUG Engine               - achievements: []
00:24:08.244 [FXGL Background Thread 3 ] DEBUG Engine               - actualHeight: 720.0
00:24:08.245 [FXGL Background Thread 3 ] DEBUG Engine               - actualHeightProperty: ReadOnlyDoubleProperty [value: 720.0]
00:24:08.245 [FXGL Background Thread 3 ] DEBUG Engine               - actualWidth: 1280.0
00:24:08.245 [FXGL Background Thread 3 ] DEBUG Engine               - actualWidthProperty: ReadOnlyDoubleProperty [value: 1280.0]
00:24:08.246 [FXGL Background Thread 3 ] DEBUG Engine               - appIcon: fxgl_icon.png
00:24:08.246 [FXGL Background Thread 3 ] DEBUG Engine               - applicationMode: DEVELOPER
00:24:08.246 [FXGL Background Thread 3 ] DEBUG Engine               - cSSList: [fxgl_dark.css]
00:24:08.246 [FXGL Background Thread 3 ] DEBUG Engine               - collisionDetectionStrategy: BRUTE_FORCE
00:24:08.246 [FXGL Background Thread 3 ] DEBUG Engine               - configClass: Optional.empty
00:24:08.247 [FXGL Background Thread 3 ] DEBUG Engine               - credits: []
00:24:08.248 [FXGL Background Thread 3 ] DEBUG Engine               - defaultCursor: CursorInfo(imageName=fxgl_default_cursor.png, hotspotX=7.0, hotspotY=6.0)
00:24:08.248 [FXGL Background Thread 3 ] DEBUG Engine               - devBBoxColorProperty: ObjectProperty [value: 0xff0000ff]
00:24:08.249 [FXGL Background Thread 3 ] DEBUG Engine               - devEnableDebugCameraProperty: BooleanProperty [value: false]
00:24:08.249 [FXGL Background Thread 3 ] DEBUG Engine               - devSensorColorProperty: ObjectProperty [value: 0xffff00ff]
00:24:08.249 [FXGL Background Thread 3 ] DEBUG Engine               - devShowBBoxProperty: BooleanProperty [value: false]
00:24:08.249 [FXGL Background Thread 3 ] DEBUG Engine               - devShowPositionProperty: BooleanProperty [value: false]
00:24:08.249 [FXGL Background Thread 3 ] DEBUG Engine               - enabledMenuItems: []
00:24:08.249 [FXGL Background Thread 3 ] DEBUG Engine               - engineServices: [class com.almasb.fxgl.app.services.FXGLAssetLoaderService, class com.almasb.fxgl.app.FXGLApplication$GameApplicationService, class com.almasb.fxgl.app.services.FXGLDialogService, class com.almasb.fxgl.app.services.IOTaskExecutorService, class com.almasb.fxgl.io.FileSystemService, class com.almasb.fxgl.localization.LocalizationService, class com.almasb.fxgl.app.services.SystemBundleService, class com.almasb.fxgl.profile.SaveLoadService, class com.almasb.fxgl.ui.FXGLUIFactoryServiceProvider, class com.almasb.fxgl.ui.FXGLDialogFactoryServiceProvider, class com.almasb.fxgl.audio.AudioPlayer, class com.almasb.fxgl.notification.impl.NotificationServiceProvider, class com.almasb.fxgl.achievement.AchievementService, class com.almasb.fxgl.cutscene.CutsceneService, class com.almasb.fxgl.minigames.MiniGameService, class com.almasb.fxgl.net.NetService, class com.almasb.fxgl.app.services.UpdaterService, class com.almasb.fxgl.dev.DevService]
00:24:08.250 [FXGL Background Thread 3 ] DEBUG Engine               - fontGame: Abel-Regular.ttf
00:24:08.250 [FXGL Background Thread 3 ] DEBUG Engine               - fontMono: TerminalLandMono-Regular.otf
00:24:08.250 [FXGL Background Thread 3 ] DEBUG Engine               - fontSizeScaleUI: 1.0
00:24:08.250 [FXGL Background Thread 3 ] DEBUG Engine               - fontText: Courier-Prime.ttf
00:24:08.251 [FXGL Background Thread 3 ] DEBUG Engine               - fontUI: VarelaRound-Regular.ttf
00:24:08.251 [FXGL Background Thread 3 ] DEBUG Engine               - fullScreen: BooleanProperty [value: false]
00:24:08.251 [FXGL Background Thread 3 ] DEBUG Engine               - gameDifficulty: MEDIUM
00:24:08.251 [FXGL Background Thread 3 ] DEBUG Engine               - gameDifficultyProperty: ObjectProperty [value: MEDIUM]
00:24:08.251 [FXGL Background Thread 3 ] DEBUG Engine               - globalMusicVolume: 0.5
00:24:08.252 [FXGL Background Thread 3 ] DEBUG Engine               - globalMusicVolumeProperty: DoubleProperty [value: 0.5]
00:24:08.252 [FXGL Background Thread 3 ] DEBUG Engine               - globalSoundVolume: 0.5
00:24:08.252 [FXGL Background Thread 3 ] DEBUG Engine               - globalSoundVolumeProperty: DoubleProperty [value: 0.5]
00:24:08.252 [FXGL Background Thread 3 ] DEBUG Engine               - height: 720
00:24:08.252 [FXGL Background Thread 3 ] DEBUG Engine               - is3D: false
00:24:08.252 [FXGL Background Thread 3 ] DEBUG Engine               - isAndroid: false
00:24:08.252 [FXGL Background Thread 3 ] DEBUG Engine               - isBrowser: false
00:24:08.252 [FXGL Background Thread 3 ] DEBUG Engine               - isClickFeedbackEnabled: false
00:24:08.252 [FXGL Background Thread 3 ] DEBUG Engine               - isCloseConfirmation: false
00:24:08.252 [FXGL Background Thread 3 ] DEBUG Engine               - isDesktop: true
00:24:08.253 [FXGL Background Thread 3 ] DEBUG Engine               - isDeveloperMenuEnabled: false
00:24:08.253 [FXGL Background Thread 3 ] DEBUG Engine               - isEmbedded: false
00:24:08.253 [FXGL Background Thread 3 ] DEBUG Engine               - isEntityPreloadEnabled: true
00:24:08.253 [FXGL Background Thread 3 ] DEBUG Engine               - isExperimentalTiledLargeMap: false
00:24:08.253 [FXGL Background Thread 3 ] DEBUG Engine               - isFileSystemWriteAllowed: true
00:24:08.254 [FXGL Background Thread 3 ] DEBUG Engine               - isFullScreenAllowed: false
00:24:08.254 [FXGL Background Thread 3 ] DEBUG Engine               - isFullScreenFromStart: false
00:24:08.254 [FXGL Background Thread 3 ] DEBUG Engine               - isGameMenuEnabled: true
00:24:08.254 [FXGL Background Thread 3 ] DEBUG Engine               - isIOS: false
00:24:08.254 [FXGL Background Thread 3 ] DEBUG Engine               - isIntroEnabled: false
00:24:08.254 [FXGL Background Thread 3 ] DEBUG Engine               - isLinux: false
00:24:08.255 [FXGL Background Thread 3 ] DEBUG Engine               - isMac: false
00:24:08.255 [FXGL Background Thread 3 ] DEBUG Engine               - isMainMenuEnabled: false
00:24:08.255 [FXGL Background Thread 3 ] DEBUG Engine               - isManualResizeEnabled: false
00:24:08.255 [FXGL Background Thread 3 ] DEBUG Engine               - isMobile: false
00:24:08.255 [FXGL Background Thread 3 ] DEBUG Engine               - isNative: false
00:24:08.255 [FXGL Background Thread 3 ] DEBUG Engine               - isPauseMusicWhenMinimized: true
00:24:08.256 [FXGL Background Thread 3 ] DEBUG Engine               - isPreserveResizeRatio: false
00:24:08.256 [FXGL Background Thread 3 ] DEBUG Engine               - isProfilingEnabled: false
00:24:08.256 [FXGL Background Thread 3 ] DEBUG Engine               - isScaleAffectedOnResize: true
00:24:08.256 [FXGL Background Thread 3 ] DEBUG Engine               - isSingleStep: false
00:24:08.256 [FXGL Background Thread 3 ] DEBUG Engine               - isUserProfileEnabled: false
00:24:08.256 [FXGL Background Thread 3 ] DEBUG Engine               - isWindows: true
00:24:08.256 [FXGL Background Thread 3 ] DEBUG Engine               - language: ObjectProperty [value: ENGLISH]
00:24:08.257 [FXGL Background Thread 3 ] DEBUG Engine               - menuKey: ESCAPE
00:24:08.257 [FXGL Background Thread 3 ] DEBUG Engine               - mouseSensitivity: 0.2
00:24:08.257 [FXGL Background Thread 3 ] DEBUG Engine               - notificationViewClass: class com.almasb.fxgl.notification.view.XboxNotificationView
00:24:08.257 [FXGL Background Thread 3 ] DEBUG Engine               - pixelsPerMeter: 50.0
00:24:08.257 [FXGL Background Thread 3 ] DEBUG Engine               - platform: WINDOWS
00:24:08.257 [FXGL Background Thread 3 ] DEBUG Engine               - prefHeightProperty: ReadOnlyDoubleProperty [value: 720.0]
00:24:08.257 [FXGL Background Thread 3 ] DEBUG Engine               - prefWidthProperty: ReadOnlyDoubleProperty [value: 1280.0]
00:24:08.258 [FXGL Background Thread 3 ] DEBUG Engine               - profileDir: profiles/
00:24:08.258 [FXGL Background Thread 3 ] DEBUG Engine               - profileName: StringProperty [value: DEFAULT]
00:24:08.258 [FXGL Background Thread 3 ] DEBUG Engine               - randomSeed: -1
00:24:08.259 [FXGL Background Thread 3 ] DEBUG Engine               - runtimeInfo: RuntimeInfo(platform=WINDOWS, version=21.1, build=27.03.2024 07.52)
00:24:08.259 [FXGL Background Thread 3 ] DEBUG Engine               - saveFileExt: sav
00:24:08.259 [FXGL Background Thread 3 ] DEBUG Engine               - scaledHeightProp$fxgl: DoubleProperty [bound, value: 720.0]
00:24:08.259 [FXGL Background Thread 3 ] DEBUG Engine               - scaledWidthProp$fxgl: DoubleProperty [bound, value: 1280.0]
00:24:08.259 [FXGL Background Thread 3 ] DEBUG Engine               - sceneFactory: com.almasb.fxgl.app.scene.SceneFactory@4642598b
00:24:08.259 [FXGL Background Thread 3 ] DEBUG Engine               - secondsIn24h: 60
00:24:08.259 [FXGL Background Thread 3 ] DEBUG Engine               - soundMenuBack: menu/back.wav
00:24:08.259 [FXGL Background Thread 3 ] DEBUG Engine               - soundMenuPress: menu/press.wav
00:24:08.259 [FXGL Background Thread 3 ] DEBUG Engine               - soundMenuSelect: menu/select.wav
00:24:08.259 [FXGL Background Thread 3 ] DEBUG Engine               - soundNotification: core/notification.wav
00:24:08.260 [FXGL Background Thread 3 ] DEBUG Engine               - stageStyle: DECORATED
00:24:08.260 [FXGL Background Thread 3 ] DEBUG Engine               - supportedLanguages: [ENGLISH, FRENCH, GERMAN, HUNGARIAN, RUSSIAN]
00:24:08.260 [FXGL Background Thread 3 ] DEBUG Engine               - ticksPerSecond: -1
00:24:08.260 [FXGL Background Thread 3 ] DEBUG Engine               - title: Horender
00:24:08.260 [FXGL Background Thread 3 ] DEBUG Engine               - urlGithub: https://github.com/AlmasB/FXGL
00:24:08.260 [FXGL Background Thread 3 ] DEBUG Engine               - urlLeaderboard: http://fxgl-top.herokuapp.com/
00:24:08.260 [FXGL Background Thread 3 ] DEBUG Engine               - urlPOM: https://raw.githubusercontent.com/AlmasB/FXGL/release/README.md
00:24:08.260 [FXGL Background Thread 3 ] DEBUG Engine               - userAppClass: class com.mycompany.horender.HorenderApp
00:24:08.260 [FXGL Background Thread 3 ] DEBUG Engine               - version: 0.1
00:24:08.260 [FXGL Background Thread 3 ] DEBUG Engine               - versionCheckDays: 7
00:24:08.260 [FXGL Background Thread 3 ] DEBUG Engine               - width: 1280
00:24:08.261 [FXGL Background Thread 3 ] DEBUG Engine               - Logging services
00:24:08.261 [FXGL Background Thread 3 ] DEBUG Engine               - class com.almasb.fxgl.app.services.FXGLAssetLoaderService
00:24:08.261 [FXGL Background Thread 3 ] DEBUG Engine               - class com.almasb.fxgl.app.FXGLApplication$GameApplicationService
00:24:08.261 [FXGL Background Thread 3 ] DEBUG Engine               - class com.almasb.fxgl.app.services.FXGLDialogService
00:24:08.261 [FXGL Background Thread 3 ] DEBUG Engine               - class com.almasb.fxgl.app.services.IOTaskExecutorService
00:24:08.261 [FXGL Background Thread 3 ] DEBUG Engine               - class com.almasb.fxgl.io.FileSystemService
00:24:08.261 [FXGL Background Thread 3 ] DEBUG Engine               - class com.almasb.fxgl.localization.LocalizationService
00:24:08.261 [FXGL Background Thread 3 ] DEBUG Engine               - class com.almasb.fxgl.app.services.SystemBundleService
00:24:08.261 [FXGL Background Thread 3 ] DEBUG Engine               - class com.almasb.fxgl.profile.SaveLoadService
00:24:08.261 [FXGL Background Thread 3 ] DEBUG Engine               - class com.almasb.fxgl.ui.FXGLUIFactoryServiceProvider
00:24:08.262 [FXGL Background Thread 3 ] DEBUG Engine               - class com.almasb.fxgl.ui.FXGLDialogFactoryServiceProvider
00:24:08.262 [FXGL Background Thread 3 ] DEBUG Engine               - class com.almasb.fxgl.audio.AudioPlayer
00:24:08.262 [FXGL Background Thread 3 ] DEBUG Engine               - class com.almasb.fxgl.notification.impl.NotificationServiceProvider
00:24:08.262 [FXGL Background Thread 3 ] DEBUG Engine               - class com.almasb.fxgl.achievement.AchievementService
00:24:08.262 [FXGL Background Thread 3 ] DEBUG Engine               - class com.almasb.fxgl.cutscene.CutsceneService
00:24:08.262 [FXGL Background Thread 3 ] DEBUG Engine               - class com.almasb.fxgl.minigames.MiniGameService
00:24:08.262 [FXGL Background Thread 3 ] DEBUG Engine               - class com.almasb.fxgl.net.NetService
00:24:08.262 [FXGL Background Thread 3 ] DEBUG Engine               - class com.almasb.fxgl.app.services.UpdaterService
00:24:08.262 [FXGL Background Thread 3 ] DEBUG Engine               - class com.almasb.fxgl.dev.DevService
00:32:38.129 [JavaFX Application Thread] DEBUG FXGLApplication      - Exiting FXGL
00:32:38.130 [JavaFX Application Thread] DEBUG LoopRunner           - Stopping loop
00:32:38.130 [JavaFX Application Thread] DEBUG SystemBundleService  - Saving FXGL system data
00:32:38.135 [JavaFX Application Thread] DEBUG FileSystemAccess     - Writing to: C:\Users\Priscila\Documents\NetBeansProjects\Horender\system\fxgl.bundle
00:32:38.138 [JavaFX Application Thread] DEBUG Async                - Shutting down background threads
00:32:38.140 [JavaFX Application Thread] DEBUG PrimaryStageWindow   - Closing main window
00:32:38.150 [JavaFX Application Thread] DEBUG Logger               - Closing Logger
