13:08:28.198 [main                     ] DEBUG Logger               - Configured Logger
13:08:28.233 [main                     ] DEBUG GameApplication      - Logging settings
Title: Horender
Version: 0.1
Width: 1280
Height: 720
Fullscreen: false
Intro: false
Profiling: false
Single step:false
App Mode: DEVELOPER
Menu Key: ESCAPE
Stage Style: DECORATED
Scene Factory: class com.almasb.fxgl.app.scene.SceneFactory

13:08:28.572 [JavaFX Application Thread] DEBUG FXGLApplication      - Initializing FXGL
13:08:28.579 [JavaFX Application Thread] INFO  Engine               - FXGL-21.1 (27.03.2024 07.52) on WINDOWS (J:21.0.10 FX:21.0.1)
13:08:28.579 [JavaFX Application Thread] DEBUG Engine               - JRE Vendor Name: Oracle Corporation
13:08:28.580 [JavaFX Application Thread] DEBUG Engine               - Running on OS: Windows 7 version 6.1
13:08:28.580 [JavaFX Application Thread] DEBUG Engine               - Architecture: amd64
13:08:28.580 [JavaFX Application Thread] INFO  Engine               - Source code and latest versions at: https://github.com/AlmasB/FXGL
13:08:28.580 [JavaFX Application Thread] INFO  Engine               -       Ask questions and discuss at: https://github.com/AlmasB/FXGL/discussions
13:08:28.581 [JavaFX Application Thread] INFO  Engine               -              Join the FXGL chat at: https://gitter.im/AlmasB/FXGL
13:08:28.748 [JavaFX Application Thread] DEBUG PrimaryStageWindow   - Creating a JavaFX scene
13:08:28.833 [JavaFX Application Thread] DEBUG PrimaryStageWindow   - Target settings size: 1280.0 x 720.0
13:08:28.833 [JavaFX Application Thread] DEBUG PrimaryStageWindow   - Scaled scene size:    1280.0 x 720.0
13:08:28.834 [JavaFX Application Thread] DEBUG PrimaryStageWindow   - Scaled ratio: (1.0, 1.0)
13:08:28.835 [JavaFX Application Thread] DEBUG PrimaryStageWindow   - Set initial scene to FXGLStartupScene
13:08:28.840 [JavaFX Application Thread] DEBUG PrimaryStageWindow   - Opening main window
13:08:28.935 [JavaFX Application Thread] DEBUG PrimaryStageWindow   - Window border size: (16.0, 38.0)
13:08:28.935 [JavaFX Application Thread] DEBUG PrimaryStageWindow   - Scaled size: 1280.0 x 720.0
13:08:28.935 [JavaFX Application Thread] DEBUG PrimaryStageWindow   - Scaled ratio: (1.0, 1.0)
13:08:28.936 [JavaFX Application Thread] DEBUG PrimaryStageWindow   - Scene size: 1280.0 x 720.0
13:08:28.936 [JavaFX Application Thread] DEBUG PrimaryStageWindow   - Stage size: 1296.0 x 758.0
13:08:28.946 [FXGL Background Thread 1 ] DEBUG Engine               - Initializing environment variables
13:08:29.019 [FXGL Background Thread 1 ] DEBUG FXGLAssetLoaderServi - User app class for loading assets: class com.mycompany.horender.HorenderApp
13:08:29.020 [FXGL Background Thread 1 ] DEBUG GameApplicationServi - Applying CSS: fxgl_dark.css
13:08:29.021 [FXGL Background Thread 1 ] DEBUG FXGLAssetLoaderServi - Loading from file system: jar:file:///C:/Users/aluno/.m2/repository/com/github/almasb/fxgl/21.1/fxgl-21.1.jar!/fxglassets/ui/css/fxgl_dark.css
13:08:29.091 [FXGL Background Thread 1 ] DEBUG GameApplicationServi - Initializing application scenes
13:08:29.202 [FXGL Background Thread 1 ] DEBUG GameWorld            - Game world initialized
13:08:29.308 [FXGL Background Thread 1 ] DEBUG PhysicsWorld         - Physics world initialized: appHeight=720, physics.ppm=50,0
13:08:29.308 [FXGL Background Thread 1 ] DEBUG PhysicsWorld         - Using strategy: BRUTE_FORCE
13:08:29.314 [FXGL Background Thread 1 ] DEBUG GameScene            - Game scene initialized: 1280x720
13:08:29.330 [FXGL Background Thread 1 ] DEBUG FXGL.DefaultMenu     - createMenuBodyGameMenu()
13:08:29.351 [FXGL Background Thread 1 ] DEBUG FXGL.DefaultMenu     - createOptionsMenu()
13:08:29.365 [FXGL Background Thread 1 ] DEBUG FXGLAssetLoaderServi - Loading from file system: jar:file:///C:/Users/aluno/.m2/repository/com/github/almasb/fxgl/21.1/fxgl-21.1.jar!/fxglassets/textures/particles/smoke.png
13:08:29.530 [FXGL Background Thread 1 ] DEBUG FXGLAssetLoaderServi - Loading from file system: jar:file:///C:/Users/aluno/.m2/repository/com/github/almasb/fxgl/21.1/fxgl-21.1.jar!/fxglassets/textures/particles/trace_horizontal.png
13:08:29.603 [FXGL Background Thread 1 ] DEBUG GameApplicationServi - Application scenes initialized
13:08:29.622 [FXGL Background Thread 1 ] DEBUG SystemBundleService  - Loading FXGL system data
13:08:29.627 [FXGL Background Thread 1 ] DEBUG FileSystemAccess     - Reading from: C:\Users\aluno\Documents\NetBeansProjects\Horender\system\fxgl.bundle
13:08:29.641 [FXGL Background Thread 1 ] DEBUG SystemBundleService  - Bundle FXGL: {}
13:08:29.641 [FXGL Background Thread 1 ] DEBUG UpdaterService       - Checking for updates
13:08:29.653 [FXGL Background Thread 4 ] DEBUG FXGLApplication      - Loading fonts
13:08:29.654 [FXGL Background Thread 4 ] DEBUG FXGLAssetLoaderServi - Loading from file system: jar:file:///C:/Users/aluno/.m2/repository/com/github/almasb/fxgl/21.1/fxgl-21.1.jar!/fxglassets/ui/fonts/VarelaRound-Regular.ttf
13:08:29.659 [FXGL Background Thread 1 ] DEBUG FXGLApplication      - Loading default localization
13:08:29.661 [FXGL Background Thread 1 ] DEBUG FXGLAssetLoaderServi - Loading from file system: jar:file:///C:/Users/aluno/.m2/repository/com/github/almasb/fxgl/21.1/fxgl-21.1.jar!/fxglassets/languages/english.lang
13:08:29.707 [FXGL Background Thread 1 ] INFO  FXGLApplication      - FXGL initialization took: 0,761 sec
13:08:29.721 [JavaFX Application Thread] DEBUG Input                - Registered new binding: action0 - I
13:08:29.722 [JavaFX Application Thread] DEBUG Input                - Registered new binding: action1 - A
13:08:29.722 [JavaFX Application Thread] DEBUG Input                - Registered new binding: action2 - D
13:08:29.723 [JavaFX Application Thread] DEBUG Input                - Registered new binding: action3 - Left
13:08:29.723 [JavaFX Application Thread] DEBUG Input                - Registered new binding: action4 - Right
13:08:29.724 [JavaFX Application Thread] DEBUG FXGLAssetLoaderServi - Loading from file system: jar:file:///C:/Users/aluno/.m2/repository/com/github/almasb/fxgl/21.1/fxgl-21.1.jar!/fxglassets/textures/fxgl_icon.png
13:08:29.832 [JavaFX Application Thread] DEBUG FXGLAssetLoaderServi - Loading from file system: jar:file:///C:/Users/aluno/.m2/repository/com/github/almasb/fxgl/21.1/fxgl-21.1.jar!/fxglassets/textures/fxgl_default_cursor.png
13:08:29.835 [JavaFX Application Thread] DEBUG Input                - Registered new binding: Screenshot - CTRL+8
13:08:29.836 [JavaFX Application Thread] DEBUG Input                - Registered new binding: System info dump - CTRL+9
13:08:29.836 [JavaFX Application Thread] DEBUG Input                - Registered new binding: Restart - CTRL+R
13:08:29.837 [JavaFX Application Thread] DEBUG Input                - Registered new binding: Toggle Debug Camera - CTRL+7
13:08:29.840 [JavaFX Application Thread] DEBUG LoopRunner           - Starting loop
13:08:29.840 [JavaFX Application Thread] DEBUG LoopRunner           - Initializing JavaFX AnimationTimerLoop
13:08:29.841 [JavaFX Application Thread] DEBUG GameApplicationServi - Starting new game
13:08:29.842 [JavaFX Application Thread] DEBUG Input                - Clearing active input actions
13:08:29.856 [JavaFX Application Thread] DEBUG GameApplicationServi - Removing overlay from FXGLStartupScene and adding to FXGLLoadingScene
13:08:29.857 [JavaFX Application Thread] DEBUG PrimaryStageWindow   - FXGLStartupScene -> FXGLLoadingScene
13:08:29.857 [JavaFX Application Thread] DEBUG GameApplicationServi - Clearing previous game
13:08:29.857 [JavaFX Application Thread] DEBUG GameScene            - Clearing game scene
13:08:29.857 [JavaFX Application Thread] DEBUG GameWorld            - Clearing game world
13:08:29.857 [JavaFX Application Thread] DEBUG PhysicsWorld         - Clearing physics world
13:08:29.859 [FXGL Background Thread 1 ] DEBUG FXGLApplication      - Initializing game
13:08:29.886 [FXGL Background Thread 4 ] DEBUG FXGLAssetLoaderServi - Loading from file system: jar:file:///C:/Users/aluno/.m2/repository/com/github/almasb/fxgl/21.1/fxgl-21.1.jar!/fxglassets/ui/fonts/Abel-Regular.ttf
13:08:29.959 [FXGL Background Thread 4 ] DEBUG FXGLAssetLoaderServi - Loading from file system: jar:file:///C:/Users/aluno/.m2/repository/com/github/almasb/fxgl/21.1/fxgl-21.1.jar!/fxglassets/ui/fonts/TerminalLandMono-Regular.otf
13:08:29.979 [FXGL Background Thread 4 ] DEBUG FXGLAssetLoaderServi - Loading from file system: jar:file:///C:/Users/aluno/.m2/repository/com/github/almasb/fxgl/21.1/fxgl-21.1.jar!/fxglassets/ui/fonts/Courier-Prime.ttf
13:08:30.073 [JavaFX Application Thread] DEBUG FXGLApplication      - Registering font factories with UI factory
13:08:30.178 [JavaFX Application Thread] DEBUG LoopRunner           - Stopping loop
13:08:30.183 [JavaFX Application Thread] FATAL FXGLApplication      - Uncaught Exception:
java.lang.RuntimeException: Initialization failed
	at com.almasb.fxgl.all@21.1/com.almasb.fxgl.app.FXGLApplication$InitAppTask.failed(FXGLApplication.kt:347)
	at javafx.graphics@21.0.1/javafx.concurrent.Task.setState(Task.java:710)
	at javafx.graphics@21.0.1/javafx.concurrent.Task$TaskCallable.lambda$call$2(Task.java:1429)
	at javafx.graphics@21.0.1/com.sun.javafx.application.PlatformImpl.lambda$runLater$10(PlatformImpl.java:456)
	at java.base/java.security.AccessController.doPrivileged(AccessController.java:400)
	at javafx.graphics@21.0.1/com.sun.javafx.application.PlatformImpl.lambda$runLater$11(PlatformImpl.java:455)
	at javafx.graphics@21.0.1/com.sun.glass.ui.InvokeLaterDispatcher$Future.run(InvokeLaterDispatcher.java:95)
	at javafx.graphics@21.0.1/com.sun.glass.ui.win.WinApplication._runLoop(Native Method)
	at javafx.graphics@21.0.1/com.sun.glass.ui.win.WinApplication.lambda$runLoop$3(WinApplication.java:185)
	at java.base/java.lang.Thread.run(Thread.java:1583)
Caused by: com.almasb.fxgl.core.reflect.ReflectionException: Cannot inject PlayerView() into playerView Error: java.lang.IllegalAccessException: class com.almasb.fxgl.core.reflect.ReflectionUtils (in module com.almasb.fxgl.core) cannot access a member of class com.mycompany.horender.Components.PlayerMovementComponent (in module com.mycompany.horender) with modifiers "private"
	at com.almasb.fxgl.core@21.1/com.almasb.fxgl.core.reflect.ReflectionUtils.inject(ReflectionUtils.java:203)
	at com.almasb.fxgl.entity@21.1/com.almasb.fxgl.entity.Entity.lambda$injectFields$2(Entity.java:510)
	at java.base/java.util.Optional.ifPresent(Optional.java:178)
	at com.almasb.fxgl.entity@21.1/com.almasb.fxgl.entity.Entity.lambda$injectFields$3(Entity.java:509)
	at java.base/java.lang.Iterable.forEach(Iterable.java:75)
	at com.almasb.fxgl.entity@21.1/com.almasb.fxgl.entity.Entity.injectFields(Entity.java:508)
	at com.almasb.fxgl.entity@21.1/com.almasb.fxgl.entity.Entity.addComponentNoChecks(Entity.java:399)
	at com.almasb.fxgl.entity@21.1/com.almasb.fxgl.entity.Entity.addComponent(Entity.java:393)
	at com.almasb.fxgl.all@21.1/com.almasb.fxgl.dsl.EntityBuilder.with(EntityBuilder.kt:202)
	at com.mycompany.horender@0.1/com.mycompany.horender.Factories.PlayerFactory.createPlayer(PlayerFactory.java:25)
	at com.mycompany.horender@0.1/com.mycompany.horender.Factories.HorenderFactory.newPlayer(HorenderFactory.java:19)
	at java.base/jdk.internal.reflect.DirectMethodHandleAccessor.invoke(DirectMethodHandleAccessor.java:103)
	at java.base/java.lang.reflect.Method.invoke(Method.java:580)
	at com.almasb.fxgl.core@21.1/com.almasb.fxgl.core.reflect.ReflectionUtils.call(ReflectionUtils.java:104)
	at com.almasb.fxgl.core@21.1/com.almasb.fxgl.core.reflect.ReflectionUtils.lambda$mapToFunction$3(ReflectionUtils.java:111)
	at com.almasb.fxgl.entity@21.1/com.almasb.fxgl.entity.GameWorld$create$2.invoke(GameWorld.kt:428)
	at com.almasb.fxgl.entity@21.1/com.almasb.fxgl.entity.GameWorld$create$2.invoke(GameWorld.kt:428)
	at com.almasb.fxgl.core@21.1/com.almasb.fxgl.core.util.DSLKt.tryCatchRoot(DSL.kt:34)
	at com.almasb.fxgl.entity@21.1/com.almasb.fxgl.entity.GameWorld.create(GameWorld.kt:428)
	at com.almasb.fxgl.entity@21.1/com.almasb.fxgl.entity.GameWorld.spawn(GameWorld.kt:396)
	at com.almasb.fxgl.entity@21.1/com.almasb.fxgl.entity.GameWorld.spawn(GameWorld.kt:384)
	at com.almasb.fxgl.all@21.1/com.almasb.fxgl.dsl.FXGL$Companion.spawn(FXGL.kt:566)
	at com.almasb.fxgl.all@21.1/com.almasb.fxgl.dsl.FXGL.spawn(FXGL.kt)
	at com.mycompany.horender@0.1/com.mycompany.horender.HorenderApp.initGame(HorenderApp.java:29)
	at com.almasb.fxgl.all@21.1/com.almasb.fxgl.app.FXGLApplication$InitAppTask.initGame(FXGLApplication.kt:343)
	at com.almasb.fxgl.all@21.1/com.almasb.fxgl.app.FXGLApplication$InitAppTask.call(FXGLApplication.kt:321)
	at com.almasb.fxgl.all@21.1/com.almasb.fxgl.app.FXGLApplication$InitAppTask.call(FXGLApplication.kt:313)
	at javafx.graphics@21.0.1/javafx.concurrent.Task$TaskCallable.call(Task.java:1399)
	at java.base/java.util.concurrent.FutureTask.run(FutureTask.java:317)
	at java.base/java.util.concurrent.Executors$RunnableAdapter.call(Executors.java:572)
	at java.base/java.util.concurrent.FutureTask.run(FutureTask.java:317)
	at java.base/java.util.concurrent.ThreadPoolExecutor.runWorker(ThreadPoolExecutor.java:1144)
	at java.base/java.util.concurrent.ThreadPoolExecutor$Worker.run(ThreadPoolExecutor.java:642)
	... 1 more

13:08:30.184 [JavaFX Application Thread] FATAL FXGLApplication      - Application will now exit
13:08:30.237 [JavaFX Application Thread] DEBUG PrimaryStageWindow   - Push state: ErrorSubScene
13:08:30.237 [JavaFX Application Thread] DEBUG Input                - Clearing active input actions
13:08:30.248 [JavaFX Application Thread] DEBUG GameApplicationServi - Removing overlay from FXGLLoadingScene and adding to ErrorSubScene
13:08:30.249 [JavaFX Application Thread] DEBUG PrimaryStageWindow   - FXGLLoadingScene -> ErrorSubScene
13:08:30.603 [FXGL Background Thread 2 ] INFO  UpdaterService       - Your current version:  21.1
13:08:30.603 [FXGL Background Thread 2 ] INFO  UpdaterService       - Latest stable version: 25
13:08:32.646 [FXGL Background Thread 3 ] DEBUG Engine               - Logging environment variables
13:08:32.648 [FXGL Background Thread 3 ] DEBUG Engine               - achievements: []
13:08:32.648 [FXGL Background Thread 3 ] DEBUG Engine               - actualHeight: 720.0
13:08:32.649 [FXGL Background Thread 3 ] DEBUG Engine               - actualHeightProperty: ReadOnlyDoubleProperty [value: 720.0]
13:08:32.650 [FXGL Background Thread 3 ] DEBUG Engine               - actualWidth: 1280.0
13:08:32.650 [FXGL Background Thread 3 ] DEBUG Engine               - actualWidthProperty: ReadOnlyDoubleProperty [value: 1280.0]
13:08:32.650 [FXGL Background Thread 3 ] DEBUG Engine               - appIcon: fxgl_icon.png
13:08:32.651 [FXGL Background Thread 3 ] DEBUG Engine               - applicationMode: DEVELOPER
13:08:32.651 [FXGL Background Thread 3 ] DEBUG Engine               - cSSList: [fxgl_dark.css]
13:08:32.651 [FXGL Background Thread 3 ] DEBUG Engine               - collisionDetectionStrategy: BRUTE_FORCE
13:08:32.652 [FXGL Background Thread 3 ] DEBUG Engine               - configClass: Optional.empty
13:08:32.652 [FXGL Background Thread 3 ] DEBUG Engine               - credits: []
13:08:32.653 [FXGL Background Thread 3 ] DEBUG Engine               - defaultCursor: CursorInfo(imageName=fxgl_default_cursor.png, hotspotX=7.0, hotspotY=6.0)
13:08:32.654 [FXGL Background Thread 3 ] DEBUG Engine               - devBBoxColorProperty: ObjectProperty [value: 0xff0000ff]
13:08:32.655 [FXGL Background Thread 3 ] DEBUG Engine               - devEnableDebugCameraProperty: BooleanProperty [value: false]
13:08:32.655 [FXGL Background Thread 3 ] DEBUG Engine               - devSensorColorProperty: ObjectProperty [value: 0xffff00ff]
13:08:32.655 [FXGL Background Thread 3 ] DEBUG Engine               - devShowBBoxProperty: BooleanProperty [value: false]
13:08:32.656 [FXGL Background Thread 3 ] DEBUG Engine               - devShowPositionProperty: BooleanProperty [value: false]
13:08:32.656 [FXGL Background Thread 3 ] DEBUG Engine               - enabledMenuItems: []
13:08:32.656 [FXGL Background Thread 3 ] DEBUG Engine               - engineServices: [class com.almasb.fxgl.app.services.FXGLAssetLoaderService, class com.almasb.fxgl.app.FXGLApplication$GameApplicationService, class com.almasb.fxgl.app.services.FXGLDialogService, class com.almasb.fxgl.app.services.IOTaskExecutorService, class com.almasb.fxgl.io.FileSystemService, class com.almasb.fxgl.localization.LocalizationService, class com.almasb.fxgl.app.services.SystemBundleService, class com.almasb.fxgl.profile.SaveLoadService, class com.almasb.fxgl.ui.FXGLUIFactoryServiceProvider, class com.almasb.fxgl.ui.FXGLDialogFactoryServiceProvider, class com.almasb.fxgl.audio.AudioPlayer, class com.almasb.fxgl.notification.impl.NotificationServiceProvider, class com.almasb.fxgl.achievement.AchievementService, class com.almasb.fxgl.cutscene.CutsceneService, class com.almasb.fxgl.minigames.MiniGameService, class com.almasb.fxgl.net.NetService, class com.almasb.fxgl.app.services.UpdaterService, class com.almasb.fxgl.dev.DevService]
13:08:32.657 [FXGL Background Thread 3 ] DEBUG Engine               - fontGame: Abel-Regular.ttf
13:08:32.657 [FXGL Background Thread 3 ] DEBUG Engine               - fontMono: TerminalLandMono-Regular.otf
13:08:32.657 [FXGL Background Thread 3 ] DEBUG Engine               - fontSizeScaleUI: 1.0
13:08:32.657 [FXGL Background Thread 3 ] DEBUG Engine               - fontText: Courier-Prime.ttf
13:08:32.658 [FXGL Background Thread 3 ] DEBUG Engine               - fontUI: VarelaRound-Regular.ttf
13:08:32.658 [FXGL Background Thread 3 ] DEBUG Engine               - fullScreen: BooleanProperty [value: false]
13:08:32.659 [FXGL Background Thread 3 ] DEBUG Engine               - gameDifficulty: MEDIUM
13:08:32.659 [FXGL Background Thread 3 ] DEBUG Engine               - gameDifficultyProperty: ObjectProperty [value: MEDIUM]
13:08:32.659 [FXGL Background Thread 3 ] DEBUG Engine               - globalMusicVolume: 0.5
13:08:32.660 [FXGL Background Thread 3 ] DEBUG Engine               - globalMusicVolumeProperty: DoubleProperty [value: 0.5]
13:08:32.660 [FXGL Background Thread 3 ] DEBUG Engine               - globalSoundVolume: 0.5
13:08:32.660 [FXGL Background Thread 3 ] DEBUG Engine               - globalSoundVolumeProperty: DoubleProperty [value: 0.5]
13:08:32.661 [FXGL Background Thread 3 ] DEBUG Engine               - height: 720
13:08:32.661 [FXGL Background Thread 3 ] DEBUG Engine               - is3D: false
13:08:32.661 [FXGL Background Thread 3 ] DEBUG Engine               - isAndroid: false
13:08:32.662 [FXGL Background Thread 3 ] DEBUG Engine               - isBrowser: false
13:08:32.662 [FXGL Background Thread 3 ] DEBUG Engine               - isClickFeedbackEnabled: false
13:08:32.662 [FXGL Background Thread 3 ] DEBUG Engine               - isCloseConfirmation: false
13:08:32.663 [FXGL Background Thread 3 ] DEBUG Engine               - isDesktop: true
13:08:32.663 [FXGL Background Thread 3 ] DEBUG Engine               - isDeveloperMenuEnabled: false
13:08:32.663 [FXGL Background Thread 3 ] DEBUG Engine               - isEmbedded: false
13:08:32.663 [FXGL Background Thread 3 ] DEBUG Engine               - isEntityPreloadEnabled: true
13:08:32.664 [FXGL Background Thread 3 ] DEBUG Engine               - isExperimentalTiledLargeMap: false
13:08:32.664 [FXGL Background Thread 3 ] DEBUG Engine               - isFileSystemWriteAllowed: true
13:08:32.664 [FXGL Background Thread 3 ] DEBUG Engine               - isFullScreenAllowed: false
13:08:32.664 [FXGL Background Thread 3 ] DEBUG Engine               - isFullScreenFromStart: false
13:08:32.665 [FXGL Background Thread 3 ] DEBUG Engine               - isGameMenuEnabled: true
13:08:32.665 [FXGL Background Thread 3 ] DEBUG Engine               - isIOS: false
13:08:32.665 [FXGL Background Thread 3 ] DEBUG Engine               - isIntroEnabled: false
13:08:32.666 [FXGL Background Thread 3 ] DEBUG Engine               - isLinux: false
13:08:32.666 [FXGL Background Thread 3 ] DEBUG Engine               - isMac: false
13:08:32.666 [FXGL Background Thread 3 ] DEBUG Engine               - isMainMenuEnabled: false
13:08:32.667 [FXGL Background Thread 3 ] DEBUG Engine               - isManualResizeEnabled: false
13:08:32.667 [FXGL Background Thread 3 ] DEBUG Engine               - isMobile: false
13:08:32.667 [FXGL Background Thread 3 ] DEBUG Engine               - isNative: false
13:08:32.668 [FXGL Background Thread 3 ] DEBUG Engine               - isPauseMusicWhenMinimized: true
13:08:32.668 [FXGL Background Thread 3 ] DEBUG Engine               - isPreserveResizeRatio: false
13:08:32.668 [FXGL Background Thread 3 ] DEBUG Engine               - isProfilingEnabled: false
13:08:32.669 [FXGL Background Thread 3 ] DEBUG Engine               - isScaleAffectedOnResize: true
13:08:32.669 [FXGL Background Thread 3 ] DEBUG Engine               - isSingleStep: false
13:08:32.669 [FXGL Background Thread 3 ] DEBUG Engine               - isUserProfileEnabled: false
13:08:32.669 [FXGL Background Thread 3 ] DEBUG Engine               - isWindows: true
13:08:32.670 [FXGL Background Thread 3 ] DEBUG Engine               - language: ObjectProperty [value: ENGLISH]
13:08:32.670 [FXGL Background Thread 3 ] DEBUG Engine               - menuKey: ESCAPE
13:08:32.670 [FXGL Background Thread 3 ] DEBUG Engine               - mouseSensitivity: 0.2
13:08:32.670 [FXGL Background Thread 3 ] DEBUG Engine               - notificationViewClass: class com.almasb.fxgl.notification.view.XboxNotificationView
13:08:32.671 [FXGL Background Thread 3 ] DEBUG Engine               - pixelsPerMeter: 50.0
13:08:32.671 [FXGL Background Thread 3 ] DEBUG Engine               - platform: WINDOWS
13:08:32.671 [FXGL Background Thread 3 ] DEBUG Engine               - prefHeightProperty: ReadOnlyDoubleProperty [value: 720.0]
13:08:32.671 [FXGL Background Thread 3 ] DEBUG Engine               - prefWidthProperty: ReadOnlyDoubleProperty [value: 1280.0]
13:08:32.672 [FXGL Background Thread 3 ] DEBUG Engine               - profileDir: profiles/
13:08:32.672 [FXGL Background Thread 3 ] DEBUG Engine               - profileName: StringProperty [value: DEFAULT]
13:08:32.672 [FXGL Background Thread 3 ] DEBUG Engine               - randomSeed: -1
13:08:32.673 [FXGL Background Thread 3 ] DEBUG Engine               - runtimeInfo: RuntimeInfo(platform=WINDOWS, version=21.1, build=27.03.2024 07.52)
13:08:32.673 [FXGL Background Thread 3 ] DEBUG Engine               - saveFileExt: sav
13:08:32.673 [FXGL Background Thread 3 ] DEBUG Engine               - scaledHeightProp$fxgl: DoubleProperty [bound, value: 720.0]
13:08:32.673 [FXGL Background Thread 3 ] DEBUG Engine               - scaledWidthProp$fxgl: DoubleProperty [bound, value: 1280.0]
13:08:32.673 [FXGL Background Thread 3 ] DEBUG Engine               - sceneFactory: com.almasb.fxgl.app.scene.SceneFactory@3162bb5
13:08:32.674 [FXGL Background Thread 3 ] DEBUG Engine               - secondsIn24h: 60
13:08:32.674 [FXGL Background Thread 3 ] DEBUG Engine               - soundMenuBack: menu/back.wav
13:08:32.674 [FXGL Background Thread 3 ] DEBUG Engine               - soundMenuPress: menu/press.wav
13:08:32.674 [FXGL Background Thread 3 ] DEBUG Engine               - soundMenuSelect: menu/select.wav
13:08:32.674 [FXGL Background Thread 3 ] DEBUG Engine               - soundNotification: core/notification.wav
13:08:32.674 [FXGL Background Thread 3 ] DEBUG Engine               - stageStyle: DECORATED
13:08:32.674 [FXGL Background Thread 3 ] DEBUG Engine               - supportedLanguages: [ENGLISH, FRENCH, GERMAN, HUNGARIAN, RUSSIAN]
13:08:32.675 [FXGL Background Thread 3 ] DEBUG Engine               - ticksPerSecond: -1
13:08:32.675 [FXGL Background Thread 3 ] DEBUG Engine               - title: Horender
13:08:32.675 [FXGL Background Thread 3 ] DEBUG Engine               - urlGithub: https://github.com/AlmasB/FXGL
13:08:32.675 [FXGL Background Thread 3 ] DEBUG Engine               - urlLeaderboard: http://fxgl-top.herokuapp.com/
13:08:32.675 [FXGL Background Thread 3 ] DEBUG Engine               - urlPOM: https://raw.githubusercontent.com/AlmasB/FXGL/release/README.md
13:08:32.675 [FXGL Background Thread 3 ] DEBUG Engine               - userAppClass: class com.mycompany.horender.HorenderApp
13:08:32.675 [FXGL Background Thread 3 ] DEBUG Engine               - version: 0.1
13:08:32.676 [FXGL Background Thread 3 ] DEBUG Engine               - versionCheckDays: 7
13:08:32.676 [FXGL Background Thread 3 ] DEBUG Engine               - width: 1280
13:08:32.676 [FXGL Background Thread 3 ] DEBUG Engine               - Logging services
13:08:32.676 [FXGL Background Thread 3 ] DEBUG Engine               - class com.almasb.fxgl.app.services.FXGLAssetLoaderService
13:08:32.676 [FXGL Background Thread 3 ] DEBUG Engine               - class com.almasb.fxgl.app.FXGLApplication$GameApplicationService
13:08:32.676 [FXGL Background Thread 3 ] DEBUG Engine               - class com.almasb.fxgl.app.services.FXGLDialogService
13:08:32.676 [FXGL Background Thread 3 ] DEBUG Engine               - class com.almasb.fxgl.app.services.IOTaskExecutorService
13:08:32.676 [FXGL Background Thread 3 ] DEBUG Engine               - class com.almasb.fxgl.io.FileSystemService
13:08:32.676 [FXGL Background Thread 3 ] DEBUG Engine               - class com.almasb.fxgl.localization.LocalizationService
13:08:32.677 [FXGL Background Thread 3 ] DEBUG Engine               - class com.almasb.fxgl.app.services.SystemBundleService
13:08:32.677 [FXGL Background Thread 3 ] DEBUG Engine               - class com.almasb.fxgl.profile.SaveLoadService
13:08:32.677 [FXGL Background Thread 3 ] DEBUG Engine               - class com.almasb.fxgl.ui.FXGLUIFactoryServiceProvider
13:08:32.677 [FXGL Background Thread 3 ] DEBUG Engine               - class com.almasb.fxgl.ui.FXGLDialogFactoryServiceProvider
13:08:32.677 [FXGL Background Thread 3 ] DEBUG Engine               - class com.almasb.fxgl.audio.AudioPlayer
13:08:32.677 [FXGL Background Thread 3 ] DEBUG Engine               - class com.almasb.fxgl.notification.impl.NotificationServiceProvider
13:08:32.677 [FXGL Background Thread 3 ] DEBUG Engine               - class com.almasb.fxgl.achievement.AchievementService
13:08:32.677 [FXGL Background Thread 3 ] DEBUG Engine               - class com.almasb.fxgl.cutscene.CutsceneService
13:08:32.677 [FXGL Background Thread 3 ] DEBUG Engine               - class com.almasb.fxgl.minigames.MiniGameService
13:08:32.677 [FXGL Background Thread 3 ] DEBUG Engine               - class com.almasb.fxgl.net.NetService
13:08:32.678 [FXGL Background Thread 3 ] DEBUG Engine               - class com.almasb.fxgl.app.services.UpdaterService
13:08:32.678 [FXGL Background Thread 3 ] DEBUG Engine               - class com.almasb.fxgl.dev.DevService
13:08:59.049 [JavaFX Application Thread] DEBUG FXGLApplication      - Exiting FXGL
13:08:59.050 [JavaFX Application Thread] DEBUG Async                - Shutting down background threads
13:08:59.050 [JavaFX Application Thread] DEBUG PrimaryStageWindow   - Closing main window
13:08:59.057 [JavaFX Application Thread] DEBUG Logger               - Closing Logger
