00:23:47.680 [main                     ] DEBUG Logger               - Configured Logger
00:23:47.709 [main                     ] DEBUG GameApplication      - Logging settings
Title: Horender
Version: 0.1
Width: 1280
Height: 720
Fullscreen: false
Intro: false
Profiling: false
Single step:false
App Mode: DEVELOPER
Menu Key: ESCAPE
Stage Style: DECORATED
Scene Factory: class com.almasb.fxgl.app.scene.SceneFactory

00:23:48.007 [JavaFX Application Thread] DEBUG FXGLApplication      - Initializing FXGL
00:23:48.010 [JavaFX Application Thread] INFO  Engine               - FXGL-21.1 (27.03.2024 07.52) on WINDOWS (J:21.0.11 FX:21.0.1)
00:23:48.011 [JavaFX Application Thread] DEBUG Engine               - JRE Vendor Name: Oracle Corporation
00:23:48.011 [JavaFX Application Thread] DEBUG Engine               - Running on OS: Windows 11 version 10.0
00:23:48.011 [JavaFX Application Thread] DEBUG Engine               - Architecture: amd64
00:23:48.012 [JavaFX Application Thread] INFO  Engine               - Source code and latest versions at: https://github.com/AlmasB/FXGL
00:23:48.012 [JavaFX Application Thread] INFO  Engine               -       Ask questions and discuss at: https://github.com/AlmasB/FXGL/discussions
00:23:48.012 [JavaFX Application Thread] INFO  Engine               -              Join the FXGL chat at: https://gitter.im/AlmasB/FXGL
00:23:48.098 [JavaFX Application Thread] DEBUG PrimaryStageWindow   - Creating a JavaFX scene
00:23:48.151 [JavaFX Application Thread] DEBUG PrimaryStageWindow   - Target settings size: 1280.0 x 720.0
00:23:48.151 [JavaFX Application Thread] DEBUG PrimaryStageWindow   - Scaled scene size:    1280.0 x 720.0
00:23:48.151 [JavaFX Application Thread] DEBUG PrimaryStageWindow   - Scaled ratio: (1.0, 1.0)
00:23:48.153 [JavaFX Application Thread] DEBUG PrimaryStageWindow   - Set initial scene to FXGLStartupScene
00:23:48.156 [JavaFX Application Thread] DEBUG PrimaryStageWindow   - Opening main window
00:23:48.248 [JavaFX Application Thread] DEBUG PrimaryStageWindow   - Window border size: (16.0, 39.0)
00:23:48.250 [JavaFX Application Thread] DEBUG PrimaryStageWindow   - Scaled size: 1280.0 x 720.0
00:23:48.250 [JavaFX Application Thread] DEBUG PrimaryStageWindow   - Scaled ratio: (1.0, 1.0)
00:23:48.250 [JavaFX Application Thread] DEBUG PrimaryStageWindow   - Scene size: 1280.0 x 720.0
00:23:48.252 [JavaFX Application Thread] DEBUG PrimaryStageWindow   - Stage size: 1296.0 x 759.0
00:23:48.258 [FXGL Background Thread 1 ] DEBUG Engine               - Initializing environment variables
00:23:48.331 [FXGL Background Thread 1 ] DEBUG FXGLAssetLoaderServi - User app class for loading assets: class com.mycompany.horender.HorenderApp
00:23:48.331 [FXGL Background Thread 1 ] DEBUG GameApplicationServi - Applying CSS: fxgl_dark.css
00:23:48.331 [FXGL Background Thread 1 ] DEBUG FXGLAssetLoaderServi - Loading from file system: jar:file:///C:/Users/Priscila/.m2/repository/com/github/almasb/fxgl/21.1/fxgl-21.1.jar!/fxglassets/ui/css/fxgl_dark.css
00:23:48.383 [FXGL Background Thread 1 ] DEBUG GameApplicationServi - Initializing application scenes
00:23:48.429 [FXGL Background Thread 1 ] DEBUG GameWorld            - Game world initialized
00:23:48.511 [FXGL Background Thread 1 ] DEBUG PhysicsWorld         - Physics world initialized: appHeight=720, physics.ppm=50,0
00:23:48.511 [FXGL Background Thread 1 ] DEBUG PhysicsWorld         - Using strategy: BRUTE_FORCE
00:23:48.514 [FXGL Background Thread 1 ] DEBUG GameScene            - Game scene initialized: 1280x720
00:23:48.527 [FXGL Background Thread 1 ] DEBUG FXGL.DefaultMenu     - createMenuBodyGameMenu()
00:23:48.539 [FXGL Background Thread 1 ] DEBUG FXGL.DefaultMenu     - createOptionsMenu()
00:23:48.547 [FXGL Background Thread 1 ] DEBUG FXGLAssetLoaderServi - Loading from file system: jar:file:///C:/Users/Priscila/.m2/repository/com/github/almasb/fxgl/21.1/fxgl-21.1.jar!/fxglassets/textures/particles/smoke.png
00:23:48.633 [FXGL Background Thread 1 ] DEBUG FXGLAssetLoaderServi - Loading from file system: jar:file:///C:/Users/Priscila/.m2/repository/com/github/almasb/fxgl/21.1/fxgl-21.1.jar!/fxglassets/textures/particles/trace_horizontal.png
00:23:48.668 [FXGL Background Thread 1 ] DEBUG GameApplicationServi - Application scenes initialized
00:23:48.681 [FXGL Background Thread 1 ] DEBUG SystemBundleService  - Loading FXGL system data
00:23:48.686 [FXGL Background Thread 1 ] DEBUG FileSystemAccess     - Reading from: C:\Users\Priscila\Documents\NetBeansProjects\Horender\system\fxgl.bundle
00:23:48.697 [FXGL Background Thread 1 ] DEBUG SystemBundleService  - Bundle FXGL: {}
00:23:48.697 [FXGL Background Thread 1 ] DEBUG UpdaterService       - Checking for updates
00:23:48.703 [FXGL Background Thread 4 ] DEBUG FXGLApplication      - Loading fonts
00:23:48.704 [FXGL Background Thread 1 ] DEBUG FXGLApplication      - Loading default localization
00:23:48.704 [FXGL Background Thread 4 ] DEBUG FXGLAssetLoaderServi - Loading from file system: jar:file:///C:/Users/Priscila/.m2/repository/com/github/almasb/fxgl/21.1/fxgl-21.1.jar!/fxglassets/ui/fonts/VarelaRound-Regular.ttf
00:23:48.705 [FXGL Background Thread 1 ] DEBUG FXGLAssetLoaderServi - Loading from file system: jar:file:///C:/Users/Priscila/.m2/repository/com/github/almasb/fxgl/21.1/fxgl-21.1.jar!/fxglassets/languages/english.lang
00:23:48.728 [FXGL Background Thread 1 ] INFO  FXGLApplication      - FXGL initialization took: 0,470 sec
00:23:48.744 [JavaFX Application Thread] DEBUG Input                - Registered new binding: action0 - I
00:23:48.744 [JavaFX Application Thread] DEBUG FXGLAssetLoaderServi - Loading from file system: jar:file:///C:/Users/Priscila/.m2/repository/com/github/almasb/fxgl/21.1/fxgl-21.1.jar!/fxglassets/textures/fxgl_icon.png
00:23:48.766 [JavaFX Application Thread] DEBUG FXGLAssetLoaderServi - Loading from file system: jar:file:///C:/Users/Priscila/.m2/repository/com/github/almasb/fxgl/21.1/fxgl-21.1.jar!/fxglassets/textures/fxgl_default_cursor.png
00:23:48.769 [JavaFX Application Thread] DEBUG Input                - Registered new binding: Screenshot - CTRL+8
00:23:48.770 [FXGL Background Thread 4 ] DEBUG FXGLAssetLoaderServi - Loading from file system: jar:file:///C:/Users/Priscila/.m2/repository/com/github/almasb/fxgl/21.1/fxgl-21.1.jar!/fxglassets/ui/fonts/Abel-Regular.ttf
00:23:48.771 [JavaFX Application Thread] DEBUG Input                - Registered new binding: System info dump - CTRL+9
00:23:48.773 [JavaFX Application Thread] DEBUG Input                - Registered new binding: Restart - CTRL+R
00:23:48.774 [JavaFX Application Thread] DEBUG Input                - Registered new binding: Toggle Debug Camera - CTRL+7
00:23:48.779 [JavaFX Application Thread] DEBUG LoopRunner           - Starting loop
00:23:48.779 [JavaFX Application Thread] DEBUG LoopRunner           - Initializing JavaFX AnimationTimerLoop
00:23:48.780 [JavaFX Application Thread] DEBUG GameApplicationServi - Starting new game
00:23:48.781 [JavaFX Application Thread] DEBUG Input                - Clearing active input actions
00:23:48.793 [FXGL Background Thread 4 ] DEBUG FXGLAssetLoaderServi - Loading from file system: jar:file:///C:/Users/Priscila/.m2/repository/com/github/almasb/fxgl/21.1/fxgl-21.1.jar!/fxglassets/ui/fonts/TerminalLandMono-Regular.otf
00:23:48.797 [JavaFX Application Thread] DEBUG GameApplicationServi - Removing overlay from FXGLStartupScene and adding to FXGLLoadingScene
00:23:48.798 [JavaFX Application Thread] DEBUG PrimaryStageWindow   - FXGLStartupScene -> FXGLLoadingScene
00:23:48.798 [JavaFX Application Thread] DEBUG GameApplicationServi - Clearing previous game
00:23:48.798 [JavaFX Application Thread] DEBUG GameScene            - Clearing game scene
00:23:48.798 [JavaFX Application Thread] DEBUG GameWorld            - Clearing game world
00:23:48.798 [JavaFX Application Thread] DEBUG PhysicsWorld         - Clearing physics world
00:23:48.800 [FXGL Background Thread 1 ] DEBUG FXGLApplication      - Initializing game
00:23:48.814 [FXGL Background Thread 4 ] DEBUG FXGLAssetLoaderServi - Loading from file system: jar:file:///C:/Users/Priscila/.m2/repository/com/github/almasb/fxgl/21.1/fxgl-21.1.jar!/fxglassets/ui/fonts/Courier-Prime.ttf
00:23:48.849 [FXGL Background Thread 1 ] WARN  FXGLAssetLoaderServi - Asset "/assets/textures/IDLE.png" was not found!
00:23:48.849 [FXGL Background Thread 1 ] WARN  FXGLAssetLoaderServi - Failed to load IMAGE
00:23:48.863 [JavaFX Application Thread] DEBUG FXGLApplication      - Registering font factories with UI factory
00:23:49.330 [FXGL Background Thread 1 ] INFO  FXGLApplication      - Game initialization took: 0,530 sec
00:23:49.342 [JavaFX Application Thread] DEBUG Input                - Clearing active input actions
00:23:49.381 [JavaFX Application Thread] DEBUG GameApplicationServi - Removing overlay from FXGLLoadingScene and adding to GameScene
00:23:49.382 [JavaFX Application Thread] DEBUG PrimaryStageWindow   - FXGLLoadingScene -> GameScene
00:23:49.428 [FXGL Background Thread 2 ] INFO  UpdaterService       - Your current version:  21.1
00:23:49.430 [FXGL Background Thread 2 ] INFO  UpdaterService       - Latest stable version: 25
00:23:51.702 [FXGL Background Thread 3 ] DEBUG Engine               - Logging environment variables
00:23:51.703 [FXGL Background Thread 3 ] DEBUG Engine               - achievements: []
00:23:51.703 [FXGL Background Thread 3 ] DEBUG Engine               - actualHeight: 720.0
00:23:51.703 [FXGL Background Thread 3 ] DEBUG Engine               - actualHeightProperty: ReadOnlyDoubleProperty [value: 720.0]
00:23:51.703 [FXGL Background Thread 3 ] DEBUG Engine               - actualWidth: 1280.0
00:23:51.703 [FXGL Background Thread 3 ] DEBUG Engine               - actualWidthProperty: ReadOnlyDoubleProperty [value: 1280.0]
00:23:51.703 [FXGL Background Thread 3 ] DEBUG Engine               - appIcon: fxgl_icon.png
00:23:51.703 [FXGL Background Thread 3 ] DEBUG Engine               - applicationMode: DEVELOPER
00:23:51.704 [FXGL Background Thread 3 ] DEBUG Engine               - cSSList: [fxgl_dark.css]
00:23:51.704 [FXGL Background Thread 3 ] DEBUG Engine               - collisionDetectionStrategy: BRUTE_FORCE
00:23:51.704 [FXGL Background Thread 3 ] DEBUG Engine               - configClass: Optional.empty
00:23:51.704 [FXGL Background Thread 3 ] DEBUG Engine               - credits: []
00:23:51.705 [FXGL Background Thread 3 ] DEBUG Engine               - defaultCursor: CursorInfo(imageName=fxgl_default_cursor.png, hotspotX=7.0, hotspotY=6.0)
00:23:51.705 [FXGL Background Thread 3 ] DEBUG Engine               - devBBoxColorProperty: ObjectProperty [value: 0xff0000ff]
00:23:51.705 [FXGL Background Thread 3 ] DEBUG Engine               - devEnableDebugCameraProperty: BooleanProperty [value: false]
00:23:51.705 [FXGL Background Thread 3 ] DEBUG Engine               - devSensorColorProperty: ObjectProperty [value: 0xffff00ff]
00:23:51.706 [FXGL Background Thread 3 ] DEBUG Engine               - devShowBBoxProperty: BooleanProperty [value: false]
00:23:51.706 [FXGL Background Thread 3 ] DEBUG Engine               - devShowPositionProperty: BooleanProperty [value: false]
00:23:51.706 [FXGL Background Thread 3 ] DEBUG Engine               - enabledMenuItems: []
00:23:51.706 [FXGL Background Thread 3 ] DEBUG Engine               - engineServices: [class com.almasb.fxgl.app.services.FXGLAssetLoaderService, class com.almasb.fxgl.app.FXGLApplication$GameApplicationService, class com.almasb.fxgl.app.services.FXGLDialogService, class com.almasb.fxgl.app.services.IOTaskExecutorService, class com.almasb.fxgl.io.FileSystemService, class com.almasb.fxgl.localization.LocalizationService, class com.almasb.fxgl.app.services.SystemBundleService, class com.almasb.fxgl.profile.SaveLoadService, class com.almasb.fxgl.ui.FXGLUIFactoryServiceProvider, class com.almasb.fxgl.ui.FXGLDialogFactoryServiceProvider, class com.almasb.fxgl.audio.AudioPlayer, class com.almasb.fxgl.notification.impl.NotificationServiceProvider, class com.almasb.fxgl.achievement.AchievementService, class com.almasb.fxgl.cutscene.CutsceneService, class com.almasb.fxgl.minigames.MiniGameService, class com.almasb.fxgl.net.NetService, class com.almasb.fxgl.app.services.UpdaterService, class com.almasb.fxgl.dev.DevService]
00:23:51.706 [FXGL Background Thread 3 ] DEBUG Engine               - fontGame: Abel-Regular.ttf
00:23:51.706 [FXGL Background Thread 3 ] DEBUG Engine               - fontMono: TerminalLandMono-Regular.otf
00:23:51.706 [FXGL Background Thread 3 ] DEBUG Engine               - fontSizeScaleUI: 1.0
00:23:51.706 [FXGL Background Thread 3 ] DEBUG Engine               - fontText: Courier-Prime.ttf
00:23:51.706 [FXGL Background Thread 3 ] DEBUG Engine               - fontUI: VarelaRound-Regular.ttf
00:23:51.706 [FXGL Background Thread 3 ] DEBUG Engine               - fullScreen: BooleanProperty [value: false]
00:23:51.706 [FXGL Background Thread 3 ] DEBUG Engine               - gameDifficulty: MEDIUM
00:23:51.706 [FXGL Background Thread 3 ] DEBUG Engine               - gameDifficultyProperty: ObjectProperty [value: MEDIUM]
00:23:51.706 [FXGL Background Thread 3 ] DEBUG Engine               - globalMusicVolume: 0.5
00:23:51.706 [FXGL Background Thread 3 ] DEBUG Engine               - globalMusicVolumeProperty: DoubleProperty [value: 0.5]
00:23:51.706 [FXGL Background Thread 3 ] DEBUG Engine               - globalSoundVolume: 0.5
00:23:51.707 [FXGL Background Thread 3 ] DEBUG Engine               - globalSoundVolumeProperty: DoubleProperty [value: 0.5]
00:23:51.707 [FXGL Background Thread 3 ] DEBUG Engine               - height: 720
00:23:51.707 [FXGL Background Thread 3 ] DEBUG Engine               - is3D: false
00:23:51.707 [FXGL Background Thread 3 ] DEBUG Engine               - isAndroid: false
00:23:51.707 [FXGL Background Thread 3 ] DEBUG Engine               - isBrowser: false
00:23:51.707 [FXGL Background Thread 3 ] DEBUG Engine               - isClickFeedbackEnabled: false
00:23:51.707 [FXGL Background Thread 3 ] DEBUG Engine               - isCloseConfirmation: false
00:23:51.707 [FXGL Background Thread 3 ] DEBUG Engine               - isDesktop: true
00:23:51.707 [FXGL Background Thread 3 ] DEBUG Engine               - isDeveloperMenuEnabled: false
00:23:51.707 [FXGL Background Thread 3 ] DEBUG Engine               - isEmbedded: false
00:23:51.707 [FXGL Background Thread 3 ] DEBUG Engine               - isEntityPreloadEnabled: true
00:23:51.707 [FXGL Background Thread 3 ] DEBUG Engine               - isExperimentalTiledLargeMap: false
00:23:51.707 [FXGL Background Thread 3 ] DEBUG Engine               - isFileSystemWriteAllowed: true
00:23:51.707 [FXGL Background Thread 3 ] DEBUG Engine               - isFullScreenAllowed: false
00:23:51.707 [FXGL Background Thread 3 ] DEBUG Engine               - isFullScreenFromStart: false
00:23:51.707 [FXGL Background Thread 3 ] DEBUG Engine               - isGameMenuEnabled: true
00:23:51.707 [FXGL Background Thread 3 ] DEBUG Engine               - isIOS: false
00:23:51.707 [FXGL Background Thread 3 ] DEBUG Engine               - isIntroEnabled: false
00:23:51.707 [FXGL Background Thread 3 ] DEBUG Engine               - isLinux: false
00:23:51.707 [FXGL Background Thread 3 ] DEBUG Engine               - isMac: false
00:23:51.708 [FXGL Background Thread 3 ] DEBUG Engine               - isMainMenuEnabled: false
00:23:51.708 [FXGL Background Thread 3 ] DEBUG Engine               - isManualResizeEnabled: false
00:23:51.708 [FXGL Background Thread 3 ] DEBUG Engine               - isMobile: false
00:23:51.708 [FXGL Background Thread 3 ] DEBUG Engine               - isNative: false
00:23:51.708 [FXGL Background Thread 3 ] DEBUG Engine               - isPauseMusicWhenMinimized: true
00:23:51.708 [FXGL Background Thread 3 ] DEBUG Engine               - isPreserveResizeRatio: false
00:23:51.708 [FXGL Background Thread 3 ] DEBUG Engine               - isProfilingEnabled: false
00:23:51.708 [FXGL Background Thread 3 ] DEBUG Engine               - isScaleAffectedOnResize: true
00:23:51.708 [FXGL Background Thread 3 ] DEBUG Engine               - isSingleStep: false
00:23:51.708 [FXGL Background Thread 3 ] DEBUG Engine               - isUserProfileEnabled: false
00:23:51.708 [FXGL Background Thread 3 ] DEBUG Engine               - isWindows: true
00:23:51.708 [FXGL Background Thread 3 ] DEBUG Engine               - language: ObjectProperty [value: ENGLISH]
00:23:51.708 [FXGL Background Thread 3 ] DEBUG Engine               - menuKey: ESCAPE
00:23:51.708 [FXGL Background Thread 3 ] DEBUG Engine               - mouseSensitivity: 0.2
00:23:51.708 [FXGL Background Thread 3 ] DEBUG Engine               - notificationViewClass: class com.almasb.fxgl.notification.view.XboxNotificationView
00:23:51.708 [FXGL Background Thread 3 ] DEBUG Engine               - pixelsPerMeter: 50.0
00:23:51.708 [FXGL Background Thread 3 ] DEBUG Engine               - platform: WINDOWS
00:23:51.708 [FXGL Background Thread 3 ] DEBUG Engine               - prefHeightProperty: ReadOnlyDoubleProperty [value: 720.0]
00:23:51.708 [FXGL Background Thread 3 ] DEBUG Engine               - prefWidthProperty: ReadOnlyDoubleProperty [value: 1280.0]
00:23:51.709 [FXGL Background Thread 3 ] DEBUG Engine               - profileDir: profiles/
00:23:51.709 [FXGL Background Thread 3 ] DEBUG Engine               - profileName: StringProperty [value: DEFAULT]
00:23:51.709 [FXGL Background Thread 3 ] DEBUG Engine               - randomSeed: -1
00:23:51.709 [FXGL Background Thread 3 ] DEBUG Engine               - runtimeInfo: RuntimeInfo(platform=WINDOWS, version=21.1, build=27.03.2024 07.52)
00:23:51.709 [FXGL Background Thread 3 ] DEBUG Engine               - saveFileExt: sav
00:23:51.709 [FXGL Background Thread 3 ] DEBUG Engine               - scaledHeightProp$fxgl: DoubleProperty [bound, value: 720.0]
00:23:51.709 [FXGL Background Thread 3 ] DEBUG Engine               - scaledWidthProp$fxgl: DoubleProperty [bound, value: 1280.0]
00:23:51.709 [FXGL Background Thread 3 ] DEBUG Engine               - sceneFactory: com.almasb.fxgl.app.scene.SceneFactory@3dbe8a84
00:23:51.709 [FXGL Background Thread 3 ] DEBUG Engine               - secondsIn24h: 60
00:23:51.709 [FXGL Background Thread 3 ] DEBUG Engine               - soundMenuBack: menu/back.wav
00:23:51.709 [FXGL Background Thread 3 ] DEBUG Engine               - soundMenuPress: menu/press.wav
00:23:51.710 [FXGL Background Thread 3 ] DEBUG Engine               - soundMenuSelect: menu/select.wav
00:23:51.710 [FXGL Background Thread 3 ] DEBUG Engine               - soundNotification: core/notification.wav
00:23:51.710 [FXGL Background Thread 3 ] DEBUG Engine               - stageStyle: DECORATED
00:23:51.710 [FXGL Background Thread 3 ] DEBUG Engine               - supportedLanguages: [ENGLISH, FRENCH, GERMAN, HUNGARIAN, RUSSIAN]
00:23:51.710 [FXGL Background Thread 3 ] DEBUG Engine               - ticksPerSecond: -1
00:23:51.710 [FXGL Background Thread 3 ] DEBUG Engine               - title: Horender
00:23:51.710 [FXGL Background Thread 3 ] DEBUG Engine               - urlGithub: https://github.com/AlmasB/FXGL
00:23:51.710 [FXGL Background Thread 3 ] DEBUG Engine               - urlLeaderboard: http://fxgl-top.herokuapp.com/
00:23:51.710 [FXGL Background Thread 3 ] DEBUG Engine               - urlPOM: https://raw.githubusercontent.com/AlmasB/FXGL/release/README.md
00:23:51.710 [FXGL Background Thread 3 ] DEBUG Engine               - userAppClass: class com.mycompany.horender.HorenderApp
00:23:51.710 [FXGL Background Thread 3 ] DEBUG Engine               - version: 0.1
00:23:51.710 [FXGL Background Thread 3 ] DEBUG Engine               - versionCheckDays: 7
00:23:51.710 [FXGL Background Thread 3 ] DEBUG Engine               - width: 1280
00:23:51.710 [FXGL Background Thread 3 ] DEBUG Engine               - Logging services
00:23:51.710 [FXGL Background Thread 3 ] DEBUG Engine               - class com.almasb.fxgl.app.services.FXGLAssetLoaderService
00:23:51.710 [FXGL Background Thread 3 ] DEBUG Engine               - class com.almasb.fxgl.app.FXGLApplication$GameApplicationService
00:23:51.710 [FXGL Background Thread 3 ] DEBUG Engine               - class com.almasb.fxgl.app.services.FXGLDialogService
00:23:51.711 [FXGL Background Thread 3 ] DEBUG Engine               - class com.almasb.fxgl.app.services.IOTaskExecutorService
00:23:51.711 [FXGL Background Thread 3 ] DEBUG Engine               - class com.almasb.fxgl.io.FileSystemService
00:23:51.711 [FXGL Background Thread 3 ] DEBUG Engine               - class com.almasb.fxgl.localization.LocalizationService
00:23:51.711 [FXGL Background Thread 3 ] DEBUG Engine               - class com.almasb.fxgl.app.services.SystemBundleService
00:23:51.711 [FXGL Background Thread 3 ] DEBUG Engine               - class com.almasb.fxgl.profile.SaveLoadService
00:23:51.711 [FXGL Background Thread 3 ] DEBUG Engine               - class com.almasb.fxgl.ui.FXGLUIFactoryServiceProvider
00:23:51.711 [FXGL Background Thread 3 ] DEBUG Engine               - class com.almasb.fxgl.ui.FXGLDialogFactoryServiceProvider
00:23:51.711 [FXGL Background Thread 3 ] DEBUG Engine               - class com.almasb.fxgl.audio.AudioPlayer
00:23:51.711 [FXGL Background Thread 3 ] DEBUG Engine               - class com.almasb.fxgl.notification.impl.NotificationServiceProvider
00:23:51.711 [FXGL Background Thread 3 ] DEBUG Engine               - class com.almasb.fxgl.achievement.AchievementService
00:23:51.711 [FXGL Background Thread 3 ] DEBUG Engine               - class com.almasb.fxgl.cutscene.CutsceneService
00:23:51.711 [FXGL Background Thread 3 ] DEBUG Engine               - class com.almasb.fxgl.minigames.MiniGameService
00:23:51.711 [FXGL Background Thread 3 ] DEBUG Engine               - class com.almasb.fxgl.net.NetService
00:23:51.711 [FXGL Background Thread 3 ] DEBUG Engine               - class com.almasb.fxgl.app.services.UpdaterService
00:23:51.711 [FXGL Background Thread 3 ] DEBUG Engine               - class com.almasb.fxgl.dev.DevService
00:23:52.633 [JavaFX Application Thread] DEBUG LoopRunner           - Pausing loop
00:32:33.296 [JavaFX Application Thread] DEBUG FXGLApplication      - Exiting FXGL
00:32:33.297 [JavaFX Application Thread] DEBUG LoopRunner           - Stopping loop
00:32:33.297 [JavaFX Application Thread] DEBUG SystemBundleService  - Saving FXGL system data
00:32:33.308 [JavaFX Application Thread] DEBUG FileSystemAccess     - Writing to: C:\Users\Priscila\Documents\NetBeansProjects\Horender\system\fxgl.bundle
00:32:33.312 [JavaFX Application Thread] DEBUG Async                - Shutting down background threads
00:32:33.313 [JavaFX Application Thread] DEBUG PrimaryStageWindow   - Closing main window
00:32:33.330 [JavaFX Application Thread] DEBUG Logger               - Closing Logger
