13:23:42.769 [main                     ] DEBUG Logger               - Configured Logger
13:23:42.817 [main                     ] DEBUG GameApplication      - Logging settings
Title: Horender
Version: 0.1
Width: 800
Height: 600
Fullscreen: false
Intro: false
Profiling: false
Single step:false
App Mode: DEVELOPER
Menu Key: ESCAPE
Stage Style: DECORATED
Scene Factory: class com.almasb.fxgl.app.scene.SceneFactory

13:23:43.470 [JavaFX Application Thread] DEBUG FXGLApplication      - Initializing FXGL
13:23:43.478 [JavaFX Application Thread] INFO  Engine               - FXGL-21 (28.12.2023 13.35) on WINDOWS (J:21.0.11 FX:21.0.1)
13:23:43.479 [JavaFX Application Thread] DEBUG Engine               - JRE Vendor Name: Oracle Corporation
13:23:43.480 [JavaFX Application Thread] DEBUG Engine               - Running on OS: Windows 11 version 10.0
13:23:43.480 [JavaFX Application Thread] DEBUG Engine               - Architecture: amd64
13:23:43.480 [JavaFX Application Thread] INFO  Engine               - Source code and latest versions at: https://github.com/AlmasB/FXGL
13:23:43.481 [JavaFX Application Thread] INFO  Engine               -       Ask questions and discuss at: https://github.com/AlmasB/FXGL/discussions
13:23:43.481 [JavaFX Application Thread] INFO  Engine               -              Join the FXGL chat at: https://gitter.im/AlmasB/FXGL
13:23:43.660 [JavaFX Application Thread] DEBUG PrimaryStageWindow   - Creating a JavaFX scene
13:23:43.768 [JavaFX Application Thread] DEBUG PrimaryStageWindow   - Target settings size: 800.0 x 600.0
13:23:43.769 [JavaFX Application Thread] DEBUG PrimaryStageWindow   - Scaled scene size:    800.0 x 600.0
13:23:43.769 [JavaFX Application Thread] DEBUG PrimaryStageWindow   - Scaled ratio: (1.0, 1.0)
13:23:43.771 [JavaFX Application Thread] DEBUG PrimaryStageWindow   - Set initial scene to FXGLStartupScene
13:23:43.777 [JavaFX Application Thread] DEBUG PrimaryStageWindow   - Opening main window
13:23:43.963 [JavaFX Application Thread] DEBUG PrimaryStageWindow   - Window border size: (16.0, 39.0)
13:23:43.963 [JavaFX Application Thread] DEBUG PrimaryStageWindow   - Scaled size: 800.0 x 600.0
13:23:43.965 [JavaFX Application Thread] DEBUG PrimaryStageWindow   - Scaled ratio: (1.0, 1.0)
13:23:43.965 [JavaFX Application Thread] DEBUG PrimaryStageWindow   - Scene size: 800.0 x 600.0
13:23:43.966 [JavaFX Application Thread] DEBUG PrimaryStageWindow   - Stage size: 816.0 x 639.0
13:23:43.979 [FXGL Background Thread 1 ] DEBUG Engine               - Initializing environment variables
13:23:44.120 [FXGL Background Thread 1 ] DEBUG FXGLAssetLoaderServi - User app class for loading assets: class com.mycompany.horender.HorenderApp
13:23:44.121 [FXGL Background Thread 1 ] DEBUG GameApplicationServi - Applying CSS: fxgl_dark.css
13:23:44.124 [FXGL Background Thread 1 ] DEBUG FXGLAssetLoaderServi - Loading from file system: jar:file:///C:/Users/Priscila/.m2/repository/com/github/almasb/fxgl/21/fxgl-21.jar!/fxglassets/ui/css/fxgl_dark.css
13:23:44.236 [FXGL Background Thread 1 ] DEBUG GameApplicationServi - Initializing application scenes
13:23:44.336 [FXGL Background Thread 1 ] DEBUG GameWorld            - Game world initialized
13:23:44.510 [FXGL Background Thread 1 ] DEBUG PhysicsWorld         - Physics world initialized: appHeight=600, physics.ppm=50,0
13:23:44.510 [FXGL Background Thread 1 ] DEBUG PhysicsWorld         - Using strategy: BRUTE_FORCE
13:23:44.518 [FXGL Background Thread 1 ] DEBUG GameScene            - Game scene initialized: 800x600
13:23:44.541 [FXGL Background Thread 1 ] DEBUG FXGL.DefaultMenu     - createMenuBodyGameMenu()
13:23:44.565 [FXGL Background Thread 1 ] DEBUG FXGL.DefaultMenu     - createOptionsMenu()
13:23:44.585 [FXGL Background Thread 1 ] DEBUG FXGLAssetLoaderServi - Loading from file system: jar:file:///C:/Users/Priscila/.m2/repository/com/github/almasb/fxgl/21/fxgl-21.jar!/fxglassets/textures/particles/smoke.png
13:23:44.756 [FXGL Background Thread 1 ] DEBUG FXGLAssetLoaderServi - Loading from file system: jar:file:///C:/Users/Priscila/.m2/repository/com/github/almasb/fxgl/21/fxgl-21.jar!/fxglassets/textures/particles/trace_horizontal.png
13:23:44.819 [FXGL Background Thread 1 ] DEBUG GameApplicationServi - Application scenes initialized
13:23:44.841 [FXGL Background Thread 1 ] DEBUG SystemBundleService  - Loading FXGL system data
13:23:44.851 [FXGL Background Thread 1 ] DEBUG FileSystemAccess     - Reading from: C:\Users\Priscila\Downloads\Horender\Horender\system\fxgl.bundle
13:23:44.867 [FXGL Background Thread 1 ] DEBUG SystemBundleService  - Bundle FXGL: {}
13:23:44.867 [FXGL Background Thread 1 ] DEBUG UpdaterService       - Checking for updates
13:23:44.874 [FXGL Background Thread 4 ] DEBUG FXGLApplication      - Loading fonts
13:23:44.875 [FXGL Background Thread 1 ] DEBUG FXGLApplication      - Loading default localization
13:23:44.875 [FXGL Background Thread 4 ] DEBUG FXGLAssetLoaderServi - Loading from file system: jar:file:///C:/Users/Priscila/.m2/repository/com/github/almasb/fxgl/21/fxgl-21.jar!/fxglassets/ui/fonts/VarelaRound-Regular.ttf
13:23:44.875 [FXGL Background Thread 1 ] DEBUG FXGLAssetLoaderServi - Loading from file system: jar:file:///C:/Users/Priscila/.m2/repository/com/github/almasb/fxgl/21/fxgl-21.jar!/fxglassets/languages/english.lang
13:23:44.917 [FXGL Background Thread 1 ] INFO  FXGLApplication      - FXGL initialization took: 0,937 sec
13:23:44.918 [JavaFX Application Thread] DEBUG FXGLAssetLoaderServi - Loading from file system: jar:file:///C:/Users/Priscila/.m2/repository/com/github/almasb/fxgl/21/fxgl-21.jar!/fxglassets/textures/fxgl_icon.png
13:23:44.957 [FXGL Background Thread 4 ] DEBUG FXGLAssetLoaderServi - Loading from file system: jar:file:///C:/Users/Priscila/.m2/repository/com/github/almasb/fxgl/21/fxgl-21.jar!/fxglassets/ui/fonts/Abel-Regular.ttf
13:23:44.964 [JavaFX Application Thread] DEBUG FXGLAssetLoaderServi - Loading from file system: jar:file:///C:/Users/Priscila/.m2/repository/com/github/almasb/fxgl/21/fxgl-21.jar!/fxglassets/textures/fxgl_default_cursor.png
13:23:44.982 [FXGL Background Thread 4 ] DEBUG FXGLAssetLoaderServi - Loading from file system: jar:file:///C:/Users/Priscila/.m2/repository/com/github/almasb/fxgl/21/fxgl-21.jar!/fxglassets/ui/fonts/TerminalLandMono-Regular.otf
13:23:44.991 [JavaFX Application Thread] DEBUG Input                - Registered new binding: Screenshot - CTRL+8
13:23:44.993 [JavaFX Application Thread] DEBUG Input                - Registered new binding: System info dump - CTRL+9
13:23:44.993 [JavaFX Application Thread] DEBUG Input                - Registered new binding: Restart - CTRL+R
13:23:44.994 [JavaFX Application Thread] DEBUG Input                - Registered new binding: Toggle Debug Camera - CTRL+7
13:23:44.999 [JavaFX Application Thread] DEBUG LoopRunner           - Starting loop
13:23:44.999 [JavaFX Application Thread] DEBUG LoopRunner           - Initializing JavaFX AnimationTimerLoop
13:23:45.002 [JavaFX Application Thread] DEBUG GameApplicationServi - Starting new game
13:23:45.002 [JavaFX Application Thread] DEBUG Input                - Clearing active input actions
13:23:45.010 [FXGL Background Thread 4 ] DEBUG FXGLAssetLoaderServi - Loading from file system: jar:file:///C:/Users/Priscila/.m2/repository/com/github/almasb/fxgl/21/fxgl-21.jar!/fxglassets/ui/fonts/Courier-Prime.ttf
13:23:45.028 [JavaFX Application Thread] DEBUG GameApplicationServi - Removing overlay from FXGLStartupScene and adding to FXGLLoadingScene
13:23:45.030 [JavaFX Application Thread] DEBUG PrimaryStageWindow   - FXGLStartupScene -> FXGLLoadingScene
13:23:45.030 [JavaFX Application Thread] DEBUG GameApplicationServi - Clearing previous game
13:23:45.030 [JavaFX Application Thread] DEBUG GameScene            - Clearing game scene
13:23:45.030 [JavaFX Application Thread] DEBUG GameWorld            - Clearing game world
13:23:45.030 [JavaFX Application Thread] DEBUG PhysicsWorld         - Clearing physics world
13:23:45.033 [FXGL Background Thread 1 ] DEBUG FXGLApplication      - Initializing game
13:23:45.062 [FXGL Background Thread 1 ] DEBUG FXGLAssetLoaderServi - Loading from file system: file:/C:/Users/Priscila/Downloads/Horender/Horender/target/classes/assets/textures/IDLE.png
13:23:45.113 [FXGL Background Thread 1 ] INFO  FXGLApplication      - Game initialization took: 0,079 sec
13:23:45.114 [JavaFX Application Thread] DEBUG FXGLApplication      - Registering font factories with UI factory
13:23:45.121 [JavaFX Application Thread] DEBUG Input                - Clearing active input actions
13:23:45.137 [JavaFX Application Thread] DEBUG GameApplicationServi - Removing overlay from FXGLLoadingScene and adding to GameScene
13:23:45.138 [JavaFX Application Thread] DEBUG PrimaryStageWindow   - FXGLLoadingScene -> GameScene
13:23:45.716 [FXGL Background Thread 2 ] INFO  UpdaterService       - Your current version:  21
13:23:45.717 [FXGL Background Thread 2 ] INFO  UpdaterService       - Latest stable version: 25
13:23:47.872 [FXGL Background Thread 3 ] DEBUG Engine               - Logging environment variables
13:23:47.875 [FXGL Background Thread 3 ] DEBUG Engine               - achievements: []
13:23:47.875 [FXGL Background Thread 3 ] DEBUG Engine               - actualHeight: 600.0
13:23:47.875 [FXGL Background Thread 3 ] DEBUG Engine               - actualHeightProperty: ReadOnlyDoubleProperty [value: 600.0]
13:23:47.876 [FXGL Background Thread 3 ] DEBUG Engine               - actualWidth: 800.0
13:23:47.876 [FXGL Background Thread 3 ] DEBUG Engine               - actualWidthProperty: ReadOnlyDoubleProperty [value: 800.0]
13:23:47.876 [FXGL Background Thread 3 ] DEBUG Engine               - appIcon: fxgl_icon.png
13:23:47.877 [FXGL Background Thread 3 ] DEBUG Engine               - applicationMode: DEVELOPER
13:23:47.877 [FXGL Background Thread 3 ] DEBUG Engine               - cSSList: [fxgl_dark.css]
13:23:47.877 [FXGL Background Thread 3 ] DEBUG Engine               - collisionDetectionStrategy: BRUTE_FORCE
13:23:47.878 [FXGL Background Thread 3 ] DEBUG Engine               - configClass: Optional.empty
13:23:47.878 [FXGL Background Thread 3 ] DEBUG Engine               - credits: []
13:23:47.879 [FXGL Background Thread 3 ] DEBUG Engine               - defaultCursor: CursorInfo(imageName=fxgl_default_cursor.png, hotspotX=7.0, hotspotY=6.0)
13:23:47.881 [FXGL Background Thread 3 ] DEBUG Engine               - devBBoxColorProperty: ObjectProperty [value: 0xff0000ff]
13:23:47.881 [FXGL Background Thread 3 ] DEBUG Engine               - devEnableDebugCameraProperty: BooleanProperty [value: false]
13:23:47.882 [FXGL Background Thread 3 ] DEBUG Engine               - devSensorColorProperty: ObjectProperty [value: 0xffff00ff]
13:23:47.882 [FXGL Background Thread 3 ] DEBUG Engine               - devShowBBoxProperty: BooleanProperty [value: false]
13:23:47.883 [FXGL Background Thread 3 ] DEBUG Engine               - devShowPositionProperty: BooleanProperty [value: false]
13:23:47.883 [FXGL Background Thread 3 ] DEBUG Engine               - enabledMenuItems: []
13:23:47.884 [FXGL Background Thread 3 ] DEBUG Engine               - engineServices: [class com.almasb.fxgl.app.services.FXGLAssetLoaderService, class com.almasb.fxgl.app.FXGLApplication$GameApplicationService, class com.almasb.fxgl.app.services.FXGLDialogService, class com.almasb.fxgl.app.services.IOTaskExecutorService, class com.almasb.fxgl.io.FileSystemService, class com.almasb.fxgl.localization.LocalizationService, class com.almasb.fxgl.app.services.SystemBundleService, class com.almasb.fxgl.profile.SaveLoadService, class com.almasb.fxgl.ui.FXGLUIFactoryServiceProvider, class com.almasb.fxgl.ui.FXGLDialogFactoryServiceProvider, class com.almasb.fxgl.audio.AudioPlayer, class com.almasb.fxgl.notification.impl.NotificationServiceProvider, class com.almasb.fxgl.achievement.AchievementService, class com.almasb.fxgl.cutscene.CutsceneService, class com.almasb.fxgl.minigames.MiniGameService, class com.almasb.fxgl.net.NetService, class com.almasb.fxgl.app.services.UpdaterService, class com.almasb.fxgl.dev.DevService]
13:23:47.884 [FXGL Background Thread 3 ] DEBUG Engine               - fontGame: Abel-Regular.ttf
13:23:47.884 [FXGL Background Thread 3 ] DEBUG Engine               - fontMono: TerminalLandMono-Regular.otf
13:23:47.885 [FXGL Background Thread 3 ] DEBUG Engine               - fontSizeScaleUI: 1.0
13:23:47.885 [FXGL Background Thread 3 ] DEBUG Engine               - fontText: Courier-Prime.ttf
13:23:47.886 [FXGL Background Thread 3 ] DEBUG Engine               - fontUI: VarelaRound-Regular.ttf
13:23:47.886 [FXGL Background Thread 3 ] DEBUG Engine               - fullScreen: BooleanProperty [value: false]
13:23:47.887 [FXGL Background Thread 3 ] DEBUG Engine               - gameDifficulty: MEDIUM
13:23:47.887 [FXGL Background Thread 3 ] DEBUG Engine               - gameDifficultyProperty: ObjectProperty [value: MEDIUM]
13:23:47.887 [FXGL Background Thread 3 ] DEBUG Engine               - globalMusicVolume: 0.5
13:23:47.889 [FXGL Background Thread 3 ] DEBUG Engine               - globalMusicVolumeProperty: DoubleProperty [value: 0.5]
13:23:47.889 [FXGL Background Thread 3 ] DEBUG Engine               - globalSoundVolume: 0.5
13:23:47.889 [FXGL Background Thread 3 ] DEBUG Engine               - globalSoundVolumeProperty: DoubleProperty [value: 0.5]
13:23:47.890 [FXGL Background Thread 3 ] DEBUG Engine               - height: 600
13:23:47.890 [FXGL Background Thread 3 ] DEBUG Engine               - is3D: false
13:23:47.890 [FXGL Background Thread 3 ] DEBUG Engine               - isAndroid: false
13:23:47.890 [FXGL Background Thread 3 ] DEBUG Engine               - isBrowser: false
13:23:47.891 [FXGL Background Thread 3 ] DEBUG Engine               - isClickFeedbackEnabled: false
13:23:47.891 [FXGL Background Thread 3 ] DEBUG Engine               - isCloseConfirmation: false
13:23:47.891 [FXGL Background Thread 3 ] DEBUG Engine               - isDesktop: true
13:23:47.891 [FXGL Background Thread 3 ] DEBUG Engine               - isDeveloperMenuEnabled: false
13:23:47.891 [FXGL Background Thread 3 ] DEBUG Engine               - isEmbedded: false
13:23:47.892 [FXGL Background Thread 3 ] DEBUG Engine               - isEntityPreloadEnabled: true
13:23:47.892 [FXGL Background Thread 3 ] DEBUG Engine               - isExperimentalTiledLargeMap: false
13:23:47.892 [FXGL Background Thread 3 ] DEBUG Engine               - isFileSystemWriteAllowed: true
13:23:47.893 [FXGL Background Thread 3 ] DEBUG Engine               - isFullScreenAllowed: false
13:23:47.893 [FXGL Background Thread 3 ] DEBUG Engine               - isFullScreenFromStart: false
13:23:47.893 [FXGL Background Thread 3 ] DEBUG Engine               - isGameMenuEnabled: true
13:23:47.893 [FXGL Background Thread 3 ] DEBUG Engine               - isIOS: false
13:23:47.893 [FXGL Background Thread 3 ] DEBUG Engine               - isIntroEnabled: false
13:23:47.894 [FXGL Background Thread 3 ] DEBUG Engine               - isLinux: false
13:23:47.894 [FXGL Background Thread 3 ] DEBUG Engine               - isMac: false
13:23:47.894 [FXGL Background Thread 3 ] DEBUG Engine               - isMainMenuEnabled: false
13:23:47.894 [FXGL Background Thread 3 ] DEBUG Engine               - isManualResizeEnabled: false
13:23:47.894 [FXGL Background Thread 3 ] DEBUG Engine               - isMobile: false
13:23:47.894 [FXGL Background Thread 3 ] DEBUG Engine               - isNative: false
13:23:47.896 [FXGL Background Thread 3 ] DEBUG Engine               - isPauseMusicWhenMinimized: true
13:23:47.896 [FXGL Background Thread 3 ] DEBUG Engine               - isPreserveResizeRatio: false
13:23:47.896 [FXGL Background Thread 3 ] DEBUG Engine               - isProfilingEnabled: false
13:23:47.897 [FXGL Background Thread 3 ] DEBUG Engine               - isScaleAffectedOnResize: true
13:23:47.897 [FXGL Background Thread 3 ] DEBUG Engine               - isSingleStep: false
13:23:47.897 [FXGL Background Thread 3 ] DEBUG Engine               - isUserProfileEnabled: false
13:23:47.898 [FXGL Background Thread 3 ] DEBUG Engine               - isWindows: true
13:23:47.898 [FXGL Background Thread 3 ] DEBUG Engine               - language: ObjectProperty [value: ENGLISH]
13:23:47.898 [FXGL Background Thread 3 ] DEBUG Engine               - menuKey: ESCAPE
13:23:47.899 [FXGL Background Thread 3 ] DEBUG Engine               - mouseSensitivity: 0.2
13:23:47.899 [FXGL Background Thread 3 ] DEBUG Engine               - notificationViewClass: class com.almasb.fxgl.notification.view.XboxNotificationView
13:23:47.900 [FXGL Background Thread 3 ] DEBUG Engine               - pixelsPerMeter: 50.0
13:23:47.900 [FXGL Background Thread 3 ] DEBUG Engine               - platform: WINDOWS
13:23:47.901 [FXGL Background Thread 3 ] DEBUG Engine               - prefHeightProperty: ReadOnlyDoubleProperty [value: 600.0]
13:23:47.901 [FXGL Background Thread 3 ] DEBUG Engine               - prefWidthProperty: ReadOnlyDoubleProperty [value: 800.0]
13:23:47.901 [FXGL Background Thread 3 ] DEBUG Engine               - profileDir: profiles/
13:23:47.902 [FXGL Background Thread 3 ] DEBUG Engine               - profileName: StringProperty [value: DEFAULT]
13:23:47.902 [FXGL Background Thread 3 ] DEBUG Engine               - randomSeed: -1
13:23:47.904 [FXGL Background Thread 3 ] DEBUG Engine               - runtimeInfo: RuntimeInfo(platform=WINDOWS, version=21, build=28.12.2023 13.35)
13:23:47.904 [FXGL Background Thread 3 ] DEBUG Engine               - saveFileExt: sav
13:23:47.905 [FXGL Background Thread 3 ] DEBUG Engine               - scaledHeightProp$fxgl: DoubleProperty [bound, value: 600.0]
13:23:47.905 [FXGL Background Thread 3 ] DEBUG Engine               - scaledWidthProp$fxgl: DoubleProperty [bound, value: 800.0]
13:23:47.906 [FXGL Background Thread 3 ] DEBUG Engine               - sceneFactory: com.almasb.fxgl.app.scene.SceneFactory@7f8772af
13:23:47.906 [FXGL Background Thread 3 ] DEBUG Engine               - secondsIn24h: 60
13:23:47.907 [FXGL Background Thread 3 ] DEBUG Engine               - soundMenuBack: menu/back.wav
13:23:47.907 [FXGL Background Thread 3 ] DEBUG Engine               - soundMenuPress: menu/press.wav
13:23:47.907 [FXGL Background Thread 3 ] DEBUG Engine               - soundMenuSelect: menu/select.wav
13:23:47.907 [FXGL Background Thread 3 ] DEBUG Engine               - soundNotification: core/notification.wav
13:23:47.907 [FXGL Background Thread 3 ] DEBUG Engine               - stageStyle: DECORATED
13:23:47.908 [FXGL Background Thread 3 ] DEBUG Engine               - supportedLanguages: [ENGLISH, FRENCH, GERMAN, HUNGARIAN, RUSSIAN]
13:23:47.908 [FXGL Background Thread 3 ] DEBUG Engine               - ticksPerSecond: -1
13:23:47.908 [FXGL Background Thread 3 ] DEBUG Engine               - title: Horender
13:23:47.908 [FXGL Background Thread 3 ] DEBUG Engine               - urlGithub: https://github.com/AlmasB/FXGL
13:23:47.909 [FXGL Background Thread 3 ] DEBUG Engine               - urlLeaderboard: http://fxgl-top.herokuapp.com/
13:23:47.909 [FXGL Background Thread 3 ] DEBUG Engine               - urlPOM: https://raw.githubusercontent.com/AlmasB/FXGL/release/README.md
13:23:47.909 [FXGL Background Thread 3 ] DEBUG Engine               - userAppClass: class com.mycompany.horender.HorenderApp
13:23:47.909 [FXGL Background Thread 3 ] DEBUG Engine               - version: 0.1
13:23:47.909 [FXGL Background Thread 3 ] DEBUG Engine               - versionCheckDays: 7
13:23:47.910 [FXGL Background Thread 3 ] DEBUG Engine               - width: 800
13:23:47.910 [FXGL Background Thread 3 ] DEBUG Engine               - Logging services
13:23:47.910 [FXGL Background Thread 3 ] DEBUG Engine               - class com.almasb.fxgl.app.services.FXGLAssetLoaderService
13:23:47.910 [FXGL Background Thread 3 ] DEBUG Engine               - class com.almasb.fxgl.app.FXGLApplication$GameApplicationService
13:23:47.911 [FXGL Background Thread 3 ] DEBUG Engine               - class com.almasb.fxgl.app.services.FXGLDialogService
13:23:47.911 [FXGL Background Thread 3 ] DEBUG Engine               - class com.almasb.fxgl.app.services.IOTaskExecutorService
13:23:47.911 [FXGL Background Thread 3 ] DEBUG Engine               - class com.almasb.fxgl.io.FileSystemService
13:23:47.911 [FXGL Background Thread 3 ] DEBUG Engine               - class com.almasb.fxgl.localization.LocalizationService
13:23:47.911 [FXGL Background Thread 3 ] DEBUG Engine               - class com.almasb.fxgl.app.services.SystemBundleService
13:23:47.911 [FXGL Background Thread 3 ] DEBUG Engine               - class com.almasb.fxgl.profile.SaveLoadService
13:23:47.912 [FXGL Background Thread 3 ] DEBUG Engine               - class com.almasb.fxgl.ui.FXGLUIFactoryServiceProvider
13:23:47.912 [FXGL Background Thread 3 ] DEBUG Engine               - class com.almasb.fxgl.ui.FXGLDialogFactoryServiceProvider
13:23:47.912 [FXGL Background Thread 3 ] DEBUG Engine               - class com.almasb.fxgl.audio.AudioPlayer
13:23:47.912 [FXGL Background Thread 3 ] DEBUG Engine               - class com.almasb.fxgl.notification.impl.NotificationServiceProvider
13:23:47.913 [FXGL Background Thread 3 ] DEBUG Engine               - class com.almasb.fxgl.achievement.AchievementService
13:23:47.913 [FXGL Background Thread 3 ] DEBUG Engine               - class com.almasb.fxgl.cutscene.CutsceneService
13:23:47.913 [FXGL Background Thread 3 ] DEBUG Engine               - class com.almasb.fxgl.minigames.MiniGameService
13:23:47.913 [FXGL Background Thread 3 ] DEBUG Engine               - class com.almasb.fxgl.net.NetService
13:23:47.913 [FXGL Background Thread 3 ] DEBUG Engine               - class com.almasb.fxgl.app.services.UpdaterService
13:23:47.914 [FXGL Background Thread 3 ] DEBUG Engine               - class com.almasb.fxgl.dev.DevService
13:25:29.003 [JavaFX Application Thread] DEBUG FXGLApplication      - Exiting FXGL
13:25:29.004 [JavaFX Application Thread] DEBUG LoopRunner           - Stopping loop
13:25:29.004 [JavaFX Application Thread] DEBUG SystemBundleService  - Saving FXGL system data
13:25:29.016 [JavaFX Application Thread] DEBUG FileSystemAccess     - Writing to: C:\Users\Priscila\Downloads\Horender\Horender\system\fxgl.bundle
13:25:29.031 [JavaFX Application Thread] DEBUG Async                - Shutting down background threads
13:25:29.033 [JavaFX Application Thread] DEBUG PrimaryStageWindow   - Closing main window
13:25:29.070 [JavaFX Application Thread] DEBUG Logger               - Closing Logger
