19:44:39.817 [main                     ] DEBUG Logger               - Configured Logger
19:44:39.842 [main                     ] DEBUG GameApplication      - Logging settings
Title: Horender
Version: 0.1
Width: 768
Height: 512
Fullscreen: false
Intro: false
Profiling: false
Single step:false
App Mode: DEVELOPER
Menu Key: ESCAPE
Stage Style: DECORATED
Scene Factory: class com.almasb.fxgl.app.scene.SceneFactory

19:44:40.828 [JavaFX Application Thread] DEBUG FXGLApplication      - Initializing FXGL
19:44:40.832 [JavaFX Application Thread] INFO  Engine               - FXGL-21.1 (27.03.2024 07.52) on WINDOWS (J:21.0.11 FX:21.0.1)
19:44:40.832 [JavaFX Application Thread] DEBUG Engine               - JRE Vendor Name: Oracle Corporation
19:44:40.833 [JavaFX Application Thread] DEBUG Engine               - Running on OS: Windows 11 version 10.0
19:44:40.833 [JavaFX Application Thread] DEBUG Engine               - Architecture: amd64
19:44:40.833 [JavaFX Application Thread] INFO  Engine               - Source code and latest versions at: https://github.com/AlmasB/FXGL
19:44:40.833 [JavaFX Application Thread] INFO  Engine               -       Ask questions and discuss at: https://github.com/AlmasB/FXGL/discussions
19:44:40.833 [JavaFX Application Thread] INFO  Engine               -              Join the FXGL chat at: https://gitter.im/AlmasB/FXGL
19:44:40.999 [JavaFX Application Thread] DEBUG PrimaryStageWindow   - Creating a JavaFX scene
19:44:41.064 [JavaFX Application Thread] DEBUG PrimaryStageWindow   - Target settings size: 768.0 x 512.0
19:44:41.065 [JavaFX Application Thread] DEBUG PrimaryStageWindow   - Scaled scene size:    768.0 x 512.0
19:44:41.065 [JavaFX Application Thread] DEBUG PrimaryStageWindow   - Scaled ratio: (1.0, 1.0)
19:44:41.066 [JavaFX Application Thread] DEBUG PrimaryStageWindow   - Set initial scene to FXGLStartupScene
19:44:41.068 [JavaFX Application Thread] DEBUG PrimaryStageWindow   - Opening main window
19:44:41.168 [JavaFX Application Thread] DEBUG PrimaryStageWindow   - Window border size: (16.0, 39.0)
19:44:41.168 [JavaFX Application Thread] DEBUG PrimaryStageWindow   - Scaled size: 768.0 x 512.0
19:44:41.168 [JavaFX Application Thread] DEBUG PrimaryStageWindow   - Scaled ratio: (1.0, 1.0)
19:44:41.168 [JavaFX Application Thread] DEBUG PrimaryStageWindow   - Scene size: 768.0 x 512.0
19:44:41.169 [JavaFX Application Thread] DEBUG PrimaryStageWindow   - Stage size: 784.0 x 551.0
19:44:41.178 [FXGL Background Thread 1 ] DEBUG Engine               - Initializing environment variables
19:44:41.245 [FXGL Background Thread 1 ] DEBUG FXGLAssetLoaderServi - User app class for loading assets: class com.mycompany.horender.HorenderApp
19:44:41.246 [FXGL Background Thread 1 ] DEBUG GameApplicationServi - Applying CSS: fxgl_dark.css
19:44:41.247 [FXGL Background Thread 1 ] DEBUG FXGLAssetLoaderServi - Loading from file system: jar:file:///C:/Users/Priscila/.m2/repository/com/github/almasb/fxgl/21.1/fxgl-21.1.jar!/fxglassets/ui/css/fxgl_dark.css
19:44:41.293 [FXGL Background Thread 1 ] DEBUG GameApplicationServi - Initializing application scenes
19:44:41.350 [FXGL Background Thread 1 ] DEBUG GameWorld            - Game world initialized
19:44:41.443 [FXGL Background Thread 1 ] DEBUG PhysicsWorld         - Physics world initialized: appHeight=512, physics.ppm=50,0
19:44:41.444 [FXGL Background Thread 1 ] DEBUG PhysicsWorld         - Using strategy: BRUTE_FORCE
19:44:41.450 [FXGL Background Thread 1 ] DEBUG GameScene            - Game scene initialized: 768x512
19:44:41.466 [FXGL Background Thread 1 ] WARN  FXGL.DefaultMenu     - FXGLDefaultMenu is not designed for resolutions < 800x600
19:44:41.466 [FXGL Background Thread 1 ] DEBUG FXGL.DefaultMenu     - createMenuBodyGameMenu()
19:44:41.481 [FXGL Background Thread 1 ] DEBUG FXGL.DefaultMenu     - createOptionsMenu()
19:44:41.491 [FXGL Background Thread 1 ] DEBUG FXGLAssetLoaderServi - Loading from file system: jar:file:///C:/Users/Priscila/.m2/repository/com/github/almasb/fxgl/21.1/fxgl-21.1.jar!/fxglassets/textures/particles/smoke.png
19:44:41.801 [FXGL Background Thread 1 ] DEBUG FXGLAssetLoaderServi - Loading from file system: jar:file:///C:/Users/Priscila/.m2/repository/com/github/almasb/fxgl/21.1/fxgl-21.1.jar!/fxglassets/textures/particles/trace_horizontal.png
19:44:41.830 [FXGL Background Thread 1 ] DEBUG GameApplicationServi - Application scenes initialized
19:44:41.845 [FXGL Background Thread 1 ] DEBUG SystemBundleService  - Loading FXGL system data
19:44:41.851 [FXGL Background Thread 1 ] DEBUG FileSystemAccess     - Reading from: C:\Users\Priscila\Documents\NetBeansProjects\Horender\system\fxgl.bundle
19:44:41.869 [FXGL Background Thread 1 ] DEBUG SystemBundleService  - Bundle FXGL: {}
19:44:41.869 [FXGL Background Thread 1 ] DEBUG UpdaterService       - Checking for updates
19:44:41.873 [FXGL Background Thread 4 ] DEBUG FXGLApplication      - Loading fonts
19:44:41.874 [FXGL Background Thread 4 ] DEBUG FXGLAssetLoaderServi - Loading from file system: jar:file:///C:/Users/Priscila/.m2/repository/com/github/almasb/fxgl/21.1/fxgl-21.1.jar!/fxglassets/ui/fonts/VarelaRound-Regular.ttf
19:44:41.874 [FXGL Background Thread 1 ] DEBUG FXGLApplication      - Loading default localization
19:44:41.875 [FXGL Background Thread 1 ] DEBUG FXGLAssetLoaderServi - Loading from file system: jar:file:///C:/Users/Priscila/.m2/repository/com/github/almasb/fxgl/21.1/fxgl-21.1.jar!/fxglassets/languages/english.lang
19:44:41.901 [FXGL Background Thread 1 ] INFO  FXGLApplication      - FXGL initialization took: 0,723 sec
19:44:41.914 [JavaFX Application Thread] DEBUG Input                - Registered new binding: action0 - Up
19:44:41.915 [JavaFX Application Thread] DEBUG Input                - Registered new binding: action1 - Down
19:44:41.916 [JavaFX Application Thread] DEBUG Input                - Registered new binding: action2 - Right
19:44:41.916 [JavaFX Application Thread] DEBUG Input                - Registered new binding: action3 - Left
19:44:41.916 [JavaFX Application Thread] DEBUG Input                - Registered new binding: action4 - J
19:44:41.917 [JavaFX Application Thread] DEBUG Input                - Registered new binding: action5 - Space
19:44:41.917 [JavaFX Application Thread] DEBUG Input                - Registered new binding: Move Left A - A
19:44:41.917 [JavaFX Application Thread] DEBUG Input                - Registered new binding: Move Right D - D
19:44:41.917 [JavaFX Application Thread] DEBUG Input                - Registered new binding: Toggle Inventory - I
19:44:41.917 [JavaFX Application Thread] DEBUG FXGLAssetLoaderServi - Loading from file system: jar:file:///C:/Users/Priscila/.m2/repository/com/github/almasb/fxgl/21.1/fxgl-21.1.jar!/fxglassets/textures/fxgl_icon.png
19:44:41.930 [FXGL Background Thread 4 ] DEBUG FXGLAssetLoaderServi - Loading from file system: jar:file:///C:/Users/Priscila/.m2/repository/com/github/almasb/fxgl/21.1/fxgl-21.1.jar!/fxglassets/ui/fonts/Abel-Regular.ttf
19:44:41.938 [JavaFX Application Thread] DEBUG FXGLAssetLoaderServi - Loading from file system: jar:file:///C:/Users/Priscila/.m2/repository/com/github/almasb/fxgl/21.1/fxgl-21.1.jar!/fxglassets/textures/fxgl_default_cursor.png
19:44:41.941 [JavaFX Application Thread] DEBUG Input                - Registered new binding: Screenshot - CTRL+8
19:44:41.942 [JavaFX Application Thread] DEBUG Input                - Registered new binding: System info dump - CTRL+9
19:44:41.943 [JavaFX Application Thread] DEBUG Input                - Registered new binding: Restart - CTRL+R
19:44:41.944 [JavaFX Application Thread] DEBUG Input                - Registered new binding: Toggle Debug Camera - CTRL+7
19:44:41.948 [FXGL Background Thread 4 ] DEBUG FXGLAssetLoaderServi - Loading from file system: jar:file:///C:/Users/Priscila/.m2/repository/com/github/almasb/fxgl/21.1/fxgl-21.1.jar!/fxglassets/ui/fonts/TerminalLandMono-Regular.otf
19:44:41.949 [JavaFX Application Thread] DEBUG LoopRunner           - Starting loop
19:44:41.949 [JavaFX Application Thread] DEBUG LoopRunner           - Initializing JavaFX AnimationTimerLoop
19:44:41.952 [JavaFX Application Thread] DEBUG GameApplicationServi - Starting new game
19:44:41.953 [JavaFX Application Thread] DEBUG Input                - Clearing active input actions
19:44:41.966 [FXGL Background Thread 4 ] DEBUG FXGLAssetLoaderServi - Loading from file system: jar:file:///C:/Users/Priscila/.m2/repository/com/github/almasb/fxgl/21.1/fxgl-21.1.jar!/fxglassets/ui/fonts/Courier-Prime.ttf
19:44:41.967 [JavaFX Application Thread] DEBUG GameApplicationServi - Removing overlay from FXGLStartupScene and adding to FXGLLoadingScene
19:44:41.969 [JavaFX Application Thread] DEBUG PrimaryStageWindow   - FXGLStartupScene -> FXGLLoadingScene
19:44:41.969 [JavaFX Application Thread] DEBUG GameApplicationServi - Clearing previous game
19:44:41.969 [JavaFX Application Thread] DEBUG GameScene            - Clearing game scene
19:44:41.969 [JavaFX Application Thread] DEBUG GameWorld            - Clearing game world
19:44:41.969 [JavaFX Application Thread] DEBUG PhysicsWorld         - Clearing physics world
19:44:41.971 [FXGL Background Thread 1 ] DEBUG FXGLApplication      - Initializing game
19:44:42.031 [JavaFX Application Thread] DEBUG FXGLApplication      - Registering font factories with UI factory
19:44:42.669 [FXGL Background Thread 1 ] INFO  FXGLApplication      - Game initialization took: 0,697 sec
19:44:42.670 [JavaFX Application Thread] DEBUG Input                - Clearing active input actions
19:44:42.704 [JavaFX Application Thread] DEBUG GameApplicationServi - Removing overlay from FXGLLoadingScene and adding to GameScene
19:44:42.706 [JavaFX Application Thread] DEBUG PrimaryStageWindow   - FXGLLoadingScene -> GameScene
19:44:43.035 [FXGL Background Thread 2 ] INFO  UpdaterService       - Your current version:  21.1
19:44:43.036 [FXGL Background Thread 2 ] INFO  UpdaterService       - Latest stable version: 25
19:44:44.873 [FXGL Background Thread 3 ] DEBUG Engine               - Logging environment variables
19:44:44.875 [FXGL Background Thread 3 ] DEBUG Engine               - achievements: []
19:44:44.875 [FXGL Background Thread 3 ] DEBUG Engine               - actualHeight: 512.0
19:44:44.876 [FXGL Background Thread 3 ] DEBUG Engine               - actualHeightProperty: ReadOnlyDoubleProperty [value: 512.0]
19:44:44.876 [FXGL Background Thread 3 ] DEBUG Engine               - actualWidth: 768.0
19:44:44.877 [FXGL Background Thread 3 ] DEBUG Engine               - actualWidthProperty: ReadOnlyDoubleProperty [value: 768.0]
19:44:44.877 [FXGL Background Thread 3 ] DEBUG Engine               - appIcon: fxgl_icon.png
19:44:44.877 [FXGL Background Thread 3 ] DEBUG Engine               - applicationMode: DEVELOPER
19:44:44.877 [FXGL Background Thread 3 ] DEBUG Engine               - cSSList: [fxgl_dark.css]
19:44:44.878 [FXGL Background Thread 3 ] DEBUG Engine               - collisionDetectionStrategy: BRUTE_FORCE
19:44:44.878 [FXGL Background Thread 3 ] DEBUG Engine               - configClass: Optional.empty
19:44:44.878 [FXGL Background Thread 3 ] DEBUG Engine               - credits: []
19:44:44.879 [FXGL Background Thread 3 ] DEBUG Engine               - defaultCursor: CursorInfo(imageName=fxgl_default_cursor.png, hotspotX=7.0, hotspotY=6.0)
19:44:44.880 [FXGL Background Thread 3 ] DEBUG Engine               - devBBoxColorProperty: ObjectProperty [value: 0xff0000ff]
19:44:44.880 [FXGL Background Thread 3 ] DEBUG Engine               - devEnableDebugCameraProperty: BooleanProperty [value: false]
19:44:44.881 [FXGL Background Thread 3 ] DEBUG Engine               - devSensorColorProperty: ObjectProperty [value: 0xffff00ff]
19:44:44.881 [FXGL Background Thread 3 ] DEBUG Engine               - devShowBBoxProperty: BooleanProperty [value: false]
19:44:44.881 [FXGL Background Thread 3 ] DEBUG Engine               - devShowPositionProperty: BooleanProperty [value: false]
19:44:44.882 [FXGL Background Thread 3 ] DEBUG Engine               - enabledMenuItems: []
19:44:44.882 [FXGL Background Thread 3 ] DEBUG Engine               - engineServices: [class com.almasb.fxgl.app.services.FXGLAssetLoaderService, class com.almasb.fxgl.app.FXGLApplication$GameApplicationService, class com.almasb.fxgl.app.services.FXGLDialogService, class com.almasb.fxgl.app.services.IOTaskExecutorService, class com.almasb.fxgl.io.FileSystemService, class com.almasb.fxgl.localization.LocalizationService, class com.almasb.fxgl.app.services.SystemBundleService, class com.almasb.fxgl.profile.SaveLoadService, class com.almasb.fxgl.ui.FXGLUIFactoryServiceProvider, class com.almasb.fxgl.ui.FXGLDialogFactoryServiceProvider, class com.almasb.fxgl.audio.AudioPlayer, class com.almasb.fxgl.notification.impl.NotificationServiceProvider, class com.almasb.fxgl.achievement.AchievementService, class com.almasb.fxgl.cutscene.CutsceneService, class com.almasb.fxgl.minigames.MiniGameService, class com.almasb.fxgl.net.NetService, class com.almasb.fxgl.app.services.UpdaterService, class com.almasb.fxgl.dev.DevService]
19:44:44.882 [FXGL Background Thread 3 ] DEBUG Engine               - fontGame: Abel-Regular.ttf
19:44:44.882 [FXGL Background Thread 3 ] DEBUG Engine               - fontMono: TerminalLandMono-Regular.otf
19:44:44.882 [FXGL Background Thread 3 ] DEBUG Engine               - fontSizeScaleUI: 1.0
19:44:44.883 [FXGL Background Thread 3 ] DEBUG Engine               - fontText: Courier-Prime.ttf
19:44:44.883 [FXGL Background Thread 3 ] DEBUG Engine               - fontUI: VarelaRound-Regular.ttf
19:44:44.883 [FXGL Background Thread 3 ] DEBUG Engine               - fullScreen: BooleanProperty [value: false]
19:44:44.883 [FXGL Background Thread 3 ] DEBUG Engine               - gameDifficulty: MEDIUM
19:44:44.883 [FXGL Background Thread 3 ] DEBUG Engine               - gameDifficultyProperty: ObjectProperty [value: MEDIUM]
19:44:44.883 [FXGL Background Thread 3 ] DEBUG Engine               - globalMusicVolume: 0.5
19:44:44.884 [FXGL Background Thread 3 ] DEBUG Engine               - globalMusicVolumeProperty: DoubleProperty [value: 0.5]
19:44:44.884 [FXGL Background Thread 3 ] DEBUG Engine               - globalSoundVolume: 0.5
19:44:44.884 [FXGL Background Thread 3 ] DEBUG Engine               - globalSoundVolumeProperty: DoubleProperty [value: 0.5]
19:44:44.884 [FXGL Background Thread 3 ] DEBUG Engine               - height: 512
19:44:44.884 [FXGL Background Thread 3 ] DEBUG Engine               - is3D: false
19:44:44.884 [FXGL Background Thread 3 ] DEBUG Engine               - isAndroid: false
19:44:44.885 [FXGL Background Thread 3 ] DEBUG Engine               - isBrowser: false
19:44:44.885 [FXGL Background Thread 3 ] DEBUG Engine               - isClickFeedbackEnabled: false
19:44:44.885 [FXGL Background Thread 3 ] DEBUG Engine               - isCloseConfirmation: false
19:44:44.885 [FXGL Background Thread 3 ] DEBUG Engine               - isDesktop: true
19:44:44.885 [FXGL Background Thread 3 ] DEBUG Engine               - isDeveloperMenuEnabled: false
19:44:44.885 [FXGL Background Thread 3 ] DEBUG Engine               - isEmbedded: false
19:44:44.886 [FXGL Background Thread 3 ] DEBUG Engine               - isEntityPreloadEnabled: true
19:44:44.886 [FXGL Background Thread 3 ] DEBUG Engine               - isExperimentalTiledLargeMap: false
19:44:44.886 [FXGL Background Thread 3 ] DEBUG Engine               - isFileSystemWriteAllowed: true
19:44:44.886 [FXGL Background Thread 3 ] DEBUG Engine               - isFullScreenAllowed: false
19:44:44.886 [FXGL Background Thread 3 ] DEBUG Engine               - isFullScreenFromStart: false
19:44:44.886 [FXGL Background Thread 3 ] DEBUG Engine               - isGameMenuEnabled: true
19:44:44.887 [FXGL Background Thread 3 ] DEBUG Engine               - isIOS: false
19:44:44.887 [FXGL Background Thread 3 ] DEBUG Engine               - isIntroEnabled: false
19:44:44.887 [FXGL Background Thread 3 ] DEBUG Engine               - isLinux: false
19:44:44.887 [FXGL Background Thread 3 ] DEBUG Engine               - isMac: false
19:44:44.887 [FXGL Background Thread 3 ] DEBUG Engine               - isMainMenuEnabled: false
19:44:44.887 [FXGL Background Thread 3 ] DEBUG Engine               - isManualResizeEnabled: false
19:44:44.887 [FXGL Background Thread 3 ] DEBUG Engine               - isMobile: false
19:44:44.887 [FXGL Background Thread 3 ] DEBUG Engine               - isNative: false
19:44:44.888 [FXGL Background Thread 3 ] DEBUG Engine               - isPauseMusicWhenMinimized: true
19:44:44.888 [FXGL Background Thread 3 ] DEBUG Engine               - isPreserveResizeRatio: false
19:44:44.888 [FXGL Background Thread 3 ] DEBUG Engine               - isProfilingEnabled: false
19:44:44.888 [FXGL Background Thread 3 ] DEBUG Engine               - isScaleAffectedOnResize: true
19:44:44.888 [FXGL Background Thread 3 ] DEBUG Engine               - isSingleStep: false
19:44:44.888 [FXGL Background Thread 3 ] DEBUG Engine               - isUserProfileEnabled: false
19:44:44.888 [FXGL Background Thread 3 ] DEBUG Engine               - isWindows: true
19:44:44.888 [FXGL Background Thread 3 ] DEBUG Engine               - language: ObjectProperty [value: ENGLISH]
19:44:44.888 [FXGL Background Thread 3 ] DEBUG Engine               - menuKey: ESCAPE
19:44:44.888 [FXGL Background Thread 3 ] DEBUG Engine               - mouseSensitivity: 0.2
19:44:44.889 [FXGL Background Thread 3 ] DEBUG Engine               - notificationViewClass: class com.almasb.fxgl.notification.view.XboxNotificationView
19:44:44.889 [FXGL Background Thread 3 ] DEBUG Engine               - pixelsPerMeter: 50.0
19:44:44.889 [FXGL Background Thread 3 ] DEBUG Engine               - platform: WINDOWS
19:44:44.889 [FXGL Background Thread 3 ] DEBUG Engine               - prefHeightProperty: ReadOnlyDoubleProperty [value: 512.0]
19:44:44.889 [FXGL Background Thread 3 ] DEBUG Engine               - prefWidthProperty: ReadOnlyDoubleProperty [value: 768.0]
19:44:44.889 [FXGL Background Thread 3 ] DEBUG Engine               - profileDir: profiles/
19:44:44.889 [FXGL Background Thread 3 ] DEBUG Engine               - profileName: StringProperty [value: DEFAULT]
19:44:44.889 [FXGL Background Thread 3 ] DEBUG Engine               - randomSeed: -1
19:44:44.890 [FXGL Background Thread 3 ] DEBUG Engine               - runtimeInfo: RuntimeInfo(platform=WINDOWS, version=21.1, build=27.03.2024 07.52)
19:44:44.890 [FXGL Background Thread 3 ] DEBUG Engine               - saveFileExt: sav
19:44:44.890 [FXGL Background Thread 3 ] DEBUG Engine               - scaledHeightProp$fxgl: DoubleProperty [bound, value: 512.0]
19:44:44.890 [FXGL Background Thread 3 ] DEBUG Engine               - scaledWidthProp$fxgl: DoubleProperty [bound, value: 768.0]
19:44:44.890 [FXGL Background Thread 3 ] DEBUG Engine               - sceneFactory: com.almasb.fxgl.app.scene.SceneFactory@71d8f1bd
19:44:44.890 [FXGL Background Thread 3 ] DEBUG Engine               - secondsIn24h: 60
19:44:44.890 [FXGL Background Thread 3 ] DEBUG Engine               - soundMenuBack: menu/back.wav
19:44:44.890 [FXGL Background Thread 3 ] DEBUG Engine               - soundMenuPress: menu/press.wav
19:44:44.891 [FXGL Background Thread 3 ] DEBUG Engine               - soundMenuSelect: menu/select.wav
19:44:44.891 [FXGL Background Thread 3 ] DEBUG Engine               - soundNotification: core/notification.wav
19:44:44.891 [FXGL Background Thread 3 ] DEBUG Engine               - stageStyle: DECORATED
19:44:44.891 [FXGL Background Thread 3 ] DEBUG Engine               - supportedLanguages: [ENGLISH, FRENCH, GERMAN, HUNGARIAN, RUSSIAN]
19:44:44.891 [FXGL Background Thread 3 ] DEBUG Engine               - ticksPerSecond: -1
19:44:44.891 [FXGL Background Thread 3 ] DEBUG Engine               - title: Horender
19:44:44.891 [FXGL Background Thread 3 ] DEBUG Engine               - urlGithub: https://github.com/AlmasB/FXGL
19:44:44.891 [FXGL Background Thread 3 ] DEBUG Engine               - urlLeaderboard: http://fxgl-top.herokuapp.com/
19:44:44.891 [FXGL Background Thread 3 ] DEBUG Engine               - urlPOM: https://raw.githubusercontent.com/AlmasB/FXGL/release/README.md
19:44:44.892 [FXGL Background Thread 3 ] DEBUG Engine               - userAppClass: class com.mycompany.horender.HorenderApp
19:44:44.892 [FXGL Background Thread 3 ] DEBUG Engine               - version: 0.1
19:44:44.892 [FXGL Background Thread 3 ] DEBUG Engine               - versionCheckDays: 7
19:44:44.892 [FXGL Background Thread 3 ] DEBUG Engine               - width: 768
19:44:44.892 [FXGL Background Thread 3 ] DEBUG Engine               - Logging services
19:44:44.892 [FXGL Background Thread 3 ] DEBUG Engine               - class com.almasb.fxgl.app.services.FXGLAssetLoaderService
19:44:44.892 [FXGL Background Thread 3 ] DEBUG Engine               - class com.almasb.fxgl.app.FXGLApplication$GameApplicationService
19:44:44.892 [FXGL Background Thread 3 ] DEBUG Engine               - class com.almasb.fxgl.app.services.FXGLDialogService
19:44:44.892 [FXGL Background Thread 3 ] DEBUG Engine               - class com.almasb.fxgl.app.services.IOTaskExecutorService
19:44:44.892 [FXGL Background Thread 3 ] DEBUG Engine               - class com.almasb.fxgl.io.FileSystemService
19:44:44.892 [FXGL Background Thread 3 ] DEBUG Engine               - class com.almasb.fxgl.localization.LocalizationService
19:44:44.892 [FXGL Background Thread 3 ] DEBUG Engine               - class com.almasb.fxgl.app.services.SystemBundleService
19:44:44.893 [FXGL Background Thread 3 ] DEBUG Engine               - class com.almasb.fxgl.profile.SaveLoadService
19:44:44.893 [FXGL Background Thread 3 ] DEBUG Engine               - class com.almasb.fxgl.ui.FXGLUIFactoryServiceProvider
19:44:44.893 [FXGL Background Thread 3 ] DEBUG Engine               - class com.almasb.fxgl.ui.FXGLDialogFactoryServiceProvider
19:44:44.893 [FXGL Background Thread 3 ] DEBUG Engine               - class com.almasb.fxgl.audio.AudioPlayer
19:44:44.893 [FXGL Background Thread 3 ] DEBUG Engine               - class com.almasb.fxgl.notification.impl.NotificationServiceProvider
19:44:44.893 [FXGL Background Thread 3 ] DEBUG Engine               - class com.almasb.fxgl.achievement.AchievementService
19:44:44.893 [FXGL Background Thread 3 ] DEBUG Engine               - class com.almasb.fxgl.cutscene.CutsceneService
19:44:44.893 [FXGL Background Thread 3 ] DEBUG Engine               - class com.almasb.fxgl.minigames.MiniGameService
19:44:44.893 [FXGL Background Thread 3 ] DEBUG Engine               - class com.almasb.fxgl.net.NetService
19:44:44.893 [FXGL Background Thread 3 ] DEBUG Engine               - class com.almasb.fxgl.app.services.UpdaterService
19:44:44.893 [FXGL Background Thread 3 ] DEBUG Engine               - class com.almasb.fxgl.dev.DevService
19:47:18.563 [JavaFX Application Thread] DEBUG FXGLApplication      - Exiting FXGL
19:47:18.563 [JavaFX Application Thread] DEBUG LoopRunner           - Stopping loop
19:47:18.563 [JavaFX Application Thread] DEBUG SystemBundleService  - Saving FXGL system data
19:47:18.569 [JavaFX Application Thread] DEBUG FileSystemAccess     - Writing to: C:\Users\Priscila\Documents\NetBeansProjects\Horender\system\fxgl.bundle
19:47:18.573 [JavaFX Application Thread] DEBUG Async                - Shutting down background threads
19:47:18.574 [JavaFX Application Thread] DEBUG PrimaryStageWindow   - Closing main window
19:47:18.593 [JavaFX Application Thread] DEBUG Logger               - Closing Logger
