09:08:18.807 [main                     ] DEBUG Logger               - Configured Logger
09:08:18.830 [main                     ] DEBUG GameApplication      - Logging settings
Title: Horender
Version: 0.1
Width: 1280
Height: 720
Fullscreen: false
Intro: false
Profiling: false
Single step:false
App Mode: DEVELOPER
Menu Key: ESCAPE
Stage Style: DECORATED
Scene Factory: class com.almasb.fxgl.app.scene.SceneFactory

09:08:19.084 [JavaFX Application Thread] DEBUG FXGLApplication      - Initializing FXGL
09:08:19.089 [JavaFX Application Thread] INFO  Engine               - FXGL-21.1 (27.03.2024 07.52) on LINUX (J:21.0.9 FX:21.0.1)
09:08:19.089 [JavaFX Application Thread] DEBUG Engine               - JRE Vendor Name: Ubuntu
09:08:19.090 [JavaFX Application Thread] DEBUG Engine               - Running on OS: Linux version 6.8.0-90-generic
09:08:19.090 [JavaFX Application Thread] DEBUG Engine               - Architecture: amd64
09:08:19.090 [JavaFX Application Thread] INFO  Engine               - Source code and latest versions at: https://github.com/AlmasB/FXGL
09:08:19.090 [JavaFX Application Thread] INFO  Engine               -       Ask questions and discuss at: https://github.com/AlmasB/FXGL/discussions
09:08:19.090 [JavaFX Application Thread] INFO  Engine               -              Join the FXGL chat at: https://gitter.im/AlmasB/FXGL
09:08:19.177 [JavaFX Application Thread] DEBUG PrimaryStageWindow   - Creating a JavaFX scene
09:08:19.257 [JavaFX Application Thread] DEBUG PrimaryStageWindow   - Target settings size: 1280.0 x 720.0
09:08:19.257 [JavaFX Application Thread] DEBUG PrimaryStageWindow   - Scaled scene size:    1280.0 x 720.0
09:08:19.257 [JavaFX Application Thread] DEBUG PrimaryStageWindow   - Scaled ratio: (1.0, 1.0)
09:08:19.258 [JavaFX Application Thread] DEBUG PrimaryStageWindow   - Set initial scene to FXGLStartupScene
09:08:19.261 [JavaFX Application Thread] DEBUG PrimaryStageWindow   - Opening main window
09:08:19.326 [JavaFX Application Thread] DEBUG PrimaryStageWindow   - Window border size: (0.0, 35.0)
09:08:19.326 [JavaFX Application Thread] DEBUG PrimaryStageWindow   - Scaled size: 1280.0 x 685.0
09:08:19.327 [JavaFX Application Thread] DEBUG PrimaryStageWindow   - Scaled ratio: (1.0, 0.9513888888888888)
09:08:19.327 [JavaFX Application Thread] DEBUG PrimaryStageWindow   - Scene size: 1280.0 x 720.0
09:08:19.327 [JavaFX Application Thread] DEBUG PrimaryStageWindow   - Stage size: 1280.0 x 720.0
09:08:19.333 [FXGL Background Thread 1 ] DEBUG Engine               - Initializing environment variables
09:08:19.379 [FXGL Background Thread 1 ] DEBUG FXGLAssetLoaderServi - User app class for loading assets: class com.mycompany.horender.HorenderApp
09:08:19.380 [FXGL Background Thread 1 ] DEBUG GameApplicationServi - Applying CSS: fxgl_dark.css
09:08:19.380 [FXGL Background Thread 1 ] DEBUG FXGLAssetLoaderServi - Loading from file system: jar:file:///home/aluno/.m2/repository/com/github/almasb/fxgl/21.1/fxgl-21.1.jar!/fxglassets/ui/css/fxgl_dark.css
09:08:19.424 [FXGL Background Thread 1 ] DEBUG GameApplicationServi - Initializing application scenes
09:08:19.460 [FXGL Background Thread 1 ] DEBUG GameWorld            - Game world initialized
09:08:19.508 [FXGL Background Thread 1 ] DEBUG PhysicsWorld         - Physics world initialized: appHeight=720, physics.ppm=50,0
09:08:19.509 [FXGL Background Thread 1 ] DEBUG PhysicsWorld         - Using strategy: BRUTE_FORCE
09:08:19.512 [FXGL Background Thread 1 ] DEBUG GameScene            - Game scene initialized: 1280x720
09:08:19.520 [FXGL Background Thread 1 ] DEBUG FXGL.DefaultMenu     - createMenuBodyGameMenu()
09:08:19.534 [FXGL Background Thread 1 ] DEBUG FXGL.DefaultMenu     - createOptionsMenu()
09:08:19.542 [FXGL Background Thread 1 ] DEBUG FXGLAssetLoaderServi - Loading from file system: jar:file:///home/aluno/.m2/repository/com/github/almasb/fxgl/21.1/fxgl-21.1.jar!/fxglassets/textures/particles/smoke.png
09:08:19.620 [FXGL Background Thread 1 ] DEBUG FXGLAssetLoaderServi - Loading from file system: jar:file:///home/aluno/.m2/repository/com/github/almasb/fxgl/21.1/fxgl-21.1.jar!/fxglassets/textures/particles/trace_horizontal.png
09:08:19.642 [FXGL Background Thread 1 ] DEBUG GameApplicationServi - Application scenes initialized
09:08:19.653 [FXGL Background Thread 1 ] DEBUG SystemBundleService  - Loading FXGL system data
09:08:19.657 [FXGL Background Thread 1 ] DEBUG FileSystemAccess     - Reading from: /home/aluno/NetBeansProjects/Horender/system/fxgl.bundle
09:08:19.666 [FXGL Background Thread 1 ] DEBUG SystemBundleService  - Bundle FXGL: {}
09:08:19.666 [FXGL Background Thread 1 ] DEBUG UpdaterService       - Checking for updates
09:08:19.670 [FXGL Background Thread 4 ] DEBUG FXGLApplication      - Loading fonts
09:08:19.670 [FXGL Background Thread 4 ] DEBUG FXGLAssetLoaderServi - Loading from file system: jar:file:///home/aluno/.m2/repository/com/github/almasb/fxgl/21.1/fxgl-21.1.jar!/fxglassets/ui/fonts/VarelaRound-Regular.ttf
09:08:19.671 [FXGL Background Thread 1 ] DEBUG FXGLApplication      - Loading default localization
09:08:19.671 [FXGL Background Thread 1 ] DEBUG FXGLAssetLoaderServi - Loading from file system: jar:file:///home/aluno/.m2/repository/com/github/almasb/fxgl/21.1/fxgl-21.1.jar!/fxglassets/languages/english.lang
09:08:19.679 [FXGL Background Thread 4 ] DEBUG FXGLAssetLoaderServi - Loading from file system: jar:file:///home/aluno/.m2/repository/com/github/almasb/fxgl/21.1/fxgl-21.1.jar!/fxglassets/ui/fonts/Abel-Regular.ttf
09:08:19.681 [FXGL Background Thread 4 ] DEBUG FXGLAssetLoaderServi - Loading from file system: jar:file:///home/aluno/.m2/repository/com/github/almasb/fxgl/21.1/fxgl-21.1.jar!/fxglassets/ui/fonts/TerminalLandMono-Regular.otf
09:08:19.682 [FXGL Background Thread 4 ] DEBUG FXGLAssetLoaderServi - Loading from file system: jar:file:///home/aluno/.m2/repository/com/github/almasb/fxgl/21.1/fxgl-21.1.jar!/fxglassets/ui/fonts/Courier-Prime.ttf
09:08:19.684 [FXGL Background Thread 1 ] INFO  FXGLApplication      - FXGL initialization took: 0,352 sec
09:08:19.698 [JavaFX Application Thread] DEBUG Input                - Registered new binding: action0 - I
09:08:19.698 [JavaFX Application Thread] DEBUG FXGLAssetLoaderServi - Loading from file system: jar:file:///home/aluno/.m2/repository/com/github/almasb/fxgl/21.1/fxgl-21.1.jar!/fxglassets/textures/fxgl_icon.png
09:08:19.720 [JavaFX Application Thread] DEBUG FXGLAssetLoaderServi - Loading from file system: jar:file:///home/aluno/.m2/repository/com/github/almasb/fxgl/21.1/fxgl-21.1.jar!/fxglassets/textures/fxgl_default_cursor.png
09:08:19.722 [JavaFX Application Thread] DEBUG Input                - Registered new binding: Screenshot - CTRL+8
09:08:19.722 [JavaFX Application Thread] DEBUG Input                - Registered new binding: System info dump - CTRL+9
09:08:19.723 [JavaFX Application Thread] DEBUG Input                - Registered new binding: Restart - CTRL+R
09:08:19.723 [JavaFX Application Thread] DEBUG Input                - Registered new binding: Toggle Debug Camera - CTRL+7
09:08:19.725 [JavaFX Application Thread] DEBUG LoopRunner           - Starting loop
09:08:19.725 [JavaFX Application Thread] DEBUG LoopRunner           - Initializing JavaFX AnimationTimerLoop
09:08:19.727 [JavaFX Application Thread] DEBUG GameApplicationServi - Starting new game
09:08:19.728 [JavaFX Application Thread] DEBUG Input                - Clearing active input actions
09:08:19.737 [JavaFX Application Thread] DEBUG GameApplicationServi - Removing overlay from FXGLStartupScene and adding to FXGLLoadingScene
09:08:19.737 [JavaFX Application Thread] DEBUG PrimaryStageWindow   - FXGLStartupScene -> FXGLLoadingScene
09:08:19.737 [JavaFX Application Thread] DEBUG GameApplicationServi - Clearing previous game
09:08:19.737 [JavaFX Application Thread] DEBUG GameScene            - Clearing game scene
09:08:19.738 [JavaFX Application Thread] DEBUG GameWorld            - Clearing game world
09:08:19.738 [JavaFX Application Thread] DEBUG PhysicsWorld         - Clearing physics world
09:08:19.739 [FXGL Background Thread 4 ] DEBUG FXGLApplication      - Initializing game
09:08:19.739 [JavaFX Application Thread] DEBUG FXGLApplication      - Registering font factories with UI factory
09:08:20.031 [FXGL Background Thread 4 ] INFO  FXGLApplication      - Game initialization took: 0,292 sec
09:08:20.038 [JavaFX Application Thread] DEBUG Input                - Clearing active input actions
09:08:20.070 [JavaFX Application Thread] DEBUG GameApplicationServi - Removing overlay from FXGLLoadingScene and adding to GameScene
09:08:20.070 [JavaFX Application Thread] DEBUG PrimaryStageWindow   - FXGLLoadingScene -> GameScene
09:08:20.368 [FXGL Background Thread 2 ] INFO  UpdaterService       - Your current version:  21.1
09:08:20.368 [FXGL Background Thread 2 ] INFO  UpdaterService       - Latest stable version: 25
09:08:22.668 [FXGL Background Thread 3 ] DEBUG Engine               - Logging environment variables
09:08:22.669 [FXGL Background Thread 3 ] DEBUG Engine               - achievements: []
09:08:22.669 [FXGL Background Thread 3 ] DEBUG Engine               - actualHeight: 716.0
09:08:22.670 [FXGL Background Thread 3 ] DEBUG Engine               - actualHeightProperty: ReadOnlyDoubleProperty [value: 716.0]
09:08:22.670 [FXGL Background Thread 3 ] DEBUG Engine               - actualWidth: 1282.0
09:08:22.670 [FXGL Background Thread 3 ] DEBUG Engine               - actualWidthProperty: ReadOnlyDoubleProperty [value: 1282.0]
09:08:22.670 [FXGL Background Thread 3 ] DEBUG Engine               - appIcon: fxgl_icon.png
09:08:22.670 [FXGL Background Thread 3 ] DEBUG Engine               - applicationMode: DEVELOPER
09:08:22.670 [FXGL Background Thread 3 ] DEBUG Engine               - cSSList: [fxgl_dark.css]
09:08:22.670 [FXGL Background Thread 3 ] DEBUG Engine               - collisionDetectionStrategy: BRUTE_FORCE
09:08:22.670 [FXGL Background Thread 3 ] DEBUG Engine               - configClass: Optional.empty
09:08:22.671 [FXGL Background Thread 3 ] DEBUG Engine               - credits: []
09:08:22.671 [FXGL Background Thread 3 ] DEBUG Engine               - defaultCursor: CursorInfo(imageName=fxgl_default_cursor.png, hotspotX=7.0, hotspotY=6.0)
09:08:22.671 [FXGL Background Thread 3 ] DEBUG Engine               - devBBoxColorProperty: ObjectProperty [value: 0xff0000ff]
09:08:22.671 [FXGL Background Thread 3 ] DEBUG Engine               - devEnableDebugCameraProperty: BooleanProperty [value: false]
09:08:22.672 [FXGL Background Thread 3 ] DEBUG Engine               - devSensorColorProperty: ObjectProperty [value: 0xffff00ff]
09:08:22.672 [FXGL Background Thread 3 ] DEBUG Engine               - devShowBBoxProperty: BooleanProperty [value: false]
09:08:22.672 [FXGL Background Thread 3 ] DEBUG Engine               - devShowPositionProperty: BooleanProperty [value: false]
09:08:22.672 [FXGL Background Thread 3 ] DEBUG Engine               - enabledMenuItems: []
09:08:22.672 [FXGL Background Thread 3 ] DEBUG Engine               - engineServices: [class com.almasb.fxgl.app.services.FXGLAssetLoaderService, class com.almasb.fxgl.app.FXGLApplication$GameApplicationService, class com.almasb.fxgl.app.services.FXGLDialogService, class com.almasb.fxgl.app.services.IOTaskExecutorService, class com.almasb.fxgl.io.FileSystemService, class com.almasb.fxgl.localization.LocalizationService, class com.almasb.fxgl.app.services.SystemBundleService, class com.almasb.fxgl.profile.SaveLoadService, class com.almasb.fxgl.ui.FXGLUIFactoryServiceProvider, class com.almasb.fxgl.ui.FXGLDialogFactoryServiceProvider, class com.almasb.fxgl.audio.AudioPlayer, class com.almasb.fxgl.notification.impl.NotificationServiceProvider, class com.almasb.fxgl.achievement.AchievementService, class com.almasb.fxgl.cutscene.CutsceneService, class com.almasb.fxgl.minigames.MiniGameService, class com.almasb.fxgl.net.NetService, class com.almasb.fxgl.app.services.UpdaterService, class com.almasb.fxgl.dev.DevService]
09:08:22.672 [FXGL Background Thread 3 ] DEBUG Engine               - fontGame: Abel-Regular.ttf
09:08:22.672 [FXGL Background Thread 3 ] DEBUG Engine               - fontMono: TerminalLandMono-Regular.otf
09:08:22.672 [FXGL Background Thread 3 ] DEBUG Engine               - fontSizeScaleUI: 1.0
09:08:22.672 [FXGL Background Thread 3 ] DEBUG Engine               - fontText: Courier-Prime.ttf
09:08:22.673 [FXGL Background Thread 3 ] DEBUG Engine               - fontUI: VarelaRound-Regular.ttf
09:08:22.673 [FXGL Background Thread 3 ] DEBUG Engine               - fullScreen: BooleanProperty [value: false]
09:08:22.673 [FXGL Background Thread 3 ] DEBUG Engine               - gameDifficulty: MEDIUM
09:08:22.673 [FXGL Background Thread 3 ] DEBUG Engine               - gameDifficultyProperty: ObjectProperty [value: MEDIUM]
09:08:22.673 [FXGL Background Thread 3 ] DEBUG Engine               - globalMusicVolume: 0.5
09:08:22.673 [FXGL Background Thread 3 ] DEBUG Engine               - globalMusicVolumeProperty: DoubleProperty [value: 0.5]
09:08:22.673 [FXGL Background Thread 3 ] DEBUG Engine               - globalSoundVolume: 0.5
09:08:22.674 [FXGL Background Thread 3 ] DEBUG Engine               - globalSoundVolumeProperty: DoubleProperty [value: 0.5]
09:08:22.674 [FXGL Background Thread 3 ] DEBUG Engine               - height: 720
09:08:22.674 [FXGL Background Thread 3 ] DEBUG Engine               - is3D: false
09:08:22.674 [FXGL Background Thread 3 ] DEBUG Engine               - isAndroid: false
09:08:22.674 [FXGL Background Thread 3 ] DEBUG Engine               - isBrowser: false
09:08:22.674 [FXGL Background Thread 3 ] DEBUG Engine               - isClickFeedbackEnabled: false
09:08:22.674 [FXGL Background Thread 3 ] DEBUG Engine               - isCloseConfirmation: false
09:08:22.674 [FXGL Background Thread 3 ] DEBUG Engine               - isDesktop: true
09:08:22.674 [FXGL Background Thread 3 ] DEBUG Engine               - isDeveloperMenuEnabled: false
09:08:22.674 [FXGL Background Thread 3 ] DEBUG Engine               - isEmbedded: false
09:08:22.675 [FXGL Background Thread 3 ] DEBUG Engine               - isEntityPreloadEnabled: true
09:08:22.675 [FXGL Background Thread 3 ] DEBUG Engine               - isExperimentalTiledLargeMap: false
09:08:22.675 [FXGL Background Thread 3 ] DEBUG Engine               - isFileSystemWriteAllowed: true
09:08:22.675 [FXGL Background Thread 3 ] DEBUG Engine               - isFullScreenAllowed: false
09:08:22.675 [FXGL Background Thread 3 ] DEBUG Engine               - isFullScreenFromStart: false
09:08:22.675 [FXGL Background Thread 3 ] DEBUG Engine               - isGameMenuEnabled: true
09:08:22.675 [FXGL Background Thread 3 ] DEBUG Engine               - isIOS: false
09:08:22.675 [FXGL Background Thread 3 ] DEBUG Engine               - isIntroEnabled: false
09:08:22.675 [FXGL Background Thread 3 ] DEBUG Engine               - isLinux: true
09:08:22.675 [FXGL Background Thread 3 ] DEBUG Engine               - isMac: false
09:08:22.676 [FXGL Background Thread 3 ] DEBUG Engine               - isMainMenuEnabled: false
09:08:22.676 [FXGL Background Thread 3 ] DEBUG Engine               - isManualResizeEnabled: false
09:08:22.676 [FXGL Background Thread 3 ] DEBUG Engine               - isMobile: false
09:08:22.676 [FXGL Background Thread 3 ] DEBUG Engine               - isNative: false
09:08:22.676 [FXGL Background Thread 3 ] DEBUG Engine               - isPauseMusicWhenMinimized: true
09:08:22.676 [FXGL Background Thread 3 ] DEBUG Engine               - isPreserveResizeRatio: false
09:08:22.677 [FXGL Background Thread 3 ] DEBUG Engine               - isProfilingEnabled: false
09:08:22.677 [FXGL Background Thread 3 ] DEBUG Engine               - isScaleAffectedOnResize: true
09:08:22.677 [FXGL Background Thread 3 ] DEBUG Engine               - isSingleStep: false
09:08:22.677 [FXGL Background Thread 3 ] DEBUG Engine               - isUserProfileEnabled: false
09:08:22.677 [FXGL Background Thread 3 ] DEBUG Engine               - isWindows: false
09:08:22.677 [FXGL Background Thread 3 ] DEBUG Engine               - language: ObjectProperty [value: ENGLISH]
09:08:22.677 [FXGL Background Thread 3 ] DEBUG Engine               - menuKey: ESCAPE
09:08:22.677 [FXGL Background Thread 3 ] DEBUG Engine               - mouseSensitivity: 0.2
09:08:22.677 [FXGL Background Thread 3 ] DEBUG Engine               - notificationViewClass: class com.almasb.fxgl.notification.view.XboxNotificationView
09:08:22.677 [FXGL Background Thread 3 ] DEBUG Engine               - pixelsPerMeter: 50.0
09:08:22.678 [FXGL Background Thread 3 ] DEBUG Engine               - platform: LINUX
09:08:22.678 [FXGL Background Thread 3 ] DEBUG Engine               - prefHeightProperty: ReadOnlyDoubleProperty [value: 720.0]
09:08:22.678 [FXGL Background Thread 3 ] DEBUG Engine               - prefWidthProperty: ReadOnlyDoubleProperty [value: 1280.0]
09:08:22.678 [FXGL Background Thread 3 ] DEBUG Engine               - profileDir: profiles/
09:08:22.678 [FXGL Background Thread 3 ] DEBUG Engine               - profileName: StringProperty [value: DEFAULT]
09:08:22.678 [FXGL Background Thread 3 ] DEBUG Engine               - randomSeed: -1
09:08:22.679 [FXGL Background Thread 3 ] DEBUG Engine               - runtimeInfo: RuntimeInfo(platform=LINUX, version=21.1, build=27.03.2024 07.52)
09:08:22.679 [FXGL Background Thread 3 ] DEBUG Engine               - saveFileExt: sav
09:08:22.679 [FXGL Background Thread 3 ] DEBUG Engine               - scaledHeightProp$fxgl: DoubleProperty [bound, value: 716.0]
09:08:22.679 [FXGL Background Thread 3 ] DEBUG Engine               - scaledWidthProp$fxgl: DoubleProperty [bound, value: 1282.0]
09:08:22.679 [FXGL Background Thread 3 ] DEBUG Engine               - sceneFactory: com.almasb.fxgl.app.scene.SceneFactory@388a2a1e
09:08:22.679 [FXGL Background Thread 3 ] DEBUG Engine               - secondsIn24h: 60
09:08:22.679 [FXGL Background Thread 3 ] DEBUG Engine               - soundMenuBack: menu/back.wav
09:08:22.679 [FXGL Background Thread 3 ] DEBUG Engine               - soundMenuPress: menu/press.wav
09:08:22.680 [FXGL Background Thread 3 ] DEBUG Engine               - soundMenuSelect: menu/select.wav
09:08:22.680 [FXGL Background Thread 3 ] DEBUG Engine               - soundNotification: core/notification.wav
09:08:22.680 [FXGL Background Thread 3 ] DEBUG Engine               - stageStyle: DECORATED
09:08:22.680 [FXGL Background Thread 3 ] DEBUG Engine               - supportedLanguages: [ENGLISH, FRENCH, GERMAN, HUNGARIAN, RUSSIAN]
09:08:22.680 [FXGL Background Thread 3 ] DEBUG Engine               - ticksPerSecond: -1
09:08:22.680 [FXGL Background Thread 3 ] DEBUG Engine               - title: Horender
09:08:22.680 [FXGL Background Thread 3 ] DEBUG Engine               - urlGithub: https://github.com/AlmasB/FXGL
09:08:22.680 [FXGL Background Thread 3 ] DEBUG Engine               - urlLeaderboard: http://fxgl-top.herokuapp.com/
09:08:22.680 [FXGL Background Thread 3 ] DEBUG Engine               - urlPOM: https://raw.githubusercontent.com/AlmasB/FXGL/release/README.md
09:08:22.680 [FXGL Background Thread 3 ] DEBUG Engine               - userAppClass: class com.mycompany.horender.HorenderApp
09:08:22.680 [FXGL Background Thread 3 ] DEBUG Engine               - version: 0.1
09:08:22.681 [FXGL Background Thread 3 ] DEBUG Engine               - versionCheckDays: 7
09:08:22.681 [FXGL Background Thread 3 ] DEBUG Engine               - width: 1280
09:08:22.681 [FXGL Background Thread 3 ] DEBUG Engine               - Logging services
09:08:22.681 [FXGL Background Thread 3 ] DEBUG Engine               - class com.almasb.fxgl.app.services.FXGLAssetLoaderService
09:08:22.681 [FXGL Background Thread 3 ] DEBUG Engine               - class com.almasb.fxgl.app.FXGLApplication$GameApplicationService
09:08:22.681 [FXGL Background Thread 3 ] DEBUG Engine               - class com.almasb.fxgl.app.services.FXGLDialogService
09:08:22.681 [FXGL Background Thread 3 ] DEBUG Engine               - class com.almasb.fxgl.app.services.IOTaskExecutorService
09:08:22.681 [FXGL Background Thread 3 ] DEBUG Engine               - class com.almasb.fxgl.io.FileSystemService
09:08:22.682 [FXGL Background Thread 3 ] DEBUG Engine               - class com.almasb.fxgl.localization.LocalizationService
09:08:22.682 [FXGL Background Thread 3 ] DEBUG Engine               - class com.almasb.fxgl.app.services.SystemBundleService
09:08:22.682 [FXGL Background Thread 3 ] DEBUG Engine               - class com.almasb.fxgl.profile.SaveLoadService
09:08:22.682 [FXGL Background Thread 3 ] DEBUG Engine               - class com.almasb.fxgl.ui.FXGLUIFactoryServiceProvider
09:08:22.682 [FXGL Background Thread 3 ] DEBUG Engine               - class com.almasb.fxgl.ui.FXGLDialogFactoryServiceProvider
09:08:22.682 [FXGL Background Thread 3 ] DEBUG Engine               - class com.almasb.fxgl.audio.AudioPlayer
09:08:22.682 [FXGL Background Thread 3 ] DEBUG Engine               - class com.almasb.fxgl.notification.impl.NotificationServiceProvider
09:08:22.682 [FXGL Background Thread 3 ] DEBUG Engine               - class com.almasb.fxgl.achievement.AchievementService
09:08:22.682 [FXGL Background Thread 3 ] DEBUG Engine               - class com.almasb.fxgl.cutscene.CutsceneService
09:08:22.682 [FXGL Background Thread 3 ] DEBUG Engine               - class com.almasb.fxgl.minigames.MiniGameService
09:08:22.682 [FXGL Background Thread 3 ] DEBUG Engine               - class com.almasb.fxgl.net.NetService
09:08:22.682 [FXGL Background Thread 3 ] DEBUG Engine               - class com.almasb.fxgl.app.services.UpdaterService
09:08:22.682 [FXGL Background Thread 3 ] DEBUG Engine               - class com.almasb.fxgl.dev.DevService
09:08:36.662 [JavaFX Application Thread] DEBUG PrimaryStageWindow   - Push state: FXGLDefaultMenu
09:08:36.669 [JavaFX Application Thread] DEBUG Input                - Clearing active input actions
09:08:36.675 [JavaFX Application Thread] DEBUG GameApplicationServi - Removing overlay from GameScene and adding to FXGLDefaultMenu
09:08:36.676 [JavaFX Application Thread] DEBUG PrimaryStageWindow   - GameScene -> FXGLDefaultMenu
09:08:46.284 [JavaFX Application Thread] DEBUG Menu                 - fireResume()
09:08:46.287 [JavaFX Application Thread] DEBUG PrimaryStageWindow   - Pop state: FXGLDefaultMenu
09:08:46.287 [JavaFX Application Thread] DEBUG Input                - Clearing active input actions
09:08:46.288 [JavaFX Application Thread] DEBUG GameApplicationServi - Removing overlay from FXGLDefaultMenu and adding to GameScene
09:08:46.289 [JavaFX Application Thread] DEBUG PrimaryStageWindow   - GameScene <- FXGLDefaultMenu
09:08:58.569 [JavaFX Application Thread] DEBUG PrimaryStageWindow   - Push state: FXGLDefaultMenu
09:08:58.570 [JavaFX Application Thread] DEBUG Input                - Clearing active input actions
09:08:58.576 [JavaFX Application Thread] DEBUG GameApplicationServi - Removing overlay from GameScene and adding to FXGLDefaultMenu
09:08:58.577 [JavaFX Application Thread] DEBUG PrimaryStageWindow   - GameScene -> FXGLDefaultMenu
09:09:00.041 [JavaFX Application Thread] DEBUG PrimaryStageWindow   - Pop state: FXGLDefaultMenu
09:09:00.041 [JavaFX Application Thread] DEBUG Input                - Clearing active input actions
09:09:00.042 [JavaFX Application Thread] DEBUG GameApplicationServi - Removing overlay from FXGLDefaultMenu and adding to GameScene
09:09:00.042 [JavaFX Application Thread] DEBUG PrimaryStageWindow   - GameScene <- FXGLDefaultMenu
09:09:00.505 [JavaFX Application Thread] DEBUG PrimaryStageWindow   - Push state: FXGLDefaultMenu
09:09:00.506 [JavaFX Application Thread] DEBUG Input                - Clearing active input actions
09:09:00.512 [JavaFX Application Thread] DEBUG GameApplicationServi - Removing overlay from GameScene and adding to FXGLDefaultMenu
09:09:00.512 [JavaFX Application Thread] DEBUG PrimaryStageWindow   - GameScene -> FXGLDefaultMenu
09:09:00.971 [JavaFX Application Thread] DEBUG PrimaryStageWindow   - Pop state: FXGLDefaultMenu
09:09:00.971 [JavaFX Application Thread] DEBUG Input                - Clearing active input actions
09:09:00.972 [JavaFX Application Thread] DEBUG GameApplicationServi - Removing overlay from FXGLDefaultMenu and adding to GameScene
09:09:00.972 [JavaFX Application Thread] DEBUG PrimaryStageWindow   - GameScene <- FXGLDefaultMenu
09:09:01.314 [JavaFX Application Thread] DEBUG PrimaryStageWindow   - Push state: FXGLDefaultMenu
09:09:01.314 [JavaFX Application Thread] DEBUG Input                - Clearing active input actions
09:09:01.317 [JavaFX Application Thread] DEBUG GameApplicationServi - Removing overlay from GameScene and adding to FXGLDefaultMenu
09:09:01.318 [JavaFX Application Thread] DEBUG PrimaryStageWindow   - GameScene -> FXGLDefaultMenu
09:09:01.700 [JavaFX Application Thread] DEBUG PrimaryStageWindow   - Pop state: FXGLDefaultMenu
09:09:01.701 [JavaFX Application Thread] DEBUG Input                - Clearing active input actions
09:09:01.701 [JavaFX Application Thread] DEBUG GameApplicationServi - Removing overlay from FXGLDefaultMenu and adding to GameScene
09:09:01.701 [JavaFX Application Thread] DEBUG PrimaryStageWindow   - GameScene <- FXGLDefaultMenu
09:09:02.017 [JavaFX Application Thread] DEBUG PrimaryStageWindow   - Push state: FXGLDefaultMenu
09:09:02.017 [JavaFX Application Thread] DEBUG Input                - Clearing active input actions
09:09:02.023 [JavaFX Application Thread] DEBUG GameApplicationServi - Removing overlay from GameScene and adding to FXGLDefaultMenu
09:09:02.024 [JavaFX Application Thread] DEBUG PrimaryStageWindow   - GameScene -> FXGLDefaultMenu
09:09:02.697 [JavaFX Application Thread] DEBUG PrimaryStageWindow   - Pop state: FXGLDefaultMenu
09:09:02.697 [JavaFX Application Thread] DEBUG Input                - Clearing active input actions
09:09:02.697 [JavaFX Application Thread] DEBUG GameApplicationServi - Removing overlay from FXGLDefaultMenu and adding to GameScene
09:09:02.697 [JavaFX Application Thread] DEBUG PrimaryStageWindow   - GameScene <- FXGLDefaultMenu
09:09:02.977 [JavaFX Application Thread] DEBUG PrimaryStageWindow   - Push state: FXGLDefaultMenu
09:09:02.977 [JavaFX Application Thread] DEBUG Input                - Clearing active input actions
09:09:02.984 [JavaFX Application Thread] DEBUG GameApplicationServi - Removing overlay from GameScene and adding to FXGLDefaultMenu
09:09:02.984 [JavaFX Application Thread] DEBUG PrimaryStageWindow   - GameScene -> FXGLDefaultMenu
09:09:03.434 [JavaFX Application Thread] DEBUG PrimaryStageWindow   - Pop state: FXGLDefaultMenu
09:09:03.434 [JavaFX Application Thread] DEBUG Input                - Clearing active input actions
09:09:03.435 [JavaFX Application Thread] DEBUG GameApplicationServi - Removing overlay from FXGLDefaultMenu and adding to GameScene
09:09:03.435 [JavaFX Application Thread] DEBUG PrimaryStageWindow   - GameScene <- FXGLDefaultMenu
09:09:03.761 [JavaFX Application Thread] DEBUG PrimaryStageWindow   - Push state: FXGLDefaultMenu
09:09:03.761 [JavaFX Application Thread] DEBUG Input                - Clearing active input actions
09:09:03.764 [JavaFX Application Thread] DEBUG GameApplicationServi - Removing overlay from GameScene and adding to FXGLDefaultMenu
09:09:03.765 [JavaFX Application Thread] DEBUG PrimaryStageWindow   - GameScene -> FXGLDefaultMenu
09:09:07.065 [JavaFX Application Thread] DEBUG FXGL.DefaultMenu     - createContentControls()
09:09:09.017 [JavaFX Application Thread] DEBUG PrimaryStageWindow   - Push state: PressAnyKeyState
09:09:09.017 [JavaFX Application Thread] DEBUG Input                - Clearing active input actions
09:09:09.017 [JavaFX Application Thread] DEBUG GameApplicationServi - Removing overlay from FXGLDefaultMenu and adding to PressAnyKeyState
09:09:09.018 [JavaFX Application Thread] DEBUG PrimaryStageWindow   - FXGLDefaultMenu -> PressAnyKeyState
09:09:10.236 [JavaFX Application Thread] DEBUG PrimaryStageWindow   - Pop state: PressAnyKeyState
09:09:10.236 [JavaFX Application Thread] DEBUG Input                - Clearing active input actions
09:09:10.236 [JavaFX Application Thread] DEBUG GameApplicationServi - Removing overlay from PressAnyKeyState and adding to FXGLDefaultMenu
09:09:10.237 [JavaFX Application Thread] DEBUG PrimaryStageWindow   - FXGLDefaultMenu <- PressAnyKeyState
09:09:14.873 [JavaFX Application Thread] DEBUG PrimaryStageWindow   - Push state: PressAnyKeyState
09:09:14.874 [JavaFX Application Thread] DEBUG Input                - Clearing active input actions
09:09:14.874 [JavaFX Application Thread] DEBUG GameApplicationServi - Removing overlay from FXGLDefaultMenu and adding to PressAnyKeyState
09:09:14.874 [JavaFX Application Thread] DEBUG PrimaryStageWindow   - FXGLDefaultMenu -> PressAnyKeyState
09:09:19.587 [JavaFX Application Thread] DEBUG PrimaryStageWindow   - Pop state: PressAnyKeyState
09:09:19.587 [JavaFX Application Thread] DEBUG Input                - Clearing active input actions
09:09:19.587 [JavaFX Application Thread] DEBUG GameApplicationServi - Removing overlay from PressAnyKeyState and adding to FXGLDefaultMenu
09:09:19.588 [JavaFX Application Thread] DEBUG PrimaryStageWindow   - FXGLDefaultMenu <- PressAnyKeyState
09:09:22.772 [JavaFX Application Thread] DEBUG FXGL.DefaultMenu     - createContentGameplay()
09:09:24.320 [JavaFX Application Thread] DEBUG FXGL.DefaultMenu     - createContentAudio()
09:09:29.227 [JavaFX Application Thread] DEBUG PrimaryStageWindow   - Push state: DialogSubScene
09:09:29.227 [JavaFX Application Thread] DEBUG Input                - Clearing active input actions
09:09:29.227 [JavaFX Application Thread] DEBUG GameApplicationServi - Removing overlay from FXGLDefaultMenu and adding to DialogSubScene
09:09:29.227 [JavaFX Application Thread] DEBUG PrimaryStageWindow   - FXGLDefaultMenu -> DialogSubScene
09:09:30.666 [JavaFX Application Thread] DEBUG PrimaryStageWindow   - Pop state: DialogSubScene
09:09:30.666 [JavaFX Application Thread] DEBUG Input                - Clearing active input actions
09:09:30.667 [JavaFX Application Thread] DEBUG GameApplicationServi - Removing overlay from DialogSubScene and adding to FXGLDefaultMenu
09:09:30.667 [JavaFX Application Thread] DEBUG PrimaryStageWindow   - FXGLDefaultMenu <- DialogSubScene
09:09:32.540 [JavaFX Application Thread] DEBUG FXGL.DefaultMenu     - createContentVideo()
09:23:14.134 [JavaFX Application Thread] DEBUG FXGLApplication      - Exiting FXGL
09:23:14.134 [JavaFX Application Thread] DEBUG LoopRunner           - Stopping loop
09:23:14.134 [JavaFX Application Thread] DEBUG SystemBundleService  - Saving FXGL system data
09:23:14.137 [JavaFX Application Thread] DEBUG FileSystemAccess     - Writing to: /home/aluno/NetBeansProjects/Horender/system/fxgl.bundle
09:23:14.140 [JavaFX Application Thread] DEBUG Async                - Shutting down background threads
09:23:14.140 [JavaFX Application Thread] DEBUG PrimaryStageWindow   - Closing main window
09:23:14.142 [JavaFX Application Thread] DEBUG Logger               - Closing Logger
