12:32:49.505 [main                     ] DEBUG Logger               - Configured Logger
12:32:49.541 [main                     ] DEBUG GameApplication      - Logging settings
Title: Horender
Version: 0.1
Width: 800
Height: 600
Fullscreen: false
Intro: false
Profiling: false
Single step:false
App Mode: DEVELOPER
Menu Key: ESCAPE
Stage Style: DECORATED
Scene Factory: class com.almasb.fxgl.app.scene.SceneFactory

12:32:49.876 [JavaFX Application Thread] DEBUG FXGLApplication      - Initializing FXGL
12:32:49.882 [JavaFX Application Thread] INFO  Engine               - FXGL-21 (28.12.2023 13.35) on WINDOWS (J:21.0.11 FX:21.0.1)
12:32:49.882 [JavaFX Application Thread] DEBUG Engine               - JRE Vendor Name: Oracle Corporation
12:32:49.883 [JavaFX Application Thread] DEBUG Engine               - Running on OS: Windows 11 version 10.0
12:32:49.883 [JavaFX Application Thread] DEBUG Engine               - Architecture: amd64
12:32:49.883 [JavaFX Application Thread] INFO  Engine               - Source code and latest versions at: https://github.com/AlmasB/FXGL
12:32:49.883 [JavaFX Application Thread] INFO  Engine               -       Ask questions and discuss at: https://github.com/AlmasB/FXGL/discussions
12:32:49.883 [JavaFX Application Thread] INFO  Engine               -              Join the FXGL chat at: https://gitter.im/AlmasB/FXGL
12:32:49.969 [JavaFX Application Thread] DEBUG PrimaryStageWindow   - Creating a JavaFX scene
12:32:50.021 [JavaFX Application Thread] DEBUG PrimaryStageWindow   - Target settings size: 800.0 x 600.0
12:32:50.021 [JavaFX Application Thread] DEBUG PrimaryStageWindow   - Scaled scene size:    800.0 x 600.0
12:32:50.022 [JavaFX Application Thread] DEBUG PrimaryStageWindow   - Scaled ratio: (1.0, 1.0)
12:32:50.023 [JavaFX Application Thread] DEBUG PrimaryStageWindow   - Set initial scene to FXGLStartupScene
12:32:50.026 [JavaFX Application Thread] DEBUG PrimaryStageWindow   - Opening main window
12:32:50.124 [JavaFX Application Thread] DEBUG PrimaryStageWindow   - Window border size: (16.0, 39.0)
12:32:50.124 [JavaFX Application Thread] DEBUG PrimaryStageWindow   - Scaled size: 800.0 x 600.0
12:32:50.124 [JavaFX Application Thread] DEBUG PrimaryStageWindow   - Scaled ratio: (1.0, 1.0)
12:32:50.125 [JavaFX Application Thread] DEBUG PrimaryStageWindow   - Scene size: 800.0 x 600.0
12:32:50.125 [JavaFX Application Thread] DEBUG PrimaryStageWindow   - Stage size: 816.0 x 639.0
12:32:50.135 [FXGL Background Thread 1 ] DEBUG Engine               - Initializing environment variables
12:32:50.216 [FXGL Background Thread 1 ] DEBUG FXGLAssetLoaderServi - User app class for loading assets: class com.mycompany.horender.HorenderApp
12:32:50.216 [FXGL Background Thread 1 ] DEBUG GameApplicationServi - Applying CSS: fxgl_dark.css
12:32:50.217 [FXGL Background Thread 1 ] DEBUG FXGLAssetLoaderServi - Loading from file system: jar:file:///C:/Users/Priscila/.m2/repository/com/github/almasb/fxgl/21/fxgl-21.jar!/fxglassets/ui/css/fxgl_dark.css
12:32:50.277 [FXGL Background Thread 1 ] DEBUG GameApplicationServi - Initializing application scenes
12:32:50.326 [FXGL Background Thread 1 ] DEBUG GameWorld            - Game world initialized
12:32:50.431 [FXGL Background Thread 1 ] DEBUG PhysicsWorld         - Physics world initialized: appHeight=600, physics.ppm=50,0
12:32:50.431 [FXGL Background Thread 1 ] DEBUG PhysicsWorld         - Using strategy: BRUTE_FORCE
12:32:50.435 [FXGL Background Thread 1 ] DEBUG GameScene            - Game scene initialized: 800x600
12:32:50.455 [FXGL Background Thread 1 ] DEBUG FXGL.DefaultMenu     - createMenuBodyGameMenu()
12:32:50.477 [FXGL Background Thread 1 ] DEBUG FXGL.DefaultMenu     - createOptionsMenu()
12:32:50.489 [FXGL Background Thread 1 ] DEBUG FXGLAssetLoaderServi - Loading from file system: jar:file:///C:/Users/Priscila/.m2/repository/com/github/almasb/fxgl/21/fxgl-21.jar!/fxglassets/textures/particles/smoke.png
12:32:50.608 [FXGL Background Thread 1 ] DEBUG FXGLAssetLoaderServi - Loading from file system: jar:file:///C:/Users/Priscila/.m2/repository/com/github/almasb/fxgl/21/fxgl-21.jar!/fxglassets/textures/particles/trace_horizontal.png
12:32:50.651 [FXGL Background Thread 1 ] DEBUG GameApplicationServi - Application scenes initialized
12:32:50.666 [FXGL Background Thread 1 ] DEBUG SystemBundleService  - Loading FXGL system data
12:32:50.673 [FXGL Background Thread 1 ] DEBUG FileSystemAccess     - Reading from: C:\Users\Priscila\Downloads\Horender\Horender\system\fxgl.bundle
12:32:50.683 [FXGL Background Thread 1 ] DEBUG SystemBundleService  - Bundle FXGL: {}
12:32:50.684 [FXGL Background Thread 1 ] DEBUG UpdaterService       - Checking for updates
12:32:50.688 [FXGL Background Thread 4 ] DEBUG FXGLApplication      - Loading fonts
12:32:50.688 [FXGL Background Thread 1 ] DEBUG FXGLApplication      - Loading default localization
12:32:50.688 [FXGL Background Thread 4 ] DEBUG FXGLAssetLoaderServi - Loading from file system: jar:file:///C:/Users/Priscila/.m2/repository/com/github/almasb/fxgl/21/fxgl-21.jar!/fxglassets/ui/fonts/VarelaRound-Regular.ttf
12:32:50.689 [FXGL Background Thread 1 ] DEBUG FXGLAssetLoaderServi - Loading from file system: jar:file:///C:/Users/Priscila/.m2/repository/com/github/almasb/fxgl/21/fxgl-21.jar!/fxglassets/languages/english.lang
12:32:50.716 [FXGL Background Thread 1 ] INFO  FXGLApplication      - FXGL initialization took: 0,581 sec
12:32:50.717 [JavaFX Application Thread] DEBUG FXGLAssetLoaderServi - Loading from file system: jar:file:///C:/Users/Priscila/.m2/repository/com/github/almasb/fxgl/21/fxgl-21.jar!/fxglassets/textures/fxgl_icon.png
12:32:50.737 [FXGL Background Thread 4 ] DEBUG FXGLAssetLoaderServi - Loading from file system: jar:file:///C:/Users/Priscila/.m2/repository/com/github/almasb/fxgl/21/fxgl-21.jar!/fxglassets/ui/fonts/Abel-Regular.ttf
12:32:50.742 [JavaFX Application Thread] DEBUG FXGLAssetLoaderServi - Loading from file system: jar:file:///C:/Users/Priscila/.m2/repository/com/github/almasb/fxgl/21/fxgl-21.jar!/fxglassets/textures/fxgl_default_cursor.png
12:32:50.753 [FXGL Background Thread 4 ] DEBUG FXGLAssetLoaderServi - Loading from file system: jar:file:///C:/Users/Priscila/.m2/repository/com/github/almasb/fxgl/21/fxgl-21.jar!/fxglassets/ui/fonts/TerminalLandMono-Regular.otf
12:32:50.759 [JavaFX Application Thread] DEBUG Input                - Registered new binding: Screenshot - CTRL+8
12:32:50.761 [JavaFX Application Thread] DEBUG Input                - Registered new binding: System info dump - CTRL+9
12:32:50.762 [JavaFX Application Thread] DEBUG Input                - Registered new binding: Restart - CTRL+R
12:32:50.762 [JavaFX Application Thread] DEBUG Input                - Registered new binding: Toggle Debug Camera - CTRL+7
12:32:50.766 [JavaFX Application Thread] DEBUG LoopRunner           - Starting loop
12:32:50.766 [JavaFX Application Thread] DEBUG LoopRunner           - Initializing JavaFX AnimationTimerLoop
12:32:50.769 [JavaFX Application Thread] DEBUG GameApplicationServi - Starting new game
12:32:50.769 [JavaFX Application Thread] DEBUG Input                - Clearing active input actions
12:32:50.774 [FXGL Background Thread 4 ] DEBUG FXGLAssetLoaderServi - Loading from file system: jar:file:///C:/Users/Priscila/.m2/repository/com/github/almasb/fxgl/21/fxgl-21.jar!/fxglassets/ui/fonts/Courier-Prime.ttf
12:32:50.786 [JavaFX Application Thread] DEBUG GameApplicationServi - Removing overlay from FXGLStartupScene and adding to FXGLLoadingScene
12:32:50.786 [JavaFX Application Thread] DEBUG PrimaryStageWindow   - FXGLStartupScene -> FXGLLoadingScene
12:32:50.786 [JavaFX Application Thread] DEBUG GameApplicationServi - Clearing previous game
12:32:50.786 [JavaFX Application Thread] DEBUG GameScene            - Clearing game scene
12:32:50.786 [JavaFX Application Thread] DEBUG GameWorld            - Clearing game world
12:32:50.787 [JavaFX Application Thread] DEBUG PhysicsWorld         - Clearing physics world
12:32:50.788 [FXGL Background Thread 1 ] DEBUG FXGLApplication      - Initializing game
12:32:50.827 [FXGL Background Thread 1 ] DEBUG FXGLAssetLoaderServi - Loading from file system: file:/C:/Users/Priscila/Downloads/Horender/Horender/target/classes/assets/textures/IDLE.png
12:32:50.843 [JavaFX Application Thread] DEBUG FXGLApplication      - Registering font factories with UI factory
12:32:50.887 [FXGL Background Thread 1 ] INFO  FXGLApplication      - Game initialization took: 0,099 sec
12:32:50.947 [JavaFX Application Thread] DEBUG Input                - Clearing active input actions
12:32:50.964 [JavaFX Application Thread] DEBUG GameApplicationServi - Removing overlay from FXGLLoadingScene and adding to GameScene
12:32:50.964 [JavaFX Application Thread] DEBUG PrimaryStageWindow   - FXGLLoadingScene -> GameScene
12:32:51.259 [FXGL Background Thread 2 ] INFO  UpdaterService       - Your current version:  21
12:32:51.259 [FXGL Background Thread 2 ] INFO  UpdaterService       - Latest stable version: 25
12:32:53.687 [FXGL Background Thread 3 ] DEBUG Engine               - Logging environment variables
12:32:53.689 [FXGL Background Thread 3 ] DEBUG Engine               - achievements: []
12:32:53.689 [FXGL Background Thread 3 ] DEBUG Engine               - actualHeight: 600.0
12:32:53.689 [FXGL Background Thread 3 ] DEBUG Engine               - actualHeightProperty: ReadOnlyDoubleProperty [value: 600.0]
12:32:53.690 [FXGL Background Thread 3 ] DEBUG Engine               - actualWidth: 800.0
12:32:53.690 [FXGL Background Thread 3 ] DEBUG Engine               - actualWidthProperty: ReadOnlyDoubleProperty [value: 800.0]
12:32:53.690 [FXGL Background Thread 3 ] DEBUG Engine               - appIcon: fxgl_icon.png
12:32:53.690 [FXGL Background Thread 3 ] DEBUG Engine               - applicationMode: DEVELOPER
12:32:53.691 [FXGL Background Thread 3 ] DEBUG Engine               - cSSList: [fxgl_dark.css]
12:32:53.691 [FXGL Background Thread 3 ] DEBUG Engine               - collisionDetectionStrategy: BRUTE_FORCE
12:32:53.691 [FXGL Background Thread 3 ] DEBUG Engine               - configClass: Optional.empty
12:32:53.691 [FXGL Background Thread 3 ] DEBUG Engine               - credits: []
12:32:53.693 [FXGL Background Thread 3 ] DEBUG Engine               - defaultCursor: CursorInfo(imageName=fxgl_default_cursor.png, hotspotX=7.0, hotspotY=6.0)
12:32:53.693 [FXGL Background Thread 3 ] DEBUG Engine               - devBBoxColorProperty: ObjectProperty [value: 0xff0000ff]
12:32:53.695 [FXGL Background Thread 3 ] DEBUG Engine               - devEnableDebugCameraProperty: BooleanProperty [value: false]
12:32:53.695 [FXGL Background Thread 3 ] DEBUG Engine               - devSensorColorProperty: ObjectProperty [value: 0xffff00ff]
12:32:53.695 [FXGL Background Thread 3 ] DEBUG Engine               - devShowBBoxProperty: BooleanProperty [value: false]
12:32:53.696 [FXGL Background Thread 3 ] DEBUG Engine               - devShowPositionProperty: BooleanProperty [value: false]
12:32:53.696 [FXGL Background Thread 3 ] DEBUG Engine               - enabledMenuItems: []
12:32:53.696 [FXGL Background Thread 3 ] DEBUG Engine               - engineServices: [class com.almasb.fxgl.app.services.FXGLAssetLoaderService, class com.almasb.fxgl.app.FXGLApplication$GameApplicationService, class com.almasb.fxgl.app.services.FXGLDialogService, class com.almasb.fxgl.app.services.IOTaskExecutorService, class com.almasb.fxgl.io.FileSystemService, class com.almasb.fxgl.localization.LocalizationService, class com.almasb.fxgl.app.services.SystemBundleService, class com.almasb.fxgl.profile.SaveLoadService, class com.almasb.fxgl.ui.FXGLUIFactoryServiceProvider, class com.almasb.fxgl.ui.FXGLDialogFactoryServiceProvider, class com.almasb.fxgl.audio.AudioPlayer, class com.almasb.fxgl.notification.impl.NotificationServiceProvider, class com.almasb.fxgl.achievement.AchievementService, class com.almasb.fxgl.cutscene.CutsceneService, class com.almasb.fxgl.minigames.MiniGameService, class com.almasb.fxgl.net.NetService, class com.almasb.fxgl.app.services.UpdaterService, class com.almasb.fxgl.dev.DevService]
12:32:53.696 [FXGL Background Thread 3 ] DEBUG Engine               - fontGame: Abel-Regular.ttf
12:32:53.697 [FXGL Background Thread 3 ] DEBUG Engine               - fontMono: TerminalLandMono-Regular.otf
12:32:53.697 [FXGL Background Thread 3 ] DEBUG Engine               - fontSizeScaleUI: 1.0
12:32:53.697 [FXGL Background Thread 3 ] DEBUG Engine               - fontText: Courier-Prime.ttf
12:32:53.697 [FXGL Background Thread 3 ] DEBUG Engine               - fontUI: VarelaRound-Regular.ttf
12:32:53.698 [FXGL Background Thread 3 ] DEBUG Engine               - fullScreen: BooleanProperty [value: false]
12:32:53.698 [FXGL Background Thread 3 ] DEBUG Engine               - gameDifficulty: MEDIUM
12:32:53.698 [FXGL Background Thread 3 ] DEBUG Engine               - gameDifficultyProperty: ObjectProperty [value: MEDIUM]
12:32:53.698 [FXGL Background Thread 3 ] DEBUG Engine               - globalMusicVolume: 0.5
12:32:53.699 [FXGL Background Thread 3 ] DEBUG Engine               - globalMusicVolumeProperty: DoubleProperty [value: 0.5]
12:32:53.699 [FXGL Background Thread 3 ] DEBUG Engine               - globalSoundVolume: 0.5
12:32:53.699 [FXGL Background Thread 3 ] DEBUG Engine               - globalSoundVolumeProperty: DoubleProperty [value: 0.5]
12:32:53.699 [FXGL Background Thread 3 ] DEBUG Engine               - height: 600
12:32:53.700 [FXGL Background Thread 3 ] DEBUG Engine               - is3D: false
12:32:53.700 [FXGL Background Thread 3 ] DEBUG Engine               - isAndroid: false
12:32:53.700 [FXGL Background Thread 3 ] DEBUG Engine               - isBrowser: false
12:32:53.700 [FXGL Background Thread 3 ] DEBUG Engine               - isClickFeedbackEnabled: false
12:32:53.700 [FXGL Background Thread 3 ] DEBUG Engine               - isCloseConfirmation: false
12:32:53.700 [FXGL Background Thread 3 ] DEBUG Engine               - isDesktop: true
12:32:53.700 [FXGL Background Thread 3 ] DEBUG Engine               - isDeveloperMenuEnabled: false
12:32:53.701 [FXGL Background Thread 3 ] DEBUG Engine               - isEmbedded: false
12:32:53.701 [FXGL Background Thread 3 ] DEBUG Engine               - isEntityPreloadEnabled: true
12:32:53.701 [FXGL Background Thread 3 ] DEBUG Engine               - isExperimentalTiledLargeMap: false
12:32:53.701 [FXGL Background Thread 3 ] DEBUG Engine               - isFileSystemWriteAllowed: true
12:32:53.701 [FXGL Background Thread 3 ] DEBUG Engine               - isFullScreenAllowed: false
12:32:53.701 [FXGL Background Thread 3 ] DEBUG Engine               - isFullScreenFromStart: false
12:32:53.701 [FXGL Background Thread 3 ] DEBUG Engine               - isGameMenuEnabled: true
12:32:53.701 [FXGL Background Thread 3 ] DEBUG Engine               - isIOS: false
12:32:53.702 [FXGL Background Thread 3 ] DEBUG Engine               - isIntroEnabled: false
12:32:53.702 [FXGL Background Thread 3 ] DEBUG Engine               - isLinux: false
12:32:53.702 [FXGL Background Thread 3 ] DEBUG Engine               - isMac: false
12:32:53.702 [FXGL Background Thread 3 ] DEBUG Engine               - isMainMenuEnabled: false
12:32:53.702 [FXGL Background Thread 3 ] DEBUG Engine               - isManualResizeEnabled: false
12:32:53.702 [FXGL Background Thread 3 ] DEBUG Engine               - isMobile: false
12:32:53.702 [FXGL Background Thread 3 ] DEBUG Engine               - isNative: false
12:32:53.703 [FXGL Background Thread 3 ] DEBUG Engine               - isPauseMusicWhenMinimized: true
12:32:53.703 [FXGL Background Thread 3 ] DEBUG Engine               - isPreserveResizeRatio: false
12:32:53.703 [FXGL Background Thread 3 ] DEBUG Engine               - isProfilingEnabled: false
12:32:53.703 [FXGL Background Thread 3 ] DEBUG Engine               - isScaleAffectedOnResize: true
12:32:53.703 [FXGL Background Thread 3 ] DEBUG Engine               - isSingleStep: false
12:32:53.703 [FXGL Background Thread 3 ] DEBUG Engine               - isUserProfileEnabled: false
12:32:53.703 [FXGL Background Thread 3 ] DEBUG Engine               - isWindows: true
12:32:53.704 [FXGL Background Thread 3 ] DEBUG Engine               - language: ObjectProperty [value: ENGLISH]
12:32:53.704 [FXGL Background Thread 3 ] DEBUG Engine               - menuKey: ESCAPE
12:32:53.704 [FXGL Background Thread 3 ] DEBUG Engine               - mouseSensitivity: 0.2
12:32:53.704 [FXGL Background Thread 3 ] DEBUG Engine               - notificationViewClass: class com.almasb.fxgl.notification.view.XboxNotificationView
12:32:53.704 [FXGL Background Thread 3 ] DEBUG Engine               - pixelsPerMeter: 50.0
12:32:53.704 [FXGL Background Thread 3 ] DEBUG Engine               - platform: WINDOWS
12:32:53.704 [FXGL Background Thread 3 ] DEBUG Engine               - prefHeightProperty: ReadOnlyDoubleProperty [value: 600.0]
12:32:53.704 [FXGL Background Thread 3 ] DEBUG Engine               - prefWidthProperty: ReadOnlyDoubleProperty [value: 800.0]
12:32:53.705 [FXGL Background Thread 3 ] DEBUG Engine               - profileDir: profiles/
12:32:53.705 [FXGL Background Thread 3 ] DEBUG Engine               - profileName: StringProperty [value: DEFAULT]
12:32:53.705 [FXGL Background Thread 3 ] DEBUG Engine               - randomSeed: -1
12:32:53.705 [FXGL Background Thread 3 ] DEBUG Engine               - runtimeInfo: RuntimeInfo(platform=WINDOWS, version=21, build=28.12.2023 13.35)
12:32:53.705 [FXGL Background Thread 3 ] DEBUG Engine               - saveFileExt: sav
12:32:53.705 [FXGL Background Thread 3 ] DEBUG Engine               - scaledHeightProp$fxgl: DoubleProperty [bound, value: 600.0]
12:32:53.706 [FXGL Background Thread 3 ] DEBUG Engine               - scaledWidthProp$fxgl: DoubleProperty [bound, value: 800.0]
12:32:53.706 [FXGL Background Thread 3 ] DEBUG Engine               - sceneFactory: com.almasb.fxgl.app.scene.SceneFactory@4bf04e13
12:32:53.706 [FXGL Background Thread 3 ] DEBUG Engine               - secondsIn24h: 60
12:32:53.706 [FXGL Background Thread 3 ] DEBUG Engine               - soundMenuBack: menu/back.wav
12:32:53.706 [FXGL Background Thread 3 ] DEBUG Engine               - soundMenuPress: menu/press.wav
12:32:53.706 [FXGL Background Thread 3 ] DEBUG Engine               - soundMenuSelect: menu/select.wav
12:32:53.706 [FXGL Background Thread 3 ] DEBUG Engine               - soundNotification: core/notification.wav
12:32:53.706 [FXGL Background Thread 3 ] DEBUG Engine               - stageStyle: DECORATED
12:32:53.706 [FXGL Background Thread 3 ] DEBUG Engine               - supportedLanguages: [ENGLISH, FRENCH, GERMAN, HUNGARIAN, RUSSIAN]
12:32:53.706 [FXGL Background Thread 3 ] DEBUG Engine               - ticksPerSecond: -1
12:32:53.707 [FXGL Background Thread 3 ] DEBUG Engine               - title: Horender
12:32:53.707 [FXGL Background Thread 3 ] DEBUG Engine               - urlGithub: https://github.com/AlmasB/FXGL
12:32:53.707 [FXGL Background Thread 3 ] DEBUG Engine               - urlLeaderboard: http://fxgl-top.herokuapp.com/
12:32:53.707 [FXGL Background Thread 3 ] DEBUG Engine               - urlPOM: https://raw.githubusercontent.com/AlmasB/FXGL/release/README.md
12:32:53.707 [FXGL Background Thread 3 ] DEBUG Engine               - userAppClass: class com.mycompany.horender.HorenderApp
12:32:53.707 [FXGL Background Thread 3 ] DEBUG Engine               - version: 0.1
12:32:53.707 [FXGL Background Thread 3 ] DEBUG Engine               - versionCheckDays: 7
12:32:53.707 [FXGL Background Thread 3 ] DEBUG Engine               - width: 800
12:32:53.707 [FXGL Background Thread 3 ] DEBUG Engine               - Logging services
12:32:53.707 [FXGL Background Thread 3 ] DEBUG Engine               - class com.almasb.fxgl.app.services.FXGLAssetLoaderService
12:32:53.707 [FXGL Background Thread 3 ] DEBUG Engine               - class com.almasb.fxgl.app.FXGLApplication$GameApplicationService
12:32:53.707 [FXGL Background Thread 3 ] DEBUG Engine               - class com.almasb.fxgl.app.services.FXGLDialogService
12:32:53.708 [FXGL Background Thread 3 ] DEBUG Engine               - class com.almasb.fxgl.app.services.IOTaskExecutorService
12:32:53.708 [FXGL Background Thread 3 ] DEBUG Engine               - class com.almasb.fxgl.io.FileSystemService
12:32:53.708 [FXGL Background Thread 3 ] DEBUG Engine               - class com.almasb.fxgl.localization.LocalizationService
12:32:53.708 [FXGL Background Thread 3 ] DEBUG Engine               - class com.almasb.fxgl.app.services.SystemBundleService
12:32:53.708 [FXGL Background Thread 3 ] DEBUG Engine               - class com.almasb.fxgl.profile.SaveLoadService
12:32:53.708 [FXGL Background Thread 3 ] DEBUG Engine               - class com.almasb.fxgl.ui.FXGLUIFactoryServiceProvider
12:32:53.709 [FXGL Background Thread 3 ] DEBUG Engine               - class com.almasb.fxgl.ui.FXGLDialogFactoryServiceProvider
12:32:53.709 [FXGL Background Thread 3 ] DEBUG Engine               - class com.almasb.fxgl.audio.AudioPlayer
12:32:53.709 [FXGL Background Thread 3 ] DEBUG Engine               - class com.almasb.fxgl.notification.impl.NotificationServiceProvider
12:32:53.709 [FXGL Background Thread 3 ] DEBUG Engine               - class com.almasb.fxgl.achievement.AchievementService
12:32:53.709 [FXGL Background Thread 3 ] DEBUG Engine               - class com.almasb.fxgl.cutscene.CutsceneService
12:32:53.709 [FXGL Background Thread 3 ] DEBUG Engine               - class com.almasb.fxgl.minigames.MiniGameService
12:32:53.709 [FXGL Background Thread 3 ] DEBUG Engine               - class com.almasb.fxgl.net.NetService
12:32:53.709 [FXGL Background Thread 3 ] DEBUG Engine               - class com.almasb.fxgl.app.services.UpdaterService
12:32:53.709 [FXGL Background Thread 3 ] DEBUG Engine               - class com.almasb.fxgl.dev.DevService
12:33:01.149 [JavaFX Application Thread] DEBUG FXGLApplication      - Exiting FXGL
12:33:01.151 [JavaFX Application Thread] DEBUG LoopRunner           - Stopping loop
12:33:01.151 [JavaFX Application Thread] DEBUG SystemBundleService  - Saving FXGL system data
12:33:01.158 [JavaFX Application Thread] DEBUG FileSystemAccess     - Writing to: C:\Users\Priscila\Downloads\Horender\Horender\system\fxgl.bundle
12:33:01.164 [JavaFX Application Thread] DEBUG Async                - Shutting down background threads
12:33:01.164 [JavaFX Application Thread] DEBUG PrimaryStageWindow   - Closing main window
12:33:01.183 [JavaFX Application Thread] DEBUG Logger               - Closing Logger
