00:42:40.626 [main                     ] DEBUG Logger               - Configured Logger
00:42:40.664 [main                     ] DEBUG GameApplication      - Logging settings
Title: Horender
Version: 0.1
Width: 1280
Height: 720
Fullscreen: false
Intro: false
Profiling: false
Single step:false
App Mode: DEVELOPER
Menu Key: ESCAPE
Stage Style: DECORATED
Scene Factory: class com.almasb.fxgl.app.scene.SceneFactory

00:42:41.153 [JavaFX Application Thread] DEBUG FXGLApplication      - Initializing FXGL
00:42:41.159 [JavaFX Application Thread] INFO  Engine               - FXGL-21.1 (27.03.2024 07.52) on WINDOWS (J:21.0.11 FX:21.0.1)
00:42:41.159 [JavaFX Application Thread] DEBUG Engine               - JRE Vendor Name: Oracle Corporation
00:42:41.160 [JavaFX Application Thread] DEBUG Engine               - Running on OS: Windows 11 version 10.0
00:42:41.160 [JavaFX Application Thread] DEBUG Engine               - Architecture: amd64
00:42:41.160 [JavaFX Application Thread] INFO  Engine               - Source code and latest versions at: https://github.com/AlmasB/FXGL
00:42:41.160 [JavaFX Application Thread] INFO  Engine               -       Ask questions and discuss at: https://github.com/AlmasB/FXGL/discussions
00:42:41.160 [JavaFX Application Thread] INFO  Engine               -              Join the FXGL chat at: https://gitter.im/AlmasB/FXGL
00:42:41.277 [JavaFX Application Thread] DEBUG PrimaryStageWindow   - Creating a JavaFX scene
00:42:41.341 [JavaFX Application Thread] DEBUG PrimaryStageWindow   - Target settings size: 1280.0 x 720.0
00:42:41.341 [JavaFX Application Thread] DEBUG PrimaryStageWindow   - Scaled scene size:    1280.0 x 720.0
00:42:41.342 [JavaFX Application Thread] DEBUG PrimaryStageWindow   - Scaled ratio: (1.0, 1.0)
00:42:41.343 [JavaFX Application Thread] DEBUG PrimaryStageWindow   - Set initial scene to FXGLStartupScene
00:42:41.348 [JavaFX Application Thread] DEBUG PrimaryStageWindow   - Opening main window
00:42:41.440 [JavaFX Application Thread] DEBUG PrimaryStageWindow   - Window border size: (16.0, 39.0)
00:42:41.440 [JavaFX Application Thread] DEBUG PrimaryStageWindow   - Scaled size: 1280.0 x 720.0
00:42:41.440 [JavaFX Application Thread] DEBUG PrimaryStageWindow   - Scaled ratio: (1.0, 1.0)
00:42:41.441 [JavaFX Application Thread] DEBUG PrimaryStageWindow   - Scene size: 1280.0 x 720.0
00:42:41.441 [JavaFX Application Thread] DEBUG PrimaryStageWindow   - Stage size: 1296.0 x 759.0
00:42:41.449 [FXGL Background Thread 1 ] DEBUG Engine               - Initializing environment variables
00:42:41.539 [FXGL Background Thread 1 ] DEBUG FXGLAssetLoaderServi - User app class for loading assets: class com.mycompany.horender.HorenderApp
00:42:41.539 [FXGL Background Thread 1 ] DEBUG GameApplicationServi - Applying CSS: fxgl_dark.css
00:42:41.540 [FXGL Background Thread 1 ] DEBUG FXGLAssetLoaderServi - Loading from file system: jar:file:///C:/Users/Priscila/.m2/repository/com/github/almasb/fxgl/21.1/fxgl-21.1.jar!/fxglassets/ui/css/fxgl_dark.css
00:42:41.596 [FXGL Background Thread 1 ] DEBUG GameApplicationServi - Initializing application scenes
00:42:41.635 [FXGL Background Thread 1 ] DEBUG GameWorld            - Game world initialized
00:42:41.706 [FXGL Background Thread 1 ] DEBUG PhysicsWorld         - Physics world initialized: appHeight=720, physics.ppm=50,0
00:42:41.706 [FXGL Background Thread 1 ] DEBUG PhysicsWorld         - Using strategy: BRUTE_FORCE
00:42:41.712 [FXGL Background Thread 1 ] DEBUG GameScene            - Game scene initialized: 1280x720
00:42:41.726 [FXGL Background Thread 1 ] DEBUG FXGL.DefaultMenu     - createMenuBodyGameMenu()
00:42:41.742 [FXGL Background Thread 1 ] DEBUG FXGL.DefaultMenu     - createOptionsMenu()
00:42:41.753 [FXGL Background Thread 1 ] DEBUG FXGLAssetLoaderServi - Loading from file system: jar:file:///C:/Users/Priscila/.m2/repository/com/github/almasb/fxgl/21.1/fxgl-21.1.jar!/fxglassets/textures/particles/smoke.png
00:42:41.890 [FXGL Background Thread 1 ] DEBUG FXGLAssetLoaderServi - Loading from file system: jar:file:///C:/Users/Priscila/.m2/repository/com/github/almasb/fxgl/21.1/fxgl-21.1.jar!/fxglassets/textures/particles/trace_horizontal.png
00:42:41.924 [FXGL Background Thread 1 ] DEBUG GameApplicationServi - Application scenes initialized
00:42:41.941 [FXGL Background Thread 1 ] DEBUG SystemBundleService  - Loading FXGL system data
00:42:41.949 [FXGL Background Thread 1 ] DEBUG FileSystemAccess     - Reading from: C:\Users\Priscila\Documents\NetBeansProjects\Horender\system\fxgl.bundle
00:42:41.967 [FXGL Background Thread 1 ] DEBUG SystemBundleService  - Bundle FXGL: {}
00:42:41.968 [FXGL Background Thread 1 ] DEBUG UpdaterService       - Checking for updates
00:42:41.975 [FXGL Background Thread 4 ] DEBUG FXGLApplication      - Loading fonts
00:42:41.976 [FXGL Background Thread 4 ] DEBUG FXGLAssetLoaderServi - Loading from file system: jar:file:///C:/Users/Priscila/.m2/repository/com/github/almasb/fxgl/21.1/fxgl-21.1.jar!/fxglassets/ui/fonts/VarelaRound-Regular.ttf
00:42:41.976 [FXGL Background Thread 1 ] DEBUG FXGLApplication      - Loading default localization
00:42:41.977 [FXGL Background Thread 1 ] DEBUG FXGLAssetLoaderServi - Loading from file system: jar:file:///C:/Users/Priscila/.m2/repository/com/github/almasb/fxgl/21.1/fxgl-21.1.jar!/fxglassets/languages/english.lang
00:42:42.011 [FXGL Background Thread 1 ] INFO  FXGLApplication      - FXGL initialization took: 0,563 sec
00:42:42.029 [JavaFX Application Thread] DEBUG Input                - Registered new binding: action0 - I
00:42:42.030 [JavaFX Application Thread] DEBUG FXGLAssetLoaderServi - Loading from file system: jar:file:///C:/Users/Priscila/.m2/repository/com/github/almasb/fxgl/21.1/fxgl-21.1.jar!/fxglassets/textures/fxgl_icon.png
00:42:42.048 [FXGL Background Thread 4 ] DEBUG FXGLAssetLoaderServi - Loading from file system: jar:file:///C:/Users/Priscila/.m2/repository/com/github/almasb/fxgl/21.1/fxgl-21.1.jar!/fxglassets/ui/fonts/Abel-Regular.ttf
00:42:42.070 [JavaFX Application Thread] DEBUG FXGLAssetLoaderServi - Loading from file system: jar:file:///C:/Users/Priscila/.m2/repository/com/github/almasb/fxgl/21.1/fxgl-21.1.jar!/fxglassets/textures/fxgl_default_cursor.png
00:42:42.073 [FXGL Background Thread 4 ] DEBUG FXGLAssetLoaderServi - Loading from file system: jar:file:///C:/Users/Priscila/.m2/repository/com/github/almasb/fxgl/21.1/fxgl-21.1.jar!/fxglassets/ui/fonts/TerminalLandMono-Regular.otf
00:42:42.073 [JavaFX Application Thread] DEBUG Input                - Registered new binding: Screenshot - CTRL+8
00:42:42.074 [JavaFX Application Thread] DEBUG Input                - Registered new binding: System info dump - CTRL+9
00:42:42.075 [JavaFX Application Thread] DEBUG Input                - Registered new binding: Restart - CTRL+R
00:42:42.076 [JavaFX Application Thread] DEBUG Input                - Registered new binding: Toggle Debug Camera - CTRL+7
00:42:42.082 [JavaFX Application Thread] DEBUG LoopRunner           - Starting loop
00:42:42.082 [JavaFX Application Thread] DEBUG LoopRunner           - Initializing JavaFX AnimationTimerLoop
00:42:42.084 [JavaFX Application Thread] DEBUG GameApplicationServi - Starting new game
00:42:42.085 [JavaFX Application Thread] DEBUG Input                - Clearing active input actions
00:42:42.097 [FXGL Background Thread 4 ] DEBUG FXGLAssetLoaderServi - Loading from file system: jar:file:///C:/Users/Priscila/.m2/repository/com/github/almasb/fxgl/21.1/fxgl-21.1.jar!/fxglassets/ui/fonts/Courier-Prime.ttf
00:42:42.110 [JavaFX Application Thread] DEBUG GameApplicationServi - Removing overlay from FXGLStartupScene and adding to FXGLLoadingScene
00:42:42.112 [JavaFX Application Thread] DEBUG PrimaryStageWindow   - FXGLStartupScene -> FXGLLoadingScene
00:42:42.112 [JavaFX Application Thread] DEBUG GameApplicationServi - Clearing previous game
00:42:42.112 [JavaFX Application Thread] DEBUG GameScene            - Clearing game scene
00:42:42.113 [JavaFX Application Thread] DEBUG GameWorld            - Clearing game world
00:42:42.113 [JavaFX Application Thread] DEBUG PhysicsWorld         - Clearing physics world
00:42:42.115 [FXGL Background Thread 1 ] DEBUG FXGLApplication      - Initializing game
00:42:42.158 [FXGL Background Thread 1 ] WARN  FXGLAssetLoaderServi - Asset "/assets/textures/IDLE.png" was not found!
00:42:42.159 [FXGL Background Thread 1 ] WARN  FXGLAssetLoaderServi - Failed to load IMAGE
00:42:42.198 [JavaFX Application Thread] DEBUG FXGLApplication      - Registering font factories with UI factory
00:42:42.776 [FXGL Background Thread 1 ] INFO  FXGLApplication      - Game initialization took: 0,660 sec
00:42:42.782 [JavaFX Application Thread] DEBUG Input                - Clearing active input actions
00:42:42.821 [JavaFX Application Thread] DEBUG GameApplicationServi - Removing overlay from FXGLLoadingScene and adding to GameScene
00:42:42.822 [JavaFX Application Thread] DEBUG PrimaryStageWindow   - FXGLLoadingScene -> GameScene
00:42:43.028 [FXGL Background Thread 2 ] INFO  UpdaterService       - Your current version:  21.1
00:42:43.028 [FXGL Background Thread 2 ] INFO  UpdaterService       - Latest stable version: 25
00:42:43.852 [JavaFX Application Thread] DEBUG FXGLApplication      - Exiting FXGL
00:42:43.852 [JavaFX Application Thread] DEBUG LoopRunner           - Stopping loop
00:42:43.852 [JavaFX Application Thread] DEBUG SystemBundleService  - Saving FXGL system data
00:42:43.857 [JavaFX Application Thread] DEBUG FileSystemAccess     - Writing to: C:\Users\Priscila\Documents\NetBeansProjects\Horender\system\fxgl.bundle
00:42:43.861 [JavaFX Application Thread] DEBUG Async                - Shutting down background threads
00:42:43.862 [JavaFX Application Thread] DEBUG PrimaryStageWindow   - Closing main window
00:42:43.881 [JavaFX Application Thread] DEBUG Logger               - Closing Logger
