22:41:14.958 [main                     ] DEBUG Logger               - Configured Logger
22:41:15.015 [main                     ] DEBUG GameApplication      - Logging settings
Title: Horender
Version: 0.1
Width: 768
Height: 512
Fullscreen: false
Intro: false
Profiling: false
Single step:false
App Mode: DEVELOPER
Menu Key: ESCAPE
Stage Style: DECORATED
Scene Factory: class com.almasb.fxgl.app.scene.SceneFactory

22:41:16.221 [JavaFX Application Thread] DEBUG FXGLApplication      - Initializing FXGL
22:41:16.230 [JavaFX Application Thread] INFO  Engine               - FXGL-21.1 (27.03.2024 07.52) on WINDOWS (J:21.0.11 FX:21.0.1)
22:41:16.232 [JavaFX Application Thread] DEBUG Engine               - JRE Vendor Name: Oracle Corporation
22:41:16.232 [JavaFX Application Thread] DEBUG Engine               - Running on OS: Windows 11 version 10.0
22:41:16.232 [JavaFX Application Thread] DEBUG Engine               - Architecture: amd64
22:41:16.232 [JavaFX Application Thread] INFO  Engine               - Source code and latest versions at: https://github.com/AlmasB/FXGL
22:41:16.233 [JavaFX Application Thread] INFO  Engine               -       Ask questions and discuss at: https://github.com/AlmasB/FXGL/discussions
22:41:16.233 [JavaFX Application Thread] INFO  Engine               -              Join the FXGL chat at: https://gitter.im/AlmasB/FXGL
22:41:16.465 [JavaFX Application Thread] DEBUG PrimaryStageWindow   - Creating a JavaFX scene
22:41:16.625 [JavaFX Application Thread] DEBUG PrimaryStageWindow   - Target settings size: 768.0 x 512.0
22:41:16.627 [JavaFX Application Thread] DEBUG PrimaryStageWindow   - Scaled scene size:    768.0 x 512.0
22:41:16.627 [JavaFX Application Thread] DEBUG PrimaryStageWindow   - Scaled ratio: (1.0, 1.0)
22:41:16.630 [JavaFX Application Thread] DEBUG PrimaryStageWindow   - Set initial scene to FXGLStartupScene
22:41:16.636 [JavaFX Application Thread] DEBUG PrimaryStageWindow   - Opening main window
22:41:16.842 [JavaFX Application Thread] DEBUG PrimaryStageWindow   - Window border size: (16.0, 39.0)
22:41:16.843 [JavaFX Application Thread] DEBUG PrimaryStageWindow   - Scaled size: 768.0 x 512.0
22:41:16.843 [JavaFX Application Thread] DEBUG PrimaryStageWindow   - Scaled ratio: (1.0, 1.0)
22:41:16.843 [JavaFX Application Thread] DEBUG PrimaryStageWindow   - Scene size: 768.0 x 512.0
22:41:16.844 [JavaFX Application Thread] DEBUG PrimaryStageWindow   - Stage size: 784.0 x 551.0
22:41:16.861 [FXGL Background Thread 1 ] DEBUG Engine               - Initializing environment variables
22:41:17.002 [FXGL Background Thread 1 ] DEBUG FXGLAssetLoaderServi - User app class for loading assets: class com.mycompany.horender.HorenderApp
22:41:17.002 [FXGL Background Thread 1 ] DEBUG GameApplicationServi - Applying CSS: fxgl_dark.css
22:41:17.004 [FXGL Background Thread 1 ] DEBUG FXGLAssetLoaderServi - Loading from file system: jar:file:///C:/Users/Priscila/.m2/repository/com/github/almasb/fxgl/21.1/fxgl-21.1.jar!/fxglassets/ui/css/fxgl_dark.css
22:41:17.123 [FXGL Background Thread 1 ] DEBUG GameApplicationServi - Initializing application scenes
22:41:17.214 [FXGL Background Thread 1 ] DEBUG GameWorld            - Game world initialized
22:41:17.351 [FXGL Background Thread 1 ] DEBUG PhysicsWorld         - Physics world initialized: appHeight=512, physics.ppm=50,0
22:41:17.351 [FXGL Background Thread 1 ] DEBUG PhysicsWorld         - Using strategy: BRUTE_FORCE
22:41:17.357 [FXGL Background Thread 1 ] DEBUG GameScene            - Game scene initialized: 768x512
22:41:17.379 [FXGL Background Thread 1 ] WARN  FXGL.DefaultMenu     - FXGLDefaultMenu is not designed for resolutions < 800x600
22:41:17.379 [FXGL Background Thread 1 ] DEBUG FXGL.DefaultMenu     - createMenuBodyGameMenu()
22:41:17.404 [FXGL Background Thread 1 ] DEBUG FXGL.DefaultMenu     - createOptionsMenu()
22:41:17.419 [FXGL Background Thread 1 ] DEBUG FXGLAssetLoaderServi - Loading from file system: jar:file:///C:/Users/Priscila/.m2/repository/com/github/almasb/fxgl/21.1/fxgl-21.1.jar!/fxglassets/textures/particles/smoke.png
22:41:17.712 [FXGL Background Thread 1 ] DEBUG FXGLAssetLoaderServi - Loading from file system: jar:file:///C:/Users/Priscila/.m2/repository/com/github/almasb/fxgl/21.1/fxgl-21.1.jar!/fxglassets/textures/particles/trace_horizontal.png
22:41:17.768 [FXGL Background Thread 1 ] DEBUG GameApplicationServi - Application scenes initialized
22:41:17.792 [FXGL Background Thread 1 ] DEBUG SystemBundleService  - Loading FXGL system data
22:41:17.804 [FXGL Background Thread 1 ] DEBUG FileSystemAccess     - Reading from: C:\Users\Priscila\Documents\NetBeansProjects\Horender\system\fxgl.bundle
22:41:17.828 [FXGL Background Thread 1 ] DEBUG SystemBundleService  - Bundle FXGL: {}
22:41:17.828 [FXGL Background Thread 1 ] DEBUG UpdaterService       - Checking for updates
22:41:17.836 [FXGL Background Thread 4 ] DEBUG FXGLApplication      - Loading fonts
22:41:17.837 [FXGL Background Thread 4 ] DEBUG FXGLAssetLoaderServi - Loading from file system: jar:file:///C:/Users/Priscila/.m2/repository/com/github/almasb/fxgl/21.1/fxgl-21.1.jar!/fxglassets/ui/fonts/VarelaRound-Regular.ttf
22:41:17.838 [FXGL Background Thread 1 ] DEBUG FXGLApplication      - Loading default localization
22:41:17.839 [FXGL Background Thread 1 ] DEBUG FXGLAssetLoaderServi - Loading from file system: jar:file:///C:/Users/Priscila/.m2/repository/com/github/almasb/fxgl/21.1/fxgl-21.1.jar!/fxglassets/languages/english.lang
22:41:17.885 [FXGL Background Thread 1 ] INFO  FXGLApplication      - FXGL initialization took: 1,023 sec
22:41:17.905 [JavaFX Application Thread] DEBUG Input                - Registered new binding: action0 - Up
22:41:17.906 [JavaFX Application Thread] DEBUG Input                - Registered new binding: action1 - Down
22:41:17.907 [JavaFX Application Thread] DEBUG Input                - Registered new binding: action2 - Right
22:41:17.907 [JavaFX Application Thread] DEBUG Input                - Registered new binding: action3 - Left
22:41:17.909 [JavaFX Application Thread] DEBUG Input                - Registered new binding: action4 - J
22:41:17.910 [JavaFX Application Thread] DEBUG Input                - Registered new binding: action5 - Space
22:41:17.910 [JavaFX Application Thread] DEBUG Input                - Registered new binding: Move Left A - A
22:41:17.910 [JavaFX Application Thread] DEBUG Input                - Registered new binding: Move Right D - D
22:41:17.911 [JavaFX Application Thread] DEBUG Input                - Registered new binding: Toggle Inventory - I
22:41:17.911 [JavaFX Application Thread] DEBUG FXGLAssetLoaderServi - Loading from file system: jar:file:///C:/Users/Priscila/.m2/repository/com/github/almasb/fxgl/21.1/fxgl-21.1.jar!/fxglassets/textures/fxgl_icon.png
22:41:17.920 [FXGL Background Thread 4 ] DEBUG FXGLAssetLoaderServi - Loading from file system: jar:file:///C:/Users/Priscila/.m2/repository/com/github/almasb/fxgl/21.1/fxgl-21.1.jar!/fxglassets/ui/fonts/Abel-Regular.ttf
22:41:17.947 [FXGL Background Thread 4 ] DEBUG FXGLAssetLoaderServi - Loading from file system: jar:file:///C:/Users/Priscila/.m2/repository/com/github/almasb/fxgl/21.1/fxgl-21.1.jar!/fxglassets/ui/fonts/TerminalLandMono-Regular.otf
22:41:17.948 [JavaFX Application Thread] DEBUG FXGLAssetLoaderServi - Loading from file system: jar:file:///C:/Users/Priscila/.m2/repository/com/github/almasb/fxgl/21.1/fxgl-21.1.jar!/fxglassets/textures/fxgl_default_cursor.png
22:41:17.952 [JavaFX Application Thread] DEBUG Input                - Registered new binding: Screenshot - CTRL+8
22:41:17.953 [JavaFX Application Thread] DEBUG Input                - Registered new binding: System info dump - CTRL+9
22:41:17.954 [JavaFX Application Thread] DEBUG Input                - Registered new binding: Restart - CTRL+R
22:41:17.955 [JavaFX Application Thread] DEBUG Input                - Registered new binding: Toggle Debug Camera - CTRL+7
22:41:17.961 [JavaFX Application Thread] DEBUG LoopRunner           - Starting loop
22:41:17.962 [JavaFX Application Thread] DEBUG LoopRunner           - Initializing JavaFX AnimationTimerLoop
22:41:17.965 [JavaFX Application Thread] DEBUG GameApplicationServi - Starting new game
22:41:17.966 [JavaFX Application Thread] DEBUG Input                - Clearing active input actions
22:41:17.972 [FXGL Background Thread 4 ] DEBUG FXGLAssetLoaderServi - Loading from file system: jar:file:///C:/Users/Priscila/.m2/repository/com/github/almasb/fxgl/21.1/fxgl-21.1.jar!/fxglassets/ui/fonts/Courier-Prime.ttf
22:41:17.991 [JavaFX Application Thread] DEBUG GameApplicationServi - Removing overlay from FXGLStartupScene and adding to FXGLLoadingScene
22:41:17.993 [JavaFX Application Thread] DEBUG PrimaryStageWindow   - FXGLStartupScene -> FXGLLoadingScene
22:41:17.993 [JavaFX Application Thread] DEBUG GameApplicationServi - Clearing previous game
22:41:17.993 [JavaFX Application Thread] DEBUG GameScene            - Clearing game scene
22:41:17.993 [JavaFX Application Thread] DEBUG GameWorld            - Clearing game world
22:41:17.993 [JavaFX Application Thread] DEBUG PhysicsWorld         - Clearing physics world
22:41:17.996 [FXGL Background Thread 1 ] DEBUG FXGLApplication      - Initializing game
22:41:18.085 [JavaFX Application Thread] DEBUG FXGLApplication      - Registering font factories with UI factory
22:41:19.014 [FXGL Background Thread 1 ] INFO  FXGLApplication      - Game initialization took: 1,018 sec
22:41:19.017 [JavaFX Application Thread] DEBUG Input                - Clearing active input actions
22:41:19.064 [JavaFX Application Thread] DEBUG GameApplicationServi - Removing overlay from FXGLLoadingScene and adding to GameScene
22:41:19.064 [JavaFX Application Thread] DEBUG PrimaryStageWindow   - FXGLLoadingScene -> GameScene
22:41:19.256 [FXGL Background Thread 2 ] INFO  UpdaterService       - Your current version:  21.1
22:41:19.258 [FXGL Background Thread 2 ] INFO  UpdaterService       - Latest stable version: 25
22:41:20.835 [FXGL Background Thread 3 ] DEBUG Engine               - Logging environment variables
22:41:20.836 [FXGL Background Thread 3 ] DEBUG Engine               - achievements: []
22:41:20.836 [FXGL Background Thread 3 ] DEBUG Engine               - actualHeight: 512.0
22:41:20.836 [FXGL Background Thread 3 ] DEBUG Engine               - actualHeightProperty: ReadOnlyDoubleProperty [value: 512.0]
22:41:20.836 [FXGL Background Thread 3 ] DEBUG Engine               - actualWidth: 768.0
22:41:20.836 [FXGL Background Thread 3 ] DEBUG Engine               - actualWidthProperty: ReadOnlyDoubleProperty [value: 768.0]
22:41:20.836 [FXGL Background Thread 3 ] DEBUG Engine               - appIcon: fxgl_icon.png
22:41:20.836 [FXGL Background Thread 3 ] DEBUG Engine               - applicationMode: DEVELOPER
22:41:20.836 [FXGL Background Thread 3 ] DEBUG Engine               - cSSList: [fxgl_dark.css]
22:41:20.837 [FXGL Background Thread 3 ] DEBUG Engine               - collisionDetectionStrategy: BRUTE_FORCE
22:41:20.837 [FXGL Background Thread 3 ] DEBUG Engine               - configClass: Optional.empty
22:41:20.837 [FXGL Background Thread 3 ] DEBUG Engine               - credits: []
22:41:20.837 [FXGL Background Thread 3 ] DEBUG Engine               - defaultCursor: CursorInfo(imageName=fxgl_default_cursor.png, hotspotX=7.0, hotspotY=6.0)
22:41:20.838 [FXGL Background Thread 3 ] DEBUG Engine               - devBBoxColorProperty: ObjectProperty [value: 0xff0000ff]
22:41:20.838 [FXGL Background Thread 3 ] DEBUG Engine               - devEnableDebugCameraProperty: BooleanProperty [value: false]
22:41:20.838 [FXGL Background Thread 3 ] DEBUG Engine               - devSensorColorProperty: ObjectProperty [value: 0xffff00ff]
22:41:20.838 [FXGL Background Thread 3 ] DEBUG Engine               - devShowBBoxProperty: BooleanProperty [value: false]
22:41:20.838 [FXGL Background Thread 3 ] DEBUG Engine               - devShowPositionProperty: BooleanProperty [value: false]
22:41:20.838 [FXGL Background Thread 3 ] DEBUG Engine               - enabledMenuItems: []
22:41:20.838 [FXGL Background Thread 3 ] DEBUG Engine               - engineServices: [class com.almasb.fxgl.app.services.FXGLAssetLoaderService, class com.almasb.fxgl.app.FXGLApplication$GameApplicationService, class com.almasb.fxgl.app.services.FXGLDialogService, class com.almasb.fxgl.app.services.IOTaskExecutorService, class com.almasb.fxgl.io.FileSystemService, class com.almasb.fxgl.localization.LocalizationService, class com.almasb.fxgl.app.services.SystemBundleService, class com.almasb.fxgl.profile.SaveLoadService, class com.almasb.fxgl.ui.FXGLUIFactoryServiceProvider, class com.almasb.fxgl.ui.FXGLDialogFactoryServiceProvider, class com.almasb.fxgl.audio.AudioPlayer, class com.almasb.fxgl.notification.impl.NotificationServiceProvider, class com.almasb.fxgl.achievement.AchievementService, class com.almasb.fxgl.cutscene.CutsceneService, class com.almasb.fxgl.minigames.MiniGameService, class com.almasb.fxgl.net.NetService, class com.almasb.fxgl.app.services.UpdaterService, class com.almasb.fxgl.dev.DevService]
22:41:20.839 [FXGL Background Thread 3 ] DEBUG Engine               - fontGame: Abel-Regular.ttf
22:41:20.839 [FXGL Background Thread 3 ] DEBUG Engine               - fontMono: TerminalLandMono-Regular.otf
22:41:20.839 [FXGL Background Thread 3 ] DEBUG Engine               - fontSizeScaleUI: 1.0
22:41:20.839 [FXGL Background Thread 3 ] DEBUG Engine               - fontText: Courier-Prime.ttf
22:41:20.839 [FXGL Background Thread 3 ] DEBUG Engine               - fontUI: VarelaRound-Regular.ttf
22:41:20.839 [FXGL Background Thread 3 ] DEBUG Engine               - fullScreen: BooleanProperty [value: false]
22:41:20.839 [FXGL Background Thread 3 ] DEBUG Engine               - gameDifficulty: MEDIUM
22:41:20.839 [FXGL Background Thread 3 ] DEBUG Engine               - gameDifficultyProperty: ObjectProperty [value: MEDIUM]
22:41:20.839 [FXGL Background Thread 3 ] DEBUG Engine               - globalMusicVolume: 0.5
22:41:20.840 [FXGL Background Thread 3 ] DEBUG Engine               - globalMusicVolumeProperty: DoubleProperty [value: 0.5]
22:41:20.840 [FXGL Background Thread 3 ] DEBUG Engine               - globalSoundVolume: 0.5
22:41:20.840 [FXGL Background Thread 3 ] DEBUG Engine               - globalSoundVolumeProperty: DoubleProperty [value: 0.5]
22:41:20.840 [FXGL Background Thread 3 ] DEBUG Engine               - height: 512
22:41:20.840 [FXGL Background Thread 3 ] DEBUG Engine               - is3D: false
22:41:20.840 [FXGL Background Thread 3 ] DEBUG Engine               - isAndroid: false
22:41:20.840 [FXGL Background Thread 3 ] DEBUG Engine               - isBrowser: false
22:41:20.841 [FXGL Background Thread 3 ] DEBUG Engine               - isClickFeedbackEnabled: false
22:41:20.841 [FXGL Background Thread 3 ] DEBUG Engine               - isCloseConfirmation: false
22:41:20.841 [FXGL Background Thread 3 ] DEBUG Engine               - isDesktop: true
22:41:20.841 [FXGL Background Thread 3 ] DEBUG Engine               - isDeveloperMenuEnabled: false
22:41:20.841 [FXGL Background Thread 3 ] DEBUG Engine               - isEmbedded: false
22:41:20.841 [FXGL Background Thread 3 ] DEBUG Engine               - isEntityPreloadEnabled: true
22:41:20.841 [FXGL Background Thread 3 ] DEBUG Engine               - isExperimentalTiledLargeMap: false
22:41:20.841 [FXGL Background Thread 3 ] DEBUG Engine               - isFileSystemWriteAllowed: true
22:41:20.841 [FXGL Background Thread 3 ] DEBUG Engine               - isFullScreenAllowed: false
22:41:20.842 [FXGL Background Thread 3 ] DEBUG Engine               - isFullScreenFromStart: false
22:41:20.842 [FXGL Background Thread 3 ] DEBUG Engine               - isGameMenuEnabled: true
22:41:20.842 [FXGL Background Thread 3 ] DEBUG Engine               - isIOS: false
22:41:20.842 [FXGL Background Thread 3 ] DEBUG Engine               - isIntroEnabled: false
22:41:20.842 [FXGL Background Thread 3 ] DEBUG Engine               - isLinux: false
22:41:20.842 [FXGL Background Thread 3 ] DEBUG Engine               - isMac: false
22:41:20.842 [FXGL Background Thread 3 ] DEBUG Engine               - isMainMenuEnabled: false
22:41:20.842 [FXGL Background Thread 3 ] DEBUG Engine               - isManualResizeEnabled: false
22:41:20.842 [FXGL Background Thread 3 ] DEBUG Engine               - isMobile: false
22:41:20.842 [FXGL Background Thread 3 ] DEBUG Engine               - isNative: false
22:41:20.842 [FXGL Background Thread 3 ] DEBUG Engine               - isPauseMusicWhenMinimized: true
22:41:20.843 [FXGL Background Thread 3 ] DEBUG Engine               - isPreserveResizeRatio: false
22:41:20.843 [FXGL Background Thread 3 ] DEBUG Engine               - isProfilingEnabled: false
22:41:20.843 [FXGL Background Thread 3 ] DEBUG Engine               - isScaleAffectedOnResize: true
22:41:20.843 [FXGL Background Thread 3 ] DEBUG Engine               - isSingleStep: false
22:41:20.843 [FXGL Background Thread 3 ] DEBUG Engine               - isUserProfileEnabled: false
22:41:20.843 [FXGL Background Thread 3 ] DEBUG Engine               - isWindows: true
22:41:20.843 [FXGL Background Thread 3 ] DEBUG Engine               - language: ObjectProperty [value: ENGLISH]
22:41:20.843 [FXGL Background Thread 3 ] DEBUG Engine               - menuKey: ESCAPE
22:41:20.843 [FXGL Background Thread 3 ] DEBUG Engine               - mouseSensitivity: 0.2
22:41:20.843 [FXGL Background Thread 3 ] DEBUG Engine               - notificationViewClass: class com.almasb.fxgl.notification.view.XboxNotificationView
22:41:20.844 [FXGL Background Thread 3 ] DEBUG Engine               - pixelsPerMeter: 50.0
22:41:20.844 [FXGL Background Thread 3 ] DEBUG Engine               - platform: WINDOWS
22:41:20.844 [FXGL Background Thread 3 ] DEBUG Engine               - prefHeightProperty: ReadOnlyDoubleProperty [value: 512.0]
22:41:20.844 [FXGL Background Thread 3 ] DEBUG Engine               - prefWidthProperty: ReadOnlyDoubleProperty [value: 768.0]
22:41:20.844 [FXGL Background Thread 3 ] DEBUG Engine               - profileDir: profiles/
22:41:20.844 [FXGL Background Thread 3 ] DEBUG Engine               - profileName: StringProperty [value: DEFAULT]
22:41:20.844 [FXGL Background Thread 3 ] DEBUG Engine               - randomSeed: -1
22:41:20.845 [FXGL Background Thread 3 ] DEBUG Engine               - runtimeInfo: RuntimeInfo(platform=WINDOWS, version=21.1, build=27.03.2024 07.52)
22:41:20.845 [FXGL Background Thread 3 ] DEBUG Engine               - saveFileExt: sav
22:41:20.845 [FXGL Background Thread 3 ] DEBUG Engine               - scaledHeightProp$fxgl: DoubleProperty [bound, value: 512.0]
22:41:20.845 [FXGL Background Thread 3 ] DEBUG Engine               - scaledWidthProp$fxgl: DoubleProperty [bound, value: 768.0]
22:41:20.845 [FXGL Background Thread 3 ] DEBUG Engine               - sceneFactory: com.almasb.fxgl.app.scene.SceneFactory@48ef8680
22:41:20.845 [FXGL Background Thread 3 ] DEBUG Engine               - secondsIn24h: 60
22:41:20.845 [FXGL Background Thread 3 ] DEBUG Engine               - soundMenuBack: menu/back.wav
22:41:20.845 [FXGL Background Thread 3 ] DEBUG Engine               - soundMenuPress: menu/press.wav
22:41:20.845 [FXGL Background Thread 3 ] DEBUG Engine               - soundMenuSelect: menu/select.wav
22:41:20.845 [FXGL Background Thread 3 ] DEBUG Engine               - soundNotification: core/notification.wav
22:41:20.846 [FXGL Background Thread 3 ] DEBUG Engine               - stageStyle: DECORATED
22:41:20.846 [FXGL Background Thread 3 ] DEBUG Engine               - supportedLanguages: [ENGLISH, FRENCH, GERMAN, HUNGARIAN, RUSSIAN]
22:41:20.846 [FXGL Background Thread 3 ] DEBUG Engine               - ticksPerSecond: -1
22:41:20.846 [FXGL Background Thread 3 ] DEBUG Engine               - title: Horender
22:41:20.846 [FXGL Background Thread 3 ] DEBUG Engine               - urlGithub: https://github.com/AlmasB/FXGL
22:41:20.846 [FXGL Background Thread 3 ] DEBUG Engine               - urlLeaderboard: http://fxgl-top.herokuapp.com/
22:41:20.846 [FXGL Background Thread 3 ] DEBUG Engine               - urlPOM: https://raw.githubusercontent.com/AlmasB/FXGL/release/README.md
22:41:20.846 [FXGL Background Thread 3 ] DEBUG Engine               - userAppClass: class com.mycompany.horender.HorenderApp
22:41:20.846 [FXGL Background Thread 3 ] DEBUG Engine               - version: 0.1
22:41:20.846 [FXGL Background Thread 3 ] DEBUG Engine               - versionCheckDays: 7
22:41:20.846 [FXGL Background Thread 3 ] DEBUG Engine               - width: 768
22:41:20.847 [FXGL Background Thread 3 ] DEBUG Engine               - Logging services
22:41:20.847 [FXGL Background Thread 3 ] DEBUG Engine               - class com.almasb.fxgl.app.services.FXGLAssetLoaderService
22:41:20.847 [FXGL Background Thread 3 ] DEBUG Engine               - class com.almasb.fxgl.app.FXGLApplication$GameApplicationService
22:41:20.847 [FXGL Background Thread 3 ] DEBUG Engine               - class com.almasb.fxgl.app.services.FXGLDialogService
22:41:20.847 [FXGL Background Thread 3 ] DEBUG Engine               - class com.almasb.fxgl.app.services.IOTaskExecutorService
22:41:20.847 [FXGL Background Thread 3 ] DEBUG Engine               - class com.almasb.fxgl.io.FileSystemService
22:41:20.847 [FXGL Background Thread 3 ] DEBUG Engine               - class com.almasb.fxgl.localization.LocalizationService
22:41:20.847 [FXGL Background Thread 3 ] DEBUG Engine               - class com.almasb.fxgl.app.services.SystemBundleService
22:41:20.847 [FXGL Background Thread 3 ] DEBUG Engine               - class com.almasb.fxgl.profile.SaveLoadService
22:41:20.847 [FXGL Background Thread 3 ] DEBUG Engine               - class com.almasb.fxgl.ui.FXGLUIFactoryServiceProvider
22:41:20.847 [FXGL Background Thread 3 ] DEBUG Engine               - class com.almasb.fxgl.ui.FXGLDialogFactoryServiceProvider
22:41:20.847 [FXGL Background Thread 3 ] DEBUG Engine               - class com.almasb.fxgl.audio.AudioPlayer
22:41:20.847 [FXGL Background Thread 3 ] DEBUG Engine               - class com.almasb.fxgl.notification.impl.NotificationServiceProvider
22:41:20.849 [FXGL Background Thread 3 ] DEBUG Engine               - class com.almasb.fxgl.achievement.AchievementService
22:41:20.849 [FXGL Background Thread 3 ] DEBUG Engine               - class com.almasb.fxgl.cutscene.CutsceneService
22:41:20.849 [FXGL Background Thread 3 ] DEBUG Engine               - class com.almasb.fxgl.minigames.MiniGameService
22:41:20.849 [FXGL Background Thread 3 ] DEBUG Engine               - class com.almasb.fxgl.net.NetService
22:41:20.849 [FXGL Background Thread 3 ] DEBUG Engine               - class com.almasb.fxgl.app.services.UpdaterService
22:41:20.849 [FXGL Background Thread 3 ] DEBUG Engine               - class com.almasb.fxgl.dev.DevService
22:42:56.289 [JavaFX Application Thread] DEBUG FXGLApplication      - Exiting FXGL
22:42:56.289 [JavaFX Application Thread] DEBUG LoopRunner           - Stopping loop
22:42:56.290 [JavaFX Application Thread] DEBUG SystemBundleService  - Saving FXGL system data
22:42:56.294 [JavaFX Application Thread] DEBUG FileSystemAccess     - Writing to: C:\Users\Priscila\Documents\NetBeansProjects\Horender\system\fxgl.bundle
22:42:56.298 [JavaFX Application Thread] DEBUG Async                - Shutting down background threads
22:42:56.300 [JavaFX Application Thread] DEBUG PrimaryStageWindow   - Closing main window
22:42:56.325 [JavaFX Application Thread] DEBUG Logger               - Closing Logger
