09:52:06.560 [main                     ] DEBUG Logger               - Configured Logger
09:52:06.584 [main                     ] DEBUG GameApplication      - Logging settings
Title: Horender
Version: 0.1
Width: 1280
Height: 720
Fullscreen: false
Intro: false
Profiling: false
Single step:false
App Mode: DEVELOPER
Menu Key: ESCAPE
Stage Style: DECORATED
Scene Factory: class com.almasb.fxgl.app.scene.SceneFactory

09:52:06.816 [JavaFX Application Thread] DEBUG FXGLApplication      - Initializing FXGL
09:52:06.821 [JavaFX Application Thread] INFO  Engine               - FXGL-21.1 (27.03.2024 07.52) on LINUX (J:21.0.9 FX:21.0.1)
09:52:06.822 [JavaFX Application Thread] DEBUG Engine               - JRE Vendor Name: Ubuntu
09:52:06.822 [JavaFX Application Thread] DEBUG Engine               - Running on OS: Linux version 6.8.0-90-generic
09:52:06.822 [JavaFX Application Thread] DEBUG Engine               - Architecture: amd64
09:52:06.822 [JavaFX Application Thread] INFO  Engine               - Source code and latest versions at: https://github.com/AlmasB/FXGL
09:52:06.822 [JavaFX Application Thread] INFO  Engine               -       Ask questions and discuss at: https://github.com/AlmasB/FXGL/discussions
09:52:06.823 [JavaFX Application Thread] INFO  Engine               -              Join the FXGL chat at: https://gitter.im/AlmasB/FXGL
09:52:06.906 [JavaFX Application Thread] DEBUG PrimaryStageWindow   - Creating a JavaFX scene
09:52:06.992 [JavaFX Application Thread] DEBUG PrimaryStageWindow   - Target settings size: 1280.0 x 720.0
09:52:06.992 [JavaFX Application Thread] DEBUG PrimaryStageWindow   - Scaled scene size:    1280.0 x 720.0
09:52:06.993 [JavaFX Application Thread] DEBUG PrimaryStageWindow   - Scaled ratio: (1.0, 1.0)
09:52:06.994 [JavaFX Application Thread] DEBUG PrimaryStageWindow   - Set initial scene to FXGLStartupScene
09:52:06.996 [JavaFX Application Thread] DEBUG PrimaryStageWindow   - Opening main window
09:52:07.058 [JavaFX Application Thread] DEBUG PrimaryStageWindow   - Window border size: (0.0, 35.0)
09:52:07.059 [JavaFX Application Thread] DEBUG PrimaryStageWindow   - Scaled size: 1280.0 x 685.0
09:52:07.059 [JavaFX Application Thread] DEBUG PrimaryStageWindow   - Scaled ratio: (1.0, 0.9513888888888888)
09:52:07.059 [JavaFX Application Thread] DEBUG PrimaryStageWindow   - Scene size: 1280.0 x 720.0
09:52:07.059 [JavaFX Application Thread] DEBUG PrimaryStageWindow   - Stage size: 1280.0 x 720.0
09:52:07.065 [FXGL Background Thread 1 ] DEBUG Engine               - Initializing environment variables
09:52:07.139 [FXGL Background Thread 1 ] DEBUG FXGLAssetLoaderServi - User app class for loading assets: class com.mycompany.horender.HorenderApp
09:52:07.139 [FXGL Background Thread 1 ] DEBUG GameApplicationServi - Applying CSS: fxgl_dark.css
09:52:07.139 [FXGL Background Thread 1 ] DEBUG FXGLAssetLoaderServi - Loading from file system: jar:file:///home/aluno/.m2/repository/com/github/almasb/fxgl/21.1/fxgl-21.1.jar!/fxglassets/ui/css/fxgl_dark.css
09:52:07.184 [FXGL Background Thread 1 ] DEBUG GameApplicationServi - Initializing application scenes
09:52:07.217 [FXGL Background Thread 1 ] DEBUG GameWorld            - Game world initialized
09:52:07.278 [FXGL Background Thread 1 ] DEBUG PhysicsWorld         - Physics world initialized: appHeight=720, physics.ppm=50,0
09:52:07.278 [FXGL Background Thread 1 ] DEBUG PhysicsWorld         - Using strategy: BRUTE_FORCE
09:52:07.282 [FXGL Background Thread 1 ] DEBUG GameScene            - Game scene initialized: 1280x720
09:52:07.294 [FXGL Background Thread 1 ] DEBUG FXGL.DefaultMenu     - createMenuBodyGameMenu()
09:52:07.306 [FXGL Background Thread 1 ] DEBUG FXGL.DefaultMenu     - createOptionsMenu()
09:52:07.315 [FXGL Background Thread 1 ] DEBUG FXGLAssetLoaderServi - Loading from file system: jar:file:///home/aluno/.m2/repository/com/github/almasb/fxgl/21.1/fxgl-21.1.jar!/fxglassets/textures/particles/smoke.png
09:52:07.395 [FXGL Background Thread 1 ] DEBUG FXGLAssetLoaderServi - Loading from file system: jar:file:///home/aluno/.m2/repository/com/github/almasb/fxgl/21.1/fxgl-21.1.jar!/fxglassets/textures/particles/trace_horizontal.png
09:52:07.424 [FXGL Background Thread 1 ] DEBUG GameApplicationServi - Application scenes initialized
09:52:07.439 [FXGL Background Thread 1 ] DEBUG SystemBundleService  - Loading FXGL system data
09:52:07.443 [FXGL Background Thread 1 ] DEBUG FileSystemAccess     - Reading from: /home/aluno/NetBeansProjects/Horender/system/fxgl.bundle
09:52:07.454 [FXGL Background Thread 1 ] DEBUG SystemBundleService  - Bundle FXGL: {}
09:52:07.454 [FXGL Background Thread 1 ] DEBUG UpdaterService       - Checking for updates
09:52:07.461 [FXGL Background Thread 1 ] DEBUG FXGLApplication      - Loading default localization
09:52:07.462 [FXGL Background Thread 1 ] DEBUG FXGLAssetLoaderServi - Loading from file system: jar:file:///home/aluno/.m2/repository/com/github/almasb/fxgl/21.1/fxgl-21.1.jar!/fxglassets/languages/english.lang
09:52:07.461 [FXGL Background Thread 4 ] DEBUG FXGLApplication      - Loading fonts
09:52:07.463 [FXGL Background Thread 4 ] DEBUG FXGLAssetLoaderServi - Loading from file system: jar:file:///home/aluno/.m2/repository/com/github/almasb/fxgl/21.1/fxgl-21.1.jar!/fxglassets/ui/fonts/VarelaRound-Regular.ttf
09:52:07.478 [FXGL Background Thread 1 ] INFO  FXGLApplication      - FXGL initialization took: 0,413 sec
09:52:07.489 [FXGL Background Thread 4 ] DEBUG FXGLAssetLoaderServi - Loading from file system: jar:file:///home/aluno/.m2/repository/com/github/almasb/fxgl/21.1/fxgl-21.1.jar!/fxglassets/ui/fonts/Abel-Regular.ttf
09:52:07.489 [JavaFX Application Thread] DEBUG Input                - Registered new binding: action0 - I
09:52:07.490 [JavaFX Application Thread] DEBUG FXGLAssetLoaderServi - Loading from file system: jar:file:///home/aluno/.m2/repository/com/github/almasb/fxgl/21.1/fxgl-21.1.jar!/fxglassets/textures/fxgl_icon.png
09:52:07.496 [FXGL Background Thread 4 ] DEBUG FXGLAssetLoaderServi - Loading from file system: jar:file:///home/aluno/.m2/repository/com/github/almasb/fxgl/21.1/fxgl-21.1.jar!/fxglassets/ui/fonts/TerminalLandMono-Regular.otf
09:52:07.497 [FXGL Background Thread 4 ] DEBUG FXGLAssetLoaderServi - Loading from file system: jar:file:///home/aluno/.m2/repository/com/github/almasb/fxgl/21.1/fxgl-21.1.jar!/fxglassets/ui/fonts/Courier-Prime.ttf
09:52:07.517 [JavaFX Application Thread] DEBUG FXGLAssetLoaderServi - Loading from file system: jar:file:///home/aluno/.m2/repository/com/github/almasb/fxgl/21.1/fxgl-21.1.jar!/fxglassets/textures/fxgl_default_cursor.png
09:52:07.519 [JavaFX Application Thread] DEBUG Input                - Registered new binding: Screenshot - CTRL+8
09:52:07.520 [JavaFX Application Thread] DEBUG Input                - Registered new binding: System info dump - CTRL+9
09:52:07.520 [JavaFX Application Thread] DEBUG Input                - Registered new binding: Restart - CTRL+R
09:52:07.520 [JavaFX Application Thread] DEBUG Input                - Registered new binding: Toggle Debug Camera - CTRL+7
09:52:07.524 [JavaFX Application Thread] DEBUG LoopRunner           - Starting loop
09:52:07.524 [JavaFX Application Thread] DEBUG LoopRunner           - Initializing JavaFX AnimationTimerLoop
09:52:07.525 [JavaFX Application Thread] DEBUG GameApplicationServi - Starting new game
09:52:07.525 [JavaFX Application Thread] DEBUG Input                - Clearing active input actions
09:52:07.538 [JavaFX Application Thread] DEBUG GameApplicationServi - Removing overlay from FXGLStartupScene and adding to FXGLLoadingScene
09:52:07.538 [JavaFX Application Thread] DEBUG PrimaryStageWindow   - FXGLStartupScene -> FXGLLoadingScene
09:52:07.538 [JavaFX Application Thread] DEBUG GameApplicationServi - Clearing previous game
09:52:07.538 [JavaFX Application Thread] DEBUG GameScene            - Clearing game scene
09:52:07.538 [JavaFX Application Thread] DEBUG GameWorld            - Clearing game world
09:52:07.538 [JavaFX Application Thread] DEBUG PhysicsWorld         - Clearing physics world
09:52:07.541 [FXGL Background Thread 4 ] DEBUG FXGLApplication      - Initializing game
09:52:07.545 [JavaFX Application Thread] DEBUG FXGLApplication      - Registering font factories with UI factory
09:52:07.817 [FXGL Background Thread 4 ] INFO  FXGLApplication      - Game initialization took: 0,276 sec
09:52:07.821 [JavaFX Application Thread] DEBUG Input                - Clearing active input actions
09:52:07.877 [JavaFX Application Thread] DEBUG GameApplicationServi - Removing overlay from FXGLLoadingScene and adding to GameScene
09:52:07.877 [JavaFX Application Thread] DEBUG PrimaryStageWindow   - FXGLLoadingScene -> GameScene
09:52:08.268 [FXGL Background Thread 2 ] INFO  UpdaterService       - Your current version:  21.1
09:52:08.269 [FXGL Background Thread 2 ] INFO  UpdaterService       - Latest stable version: 25
09:52:10.457 [FXGL Background Thread 3 ] DEBUG Engine               - Logging environment variables
09:52:10.458 [FXGL Background Thread 3 ] DEBUG Engine               - achievements: []
09:52:10.458 [FXGL Background Thread 3 ] DEBUG Engine               - actualHeight: 716.0
09:52:10.459 [FXGL Background Thread 3 ] DEBUG Engine               - actualHeightProperty: ReadOnlyDoubleProperty [value: 716.0]
09:52:10.459 [FXGL Background Thread 3 ] DEBUG Engine               - actualWidth: 1282.0
09:52:10.459 [FXGL Background Thread 3 ] DEBUG Engine               - actualWidthProperty: ReadOnlyDoubleProperty [value: 1282.0]
09:52:10.459 [FXGL Background Thread 3 ] DEBUG Engine               - appIcon: fxgl_icon.png
09:52:10.460 [FXGL Background Thread 3 ] DEBUG Engine               - applicationMode: DEVELOPER
09:52:10.460 [FXGL Background Thread 3 ] DEBUG Engine               - cSSList: [fxgl_dark.css]
09:52:10.460 [FXGL Background Thread 3 ] DEBUG Engine               - collisionDetectionStrategy: BRUTE_FORCE
09:52:10.460 [FXGL Background Thread 3 ] DEBUG Engine               - configClass: Optional.empty
09:52:10.460 [FXGL Background Thread 3 ] DEBUG Engine               - credits: []
09:52:10.461 [FXGL Background Thread 3 ] DEBUG Engine               - defaultCursor: CursorInfo(imageName=fxgl_default_cursor.png, hotspotX=7.0, hotspotY=6.0)
09:52:10.462 [FXGL Background Thread 3 ] DEBUG Engine               - devBBoxColorProperty: ObjectProperty [value: 0xff0000ff]
09:52:10.462 [FXGL Background Thread 3 ] DEBUG Engine               - devEnableDebugCameraProperty: BooleanProperty [value: false]
09:52:10.462 [FXGL Background Thread 3 ] DEBUG Engine               - devSensorColorProperty: ObjectProperty [value: 0xffff00ff]
09:52:10.463 [FXGL Background Thread 3 ] DEBUG Engine               - devShowBBoxProperty: BooleanProperty [value: false]
09:52:10.463 [FXGL Background Thread 3 ] DEBUG Engine               - devShowPositionProperty: BooleanProperty [value: false]
09:52:10.463 [FXGL Background Thread 3 ] DEBUG Engine               - enabledMenuItems: []
09:52:10.464 [FXGL Background Thread 3 ] DEBUG Engine               - engineServices: [class com.almasb.fxgl.app.services.FXGLAssetLoaderService, class com.almasb.fxgl.app.FXGLApplication$GameApplicationService, class com.almasb.fxgl.app.services.FXGLDialogService, class com.almasb.fxgl.app.services.IOTaskExecutorService, class com.almasb.fxgl.io.FileSystemService, class com.almasb.fxgl.localization.LocalizationService, class com.almasb.fxgl.app.services.SystemBundleService, class com.almasb.fxgl.profile.SaveLoadService, class com.almasb.fxgl.ui.FXGLUIFactoryServiceProvider, class com.almasb.fxgl.ui.FXGLDialogFactoryServiceProvider, class com.almasb.fxgl.audio.AudioPlayer, class com.almasb.fxgl.notification.impl.NotificationServiceProvider, class com.almasb.fxgl.achievement.AchievementService, class com.almasb.fxgl.cutscene.CutsceneService, class com.almasb.fxgl.minigames.MiniGameService, class com.almasb.fxgl.net.NetService, class com.almasb.fxgl.app.services.UpdaterService, class com.almasb.fxgl.dev.DevService]
09:52:10.464 [FXGL Background Thread 3 ] DEBUG Engine               - fontGame: Abel-Regular.ttf
09:52:10.464 [FXGL Background Thread 3 ] DEBUG Engine               - fontMono: TerminalLandMono-Regular.otf
09:52:10.464 [FXGL Background Thread 3 ] DEBUG Engine               - fontSizeScaleUI: 1.0
09:52:10.465 [FXGL Background Thread 3 ] DEBUG Engine               - fontText: Courier-Prime.ttf
09:52:10.466 [FXGL Background Thread 3 ] DEBUG Engine               - fontUI: VarelaRound-Regular.ttf
09:52:10.466 [FXGL Background Thread 3 ] DEBUG Engine               - fullScreen: BooleanProperty [value: false]
09:52:10.466 [FXGL Background Thread 3 ] DEBUG Engine               - gameDifficulty: MEDIUM
09:52:10.467 [FXGL Background Thread 3 ] DEBUG Engine               - gameDifficultyProperty: ObjectProperty [value: MEDIUM]
09:52:10.467 [FXGL Background Thread 3 ] DEBUG Engine               - globalMusicVolume: 0.5
09:52:10.467 [FXGL Background Thread 3 ] DEBUG Engine               - globalMusicVolumeProperty: DoubleProperty [value: 0.5]
09:52:10.468 [FXGL Background Thread 3 ] DEBUG Engine               - globalSoundVolume: 0.5
09:52:10.468 [FXGL Background Thread 3 ] DEBUG Engine               - globalSoundVolumeProperty: DoubleProperty [value: 0.5]
09:52:10.468 [FXGL Background Thread 3 ] DEBUG Engine               - height: 720
09:52:10.468 [FXGL Background Thread 3 ] DEBUG Engine               - is3D: false
09:52:10.469 [FXGL Background Thread 3 ] DEBUG Engine               - isAndroid: false
09:52:10.469 [FXGL Background Thread 3 ] DEBUG Engine               - isBrowser: false
09:52:10.469 [FXGL Background Thread 3 ] DEBUG Engine               - isClickFeedbackEnabled: false
09:52:10.469 [FXGL Background Thread 3 ] DEBUG Engine               - isCloseConfirmation: false
09:52:10.469 [FXGL Background Thread 3 ] DEBUG Engine               - isDesktop: true
09:52:10.470 [FXGL Background Thread 3 ] DEBUG Engine               - isDeveloperMenuEnabled: false
09:52:10.470 [FXGL Background Thread 3 ] DEBUG Engine               - isEmbedded: false
09:52:10.470 [FXGL Background Thread 3 ] DEBUG Engine               - isEntityPreloadEnabled: true
09:52:10.470 [FXGL Background Thread 3 ] DEBUG Engine               - isExperimentalTiledLargeMap: false
09:52:10.470 [FXGL Background Thread 3 ] DEBUG Engine               - isFileSystemWriteAllowed: true
09:52:10.471 [FXGL Background Thread 3 ] DEBUG Engine               - isFullScreenAllowed: false
09:52:10.471 [FXGL Background Thread 3 ] DEBUG Engine               - isFullScreenFromStart: false
09:52:10.471 [FXGL Background Thread 3 ] DEBUG Engine               - isGameMenuEnabled: true
09:52:10.471 [FXGL Background Thread 3 ] DEBUG Engine               - isIOS: false
09:52:10.472 [FXGL Background Thread 3 ] DEBUG Engine               - isIntroEnabled: false
09:52:10.472 [FXGL Background Thread 3 ] DEBUG Engine               - isLinux: true
09:52:10.472 [FXGL Background Thread 3 ] DEBUG Engine               - isMac: false
09:52:10.473 [FXGL Background Thread 3 ] DEBUG Engine               - isMainMenuEnabled: false
09:52:10.473 [FXGL Background Thread 3 ] DEBUG Engine               - isManualResizeEnabled: false
09:52:10.473 [FXGL Background Thread 3 ] DEBUG Engine               - isMobile: false
09:52:10.473 [FXGL Background Thread 3 ] DEBUG Engine               - isNative: false
09:52:10.474 [FXGL Background Thread 3 ] DEBUG Engine               - isPauseMusicWhenMinimized: true
09:52:10.474 [FXGL Background Thread 3 ] DEBUG Engine               - isPreserveResizeRatio: false
09:52:10.474 [FXGL Background Thread 3 ] DEBUG Engine               - isProfilingEnabled: false
09:52:10.475 [FXGL Background Thread 3 ] DEBUG Engine               - isScaleAffectedOnResize: true
09:52:10.475 [FXGL Background Thread 3 ] DEBUG Engine               - isSingleStep: false
09:52:10.475 [FXGL Background Thread 3 ] DEBUG Engine               - isUserProfileEnabled: false
09:52:10.475 [FXGL Background Thread 3 ] DEBUG Engine               - isWindows: false
09:52:10.475 [FXGL Background Thread 3 ] DEBUG Engine               - language: ObjectProperty [value: ENGLISH]
09:52:10.476 [FXGL Background Thread 3 ] DEBUG Engine               - menuKey: ESCAPE
09:52:10.476 [FXGL Background Thread 3 ] DEBUG Engine               - mouseSensitivity: 0.2
09:52:10.476 [FXGL Background Thread 3 ] DEBUG Engine               - notificationViewClass: class com.almasb.fxgl.notification.view.XboxNotificationView
09:52:10.476 [FXGL Background Thread 3 ] DEBUG Engine               - pixelsPerMeter: 50.0
09:52:10.476 [FXGL Background Thread 3 ] DEBUG Engine               - platform: LINUX
09:52:10.477 [FXGL Background Thread 3 ] DEBUG Engine               - prefHeightProperty: ReadOnlyDoubleProperty [value: 720.0]
09:52:10.477 [FXGL Background Thread 3 ] DEBUG Engine               - prefWidthProperty: ReadOnlyDoubleProperty [value: 1280.0]
09:52:10.477 [FXGL Background Thread 3 ] DEBUG Engine               - profileDir: profiles/
09:52:10.477 [FXGL Background Thread 3 ] DEBUG Engine               - profileName: StringProperty [value: DEFAULT]
09:52:10.478 [FXGL Background Thread 3 ] DEBUG Engine               - randomSeed: -1
09:52:10.478 [FXGL Background Thread 3 ] DEBUG Engine               - runtimeInfo: RuntimeInfo(platform=LINUX, version=21.1, build=27.03.2024 07.52)
09:52:10.479 [FXGL Background Thread 3 ] DEBUG Engine               - saveFileExt: sav
09:52:10.479 [FXGL Background Thread 3 ] DEBUG Engine               - scaledHeightProp$fxgl: DoubleProperty [bound, value: 716.0]
09:52:10.479 [FXGL Background Thread 3 ] DEBUG Engine               - scaledWidthProp$fxgl: DoubleProperty [bound, value: 1282.0]
09:52:10.480 [FXGL Background Thread 3 ] DEBUG Engine               - sceneFactory: com.almasb.fxgl.app.scene.SceneFactory@7d69a1fd
09:52:10.480 [FXGL Background Thread 3 ] DEBUG Engine               - secondsIn24h: 60
09:52:10.482 [FXGL Background Thread 3 ] DEBUG Engine               - soundMenuBack: menu/back.wav
09:52:10.482 [FXGL Background Thread 3 ] DEBUG Engine               - soundMenuPress: menu/press.wav
09:52:10.483 [FXGL Background Thread 3 ] DEBUG Engine               - soundMenuSelect: menu/select.wav
09:52:10.483 [FXGL Background Thread 3 ] DEBUG Engine               - soundNotification: core/notification.wav
09:52:10.483 [FXGL Background Thread 3 ] DEBUG Engine               - stageStyle: DECORATED
09:52:10.483 [FXGL Background Thread 3 ] DEBUG Engine               - supportedLanguages: [ENGLISH, FRENCH, GERMAN, HUNGARIAN, RUSSIAN]
09:52:10.483 [FXGL Background Thread 3 ] DEBUG Engine               - ticksPerSecond: -1
09:52:10.483 [FXGL Background Thread 3 ] DEBUG Engine               - title: Horender
09:52:10.483 [FXGL Background Thread 3 ] DEBUG Engine               - urlGithub: https://github.com/AlmasB/FXGL
09:52:10.483 [FXGL Background Thread 3 ] DEBUG Engine               - urlLeaderboard: http://fxgl-top.herokuapp.com/
09:52:10.484 [FXGL Background Thread 3 ] DEBUG Engine               - urlPOM: https://raw.githubusercontent.com/AlmasB/FXGL/release/README.md
09:52:10.484 [FXGL Background Thread 3 ] DEBUG Engine               - userAppClass: class com.mycompany.horender.HorenderApp
09:52:10.484 [FXGL Background Thread 3 ] DEBUG Engine               - version: 0.1
09:52:10.484 [FXGL Background Thread 3 ] DEBUG Engine               - versionCheckDays: 7
09:52:10.484 [FXGL Background Thread 3 ] DEBUG Engine               - width: 1280
09:52:10.484 [FXGL Background Thread 3 ] DEBUG Engine               - Logging services
09:52:10.485 [FXGL Background Thread 3 ] DEBUG Engine               - class com.almasb.fxgl.app.services.FXGLAssetLoaderService
09:52:10.485 [FXGL Background Thread 3 ] DEBUG Engine               - class com.almasb.fxgl.app.FXGLApplication$GameApplicationService
09:52:10.485 [FXGL Background Thread 3 ] DEBUG Engine               - class com.almasb.fxgl.app.services.FXGLDialogService
09:52:10.485 [FXGL Background Thread 3 ] DEBUG Engine               - class com.almasb.fxgl.app.services.IOTaskExecutorService
09:52:10.485 [FXGL Background Thread 3 ] DEBUG Engine               - class com.almasb.fxgl.io.FileSystemService
09:52:10.485 [FXGL Background Thread 3 ] DEBUG Engine               - class com.almasb.fxgl.localization.LocalizationService
09:52:10.485 [FXGL Background Thread 3 ] DEBUG Engine               - class com.almasb.fxgl.app.services.SystemBundleService
09:52:10.485 [FXGL Background Thread 3 ] DEBUG Engine               - class com.almasb.fxgl.profile.SaveLoadService
09:52:10.486 [FXGL Background Thread 3 ] DEBUG Engine               - class com.almasb.fxgl.ui.FXGLUIFactoryServiceProvider
09:52:10.486 [FXGL Background Thread 3 ] DEBUG Engine               - class com.almasb.fxgl.ui.FXGLDialogFactoryServiceProvider
09:52:10.486 [FXGL Background Thread 3 ] DEBUG Engine               - class com.almasb.fxgl.audio.AudioPlayer
09:52:10.486 [FXGL Background Thread 3 ] DEBUG Engine               - class com.almasb.fxgl.notification.impl.NotificationServiceProvider
09:52:10.486 [FXGL Background Thread 3 ] DEBUG Engine               - class com.almasb.fxgl.achievement.AchievementService
09:52:10.486 [FXGL Background Thread 3 ] DEBUG Engine               - class com.almasb.fxgl.cutscene.CutsceneService
09:52:10.486 [FXGL Background Thread 3 ] DEBUG Engine               - class com.almasb.fxgl.minigames.MiniGameService
09:52:10.486 [FXGL Background Thread 3 ] DEBUG Engine               - class com.almasb.fxgl.net.NetService
09:52:10.486 [FXGL Background Thread 3 ] DEBUG Engine               - class com.almasb.fxgl.app.services.UpdaterService
09:52:10.486 [FXGL Background Thread 3 ] DEBUG Engine               - class com.almasb.fxgl.dev.DevService
09:52:12.529 [JavaFX Application Thread] DEBUG FXGLApplication      - Exiting FXGL
09:52:12.529 [JavaFX Application Thread] DEBUG LoopRunner           - Stopping loop
09:52:12.529 [JavaFX Application Thread] DEBUG SystemBundleService  - Saving FXGL system data
09:52:12.534 [JavaFX Application Thread] DEBUG FileSystemAccess     - Writing to: /home/aluno/NetBeansProjects/Horender/system/fxgl.bundle
09:52:12.540 [JavaFX Application Thread] DEBUG Async                - Shutting down background threads
09:52:12.541 [JavaFX Application Thread] DEBUG PrimaryStageWindow   - Closing main window
09:52:12.542 [JavaFX Application Thread] DEBUG Logger               - Closing Logger
