13:19:49.423 [main                     ] DEBUG Logger               - Configured Logger
13:19:49.475 [main                     ] DEBUG GameApplication      - Logging settings
Title: Horender
Version: 0.1
Width: 800
Height: 600
Fullscreen: false
Intro: false
Profiling: false
Single step:false
App Mode: DEVELOPER
Menu Key: ESCAPE
Stage Style: DECORATED
Scene Factory: class com.almasb.fxgl.app.scene.SceneFactory

13:19:50.223 [JavaFX Application Thread] DEBUG FXGLApplication      - Initializing FXGL
13:19:50.232 [JavaFX Application Thread] INFO  Engine               - FXGL-21 (28.12.2023 13.35) on WINDOWS (J:21.0.11 FX:21.0.1)
13:19:50.233 [JavaFX Application Thread] DEBUG Engine               - JRE Vendor Name: Oracle Corporation
13:19:50.233 [JavaFX Application Thread] DEBUG Engine               - Running on OS: Windows 11 version 10.0
13:19:50.233 [JavaFX Application Thread] DEBUG Engine               - Architecture: amd64
13:19:50.233 [JavaFX Application Thread] INFO  Engine               - Source code and latest versions at: https://github.com/AlmasB/FXGL
13:19:50.233 [JavaFX Application Thread] INFO  Engine               -       Ask questions and discuss at: https://github.com/AlmasB/FXGL/discussions
13:19:50.234 [JavaFX Application Thread] INFO  Engine               -              Join the FXGL chat at: https://gitter.im/AlmasB/FXGL
13:19:50.431 [JavaFX Application Thread] DEBUG PrimaryStageWindow   - Creating a JavaFX scene
13:19:50.540 [JavaFX Application Thread] DEBUG PrimaryStageWindow   - Target settings size: 800.0 x 600.0
13:19:50.541 [JavaFX Application Thread] DEBUG PrimaryStageWindow   - Scaled scene size:    800.0 x 600.0
13:19:50.541 [JavaFX Application Thread] DEBUG PrimaryStageWindow   - Scaled ratio: (1.0, 1.0)
13:19:50.543 [JavaFX Application Thread] DEBUG PrimaryStageWindow   - Set initial scene to FXGLStartupScene
13:19:50.549 [JavaFX Application Thread] DEBUG PrimaryStageWindow   - Opening main window
13:19:50.736 [JavaFX Application Thread] DEBUG PrimaryStageWindow   - Window border size: (16.0, 39.0)
13:19:50.736 [JavaFX Application Thread] DEBUG PrimaryStageWindow   - Scaled size: 800.0 x 600.0
13:19:50.737 [JavaFX Application Thread] DEBUG PrimaryStageWindow   - Scaled ratio: (1.0, 1.0)
13:19:50.737 [JavaFX Application Thread] DEBUG PrimaryStageWindow   - Scene size: 800.0 x 600.0
13:19:50.737 [JavaFX Application Thread] DEBUG PrimaryStageWindow   - Stage size: 816.0 x 639.0
13:19:50.751 [FXGL Background Thread 1 ] DEBUG Engine               - Initializing environment variables
13:19:50.895 [FXGL Background Thread 1 ] DEBUG FXGLAssetLoaderServi - User app class for loading assets: class com.mycompany.horender.HorenderApp
13:19:50.896 [FXGL Background Thread 1 ] DEBUG GameApplicationServi - Applying CSS: fxgl_dark.css
13:19:50.898 [FXGL Background Thread 1 ] DEBUG FXGLAssetLoaderServi - Loading from file system: jar:file:///C:/Users/Priscila/.m2/repository/com/github/almasb/fxgl/21/fxgl-21.jar!/fxglassets/ui/css/fxgl_dark.css
13:19:51.025 [FXGL Background Thread 1 ] DEBUG GameApplicationServi - Initializing application scenes
13:19:51.101 [FXGL Background Thread 1 ] DEBUG GameWorld            - Game world initialized
13:19:51.245 [FXGL Background Thread 1 ] DEBUG PhysicsWorld         - Physics world initialized: appHeight=600, physics.ppm=50,0
13:19:51.245 [FXGL Background Thread 1 ] DEBUG PhysicsWorld         - Using strategy: BRUTE_FORCE
13:19:51.251 [FXGL Background Thread 1 ] DEBUG GameScene            - Game scene initialized: 800x600
13:19:51.275 [FXGL Background Thread 1 ] DEBUG FXGL.DefaultMenu     - createMenuBodyGameMenu()
13:19:51.298 [FXGL Background Thread 1 ] DEBUG FXGL.DefaultMenu     - createOptionsMenu()
13:19:51.315 [FXGL Background Thread 1 ] DEBUG FXGLAssetLoaderServi - Loading from file system: jar:file:///C:/Users/Priscila/.m2/repository/com/github/almasb/fxgl/21/fxgl-21.jar!/fxglassets/textures/particles/smoke.png
13:19:51.531 [FXGL Background Thread 1 ] DEBUG FXGLAssetLoaderServi - Loading from file system: jar:file:///C:/Users/Priscila/.m2/repository/com/github/almasb/fxgl/21/fxgl-21.jar!/fxglassets/textures/particles/trace_horizontal.png
13:19:51.601 [FXGL Background Thread 1 ] DEBUG GameApplicationServi - Application scenes initialized
13:19:51.623 [FXGL Background Thread 1 ] DEBUG SystemBundleService  - Loading FXGL system data
13:19:51.633 [FXGL Background Thread 1 ] DEBUG FileSystemAccess     - Reading from: C:\Users\Priscila\Downloads\Horender\Horender\system\fxgl.bundle
13:19:51.650 [FXGL Background Thread 1 ] DEBUG SystemBundleService  - Bundle FXGL: {}
13:19:51.651 [FXGL Background Thread 1 ] DEBUG UpdaterService       - Checking for updates
13:19:51.658 [FXGL Background Thread 4 ] DEBUG FXGLApplication      - Loading fonts
13:19:51.659 [FXGL Background Thread 4 ] DEBUG FXGLAssetLoaderServi - Loading from file system: jar:file:///C:/Users/Priscila/.m2/repository/com/github/almasb/fxgl/21/fxgl-21.jar!/fxglassets/ui/fonts/VarelaRound-Regular.ttf
13:19:51.659 [FXGL Background Thread 1 ] DEBUG FXGLApplication      - Loading default localization
13:19:51.660 [FXGL Background Thread 1 ] DEBUG FXGLAssetLoaderServi - Loading from file system: jar:file:///C:/Users/Priscila/.m2/repository/com/github/almasb/fxgl/21/fxgl-21.jar!/fxglassets/languages/english.lang
13:19:51.700 [FXGL Background Thread 1 ] INFO  FXGLApplication      - FXGL initialization took: 0,949 sec
13:19:51.702 [JavaFX Application Thread] DEBUG FXGLAssetLoaderServi - Loading from file system: jar:file:///C:/Users/Priscila/.m2/repository/com/github/almasb/fxgl/21/fxgl-21.jar!/fxglassets/textures/fxgl_icon.png
13:19:51.742 [FXGL Background Thread 4 ] DEBUG FXGLAssetLoaderServi - Loading from file system: jar:file:///C:/Users/Priscila/.m2/repository/com/github/almasb/fxgl/21/fxgl-21.jar!/fxglassets/ui/fonts/Abel-Regular.ttf
13:19:51.750 [JavaFX Application Thread] DEBUG FXGLAssetLoaderServi - Loading from file system: jar:file:///C:/Users/Priscila/.m2/repository/com/github/almasb/fxgl/21/fxgl-21.jar!/fxglassets/textures/fxgl_default_cursor.png
13:19:51.768 [FXGL Background Thread 4 ] DEBUG FXGLAssetLoaderServi - Loading from file system: jar:file:///C:/Users/Priscila/.m2/repository/com/github/almasb/fxgl/21/fxgl-21.jar!/fxglassets/ui/fonts/TerminalLandMono-Regular.otf
13:19:51.777 [JavaFX Application Thread] DEBUG Input                - Registered new binding: Screenshot - CTRL+8
13:19:51.779 [JavaFX Application Thread] DEBUG Input                - Registered new binding: System info dump - CTRL+9
13:19:51.779 [JavaFX Application Thread] DEBUG Input                - Registered new binding: Restart - CTRL+R
13:19:51.781 [JavaFX Application Thread] DEBUG Input                - Registered new binding: Toggle Debug Camera - CTRL+7
13:19:51.786 [JavaFX Application Thread] DEBUG LoopRunner           - Starting loop
13:19:51.786 [JavaFX Application Thread] DEBUG LoopRunner           - Initializing JavaFX AnimationTimerLoop
13:19:51.788 [JavaFX Application Thread] DEBUG GameApplicationServi - Starting new game
13:19:51.789 [JavaFX Application Thread] DEBUG Input                - Clearing active input actions
13:19:51.798 [FXGL Background Thread 4 ] DEBUG FXGLAssetLoaderServi - Loading from file system: jar:file:///C:/Users/Priscila/.m2/repository/com/github/almasb/fxgl/21/fxgl-21.jar!/fxglassets/ui/fonts/Courier-Prime.ttf
13:19:51.815 [JavaFX Application Thread] DEBUG GameApplicationServi - Removing overlay from FXGLStartupScene and adding to FXGLLoadingScene
13:19:51.816 [JavaFX Application Thread] DEBUG PrimaryStageWindow   - FXGLStartupScene -> FXGLLoadingScene
13:19:51.816 [JavaFX Application Thread] DEBUG GameApplicationServi - Clearing previous game
13:19:51.816 [JavaFX Application Thread] DEBUG GameScene            - Clearing game scene
13:19:51.816 [JavaFX Application Thread] DEBUG GameWorld            - Clearing game world
13:19:51.816 [JavaFX Application Thread] DEBUG PhysicsWorld         - Clearing physics world
13:19:51.819 [FXGL Background Thread 1 ] DEBUG FXGLApplication      - Initializing game
13:19:51.854 [FXGL Background Thread 1 ] DEBUG FXGLAssetLoaderServi - Loading from file system: file:/C:/Users/Priscila/Downloads/Horender/Horender/target/classes/assets/textures/IDLE.png
13:19:51.909 [JavaFX Application Thread] DEBUG FXGLApplication      - Registering font factories with UI factory
13:19:51.909 [FXGL Background Thread 1 ] INFO  FXGLApplication      - Game initialization took: 0,090 sec
13:19:51.915 [JavaFX Application Thread] DEBUG Input                - Clearing active input actions
13:19:51.934 [JavaFX Application Thread] DEBUG GameApplicationServi - Removing overlay from FXGLLoadingScene and adding to GameScene
13:19:51.935 [JavaFX Application Thread] DEBUG PrimaryStageWindow   - FXGLLoadingScene -> GameScene
13:19:52.680 [FXGL Background Thread 2 ] INFO  UpdaterService       - Your current version:  21
13:19:52.681 [FXGL Background Thread 2 ] INFO  UpdaterService       - Latest stable version: 25
13:19:54.656 [FXGL Background Thread 3 ] DEBUG Engine               - Logging environment variables
13:19:54.658 [FXGL Background Thread 3 ] DEBUG Engine               - achievements: []
13:19:54.658 [FXGL Background Thread 3 ] DEBUG Engine               - actualHeight: 600.0
13:19:54.659 [FXGL Background Thread 3 ] DEBUG Engine               - actualHeightProperty: ReadOnlyDoubleProperty [value: 600.0]
13:19:54.659 [FXGL Background Thread 3 ] DEBUG Engine               - actualWidth: 800.0
13:19:54.659 [FXGL Background Thread 3 ] DEBUG Engine               - actualWidthProperty: ReadOnlyDoubleProperty [value: 800.0]
13:19:54.660 [FXGL Background Thread 3 ] DEBUG Engine               - appIcon: fxgl_icon.png
13:19:54.660 [FXGL Background Thread 3 ] DEBUG Engine               - applicationMode: DEVELOPER
13:19:54.660 [FXGL Background Thread 3 ] DEBUG Engine               - cSSList: [fxgl_dark.css]
13:19:54.661 [FXGL Background Thread 3 ] DEBUG Engine               - collisionDetectionStrategy: BRUTE_FORCE
13:19:54.661 [FXGL Background Thread 3 ] DEBUG Engine               - configClass: Optional.empty
13:19:54.661 [FXGL Background Thread 3 ] DEBUG Engine               - credits: []
13:19:54.662 [FXGL Background Thread 3 ] DEBUG Engine               - defaultCursor: CursorInfo(imageName=fxgl_default_cursor.png, hotspotX=7.0, hotspotY=6.0)
13:19:54.663 [FXGL Background Thread 3 ] DEBUG Engine               - devBBoxColorProperty: ObjectProperty [value: 0xff0000ff]
13:19:54.663 [FXGL Background Thread 3 ] DEBUG Engine               - devEnableDebugCameraProperty: BooleanProperty [value: false]
13:19:54.664 [FXGL Background Thread 3 ] DEBUG Engine               - devSensorColorProperty: ObjectProperty [value: 0xffff00ff]
13:19:54.664 [FXGL Background Thread 3 ] DEBUG Engine               - devShowBBoxProperty: BooleanProperty [value: false]
13:19:54.664 [FXGL Background Thread 3 ] DEBUG Engine               - devShowPositionProperty: BooleanProperty [value: false]
13:19:54.665 [FXGL Background Thread 3 ] DEBUG Engine               - enabledMenuItems: []
13:19:54.665 [FXGL Background Thread 3 ] DEBUG Engine               - engineServices: [class com.almasb.fxgl.app.services.FXGLAssetLoaderService, class com.almasb.fxgl.app.FXGLApplication$GameApplicationService, class com.almasb.fxgl.app.services.FXGLDialogService, class com.almasb.fxgl.app.services.IOTaskExecutorService, class com.almasb.fxgl.io.FileSystemService, class com.almasb.fxgl.localization.LocalizationService, class com.almasb.fxgl.app.services.SystemBundleService, class com.almasb.fxgl.profile.SaveLoadService, class com.almasb.fxgl.ui.FXGLUIFactoryServiceProvider, class com.almasb.fxgl.ui.FXGLDialogFactoryServiceProvider, class com.almasb.fxgl.audio.AudioPlayer, class com.almasb.fxgl.notification.impl.NotificationServiceProvider, class com.almasb.fxgl.achievement.AchievementService, class com.almasb.fxgl.cutscene.CutsceneService, class com.almasb.fxgl.minigames.MiniGameService, class com.almasb.fxgl.net.NetService, class com.almasb.fxgl.app.services.UpdaterService, class com.almasb.fxgl.dev.DevService]
13:19:54.665 [FXGL Background Thread 3 ] DEBUG Engine               - fontGame: Abel-Regular.ttf
13:19:54.665 [FXGL Background Thread 3 ] DEBUG Engine               - fontMono: TerminalLandMono-Regular.otf
13:19:54.666 [FXGL Background Thread 3 ] DEBUG Engine               - fontSizeScaleUI: 1.0
13:19:54.666 [FXGL Background Thread 3 ] DEBUG Engine               - fontText: Courier-Prime.ttf
13:19:54.666 [FXGL Background Thread 3 ] DEBUG Engine               - fontUI: VarelaRound-Regular.ttf
13:19:54.666 [FXGL Background Thread 3 ] DEBUG Engine               - fullScreen: BooleanProperty [value: false]
13:19:54.667 [FXGL Background Thread 3 ] DEBUG Engine               - gameDifficulty: MEDIUM
13:19:54.667 [FXGL Background Thread 3 ] DEBUG Engine               - gameDifficultyProperty: ObjectProperty [value: MEDIUM]
13:19:54.667 [FXGL Background Thread 3 ] DEBUG Engine               - globalMusicVolume: 0.5
13:19:54.668 [FXGL Background Thread 3 ] DEBUG Engine               - globalMusicVolumeProperty: DoubleProperty [value: 0.5]
13:19:54.668 [FXGL Background Thread 3 ] DEBUG Engine               - globalSoundVolume: 0.5
13:19:54.669 [FXGL Background Thread 3 ] DEBUG Engine               - globalSoundVolumeProperty: DoubleProperty [value: 0.5]
13:19:54.669 [FXGL Background Thread 3 ] DEBUG Engine               - height: 600
13:19:54.669 [FXGL Background Thread 3 ] DEBUG Engine               - is3D: false
13:19:54.670 [FXGL Background Thread 3 ] DEBUG Engine               - isAndroid: false
13:19:54.670 [FXGL Background Thread 3 ] DEBUG Engine               - isBrowser: false
13:19:54.670 [FXGL Background Thread 3 ] DEBUG Engine               - isClickFeedbackEnabled: false
13:19:54.670 [FXGL Background Thread 3 ] DEBUG Engine               - isCloseConfirmation: false
13:19:54.671 [FXGL Background Thread 3 ] DEBUG Engine               - isDesktop: true
13:19:54.671 [FXGL Background Thread 3 ] DEBUG Engine               - isDeveloperMenuEnabled: false
13:19:54.671 [FXGL Background Thread 3 ] DEBUG Engine               - isEmbedded: false
13:19:54.671 [FXGL Background Thread 3 ] DEBUG Engine               - isEntityPreloadEnabled: true
13:19:54.671 [FXGL Background Thread 3 ] DEBUG Engine               - isExperimentalTiledLargeMap: false
13:19:54.672 [FXGL Background Thread 3 ] DEBUG Engine               - isFileSystemWriteAllowed: true
13:19:54.672 [FXGL Background Thread 3 ] DEBUG Engine               - isFullScreenAllowed: false
13:19:54.672 [FXGL Background Thread 3 ] DEBUG Engine               - isFullScreenFromStart: false
13:19:54.672 [FXGL Background Thread 3 ] DEBUG Engine               - isGameMenuEnabled: true
13:19:54.672 [FXGL Background Thread 3 ] DEBUG Engine               - isIOS: false
13:19:54.673 [FXGL Background Thread 3 ] DEBUG Engine               - isIntroEnabled: false
13:19:54.673 [FXGL Background Thread 3 ] DEBUG Engine               - isLinux: false
13:19:54.673 [FXGL Background Thread 3 ] DEBUG Engine               - isMac: false
13:19:54.674 [FXGL Background Thread 3 ] DEBUG Engine               - isMainMenuEnabled: false
13:19:54.674 [FXGL Background Thread 3 ] DEBUG Engine               - isManualResizeEnabled: false
13:19:54.674 [FXGL Background Thread 3 ] DEBUG Engine               - isMobile: false
13:19:54.674 [FXGL Background Thread 3 ] DEBUG Engine               - isNative: false
13:19:54.675 [FXGL Background Thread 3 ] DEBUG Engine               - isPauseMusicWhenMinimized: true
13:19:54.675 [FXGL Background Thread 3 ] DEBUG Engine               - isPreserveResizeRatio: false
13:19:54.675 [FXGL Background Thread 3 ] DEBUG Engine               - isProfilingEnabled: false
13:19:54.676 [FXGL Background Thread 3 ] DEBUG Engine               - isScaleAffectedOnResize: true
13:19:54.676 [FXGL Background Thread 3 ] DEBUG Engine               - isSingleStep: false
13:19:54.676 [FXGL Background Thread 3 ] DEBUG Engine               - isUserProfileEnabled: false
13:19:54.676 [FXGL Background Thread 3 ] DEBUG Engine               - isWindows: true
13:19:54.677 [FXGL Background Thread 3 ] DEBUG Engine               - language: ObjectProperty [value: ENGLISH]
13:19:54.677 [FXGL Background Thread 3 ] DEBUG Engine               - menuKey: ESCAPE
13:19:54.677 [FXGL Background Thread 3 ] DEBUG Engine               - mouseSensitivity: 0.2
13:19:54.677 [FXGL Background Thread 3 ] DEBUG Engine               - notificationViewClass: class com.almasb.fxgl.notification.view.XboxNotificationView
13:19:54.678 [FXGL Background Thread 3 ] DEBUG Engine               - pixelsPerMeter: 50.0
13:19:54.678 [FXGL Background Thread 3 ] DEBUG Engine               - platform: WINDOWS
13:19:54.678 [FXGL Background Thread 3 ] DEBUG Engine               - prefHeightProperty: ReadOnlyDoubleProperty [value: 600.0]
13:19:54.678 [FXGL Background Thread 3 ] DEBUG Engine               - prefWidthProperty: ReadOnlyDoubleProperty [value: 800.0]
13:19:54.679 [FXGL Background Thread 3 ] DEBUG Engine               - profileDir: profiles/
13:19:54.679 [FXGL Background Thread 3 ] DEBUG Engine               - profileName: StringProperty [value: DEFAULT]
13:19:54.679 [FXGL Background Thread 3 ] DEBUG Engine               - randomSeed: -1
13:19:54.680 [FXGL Background Thread 3 ] DEBUG Engine               - runtimeInfo: RuntimeInfo(platform=WINDOWS, version=21, build=28.12.2023 13.35)
13:19:54.681 [FXGL Background Thread 3 ] DEBUG Engine               - saveFileExt: sav
13:19:54.681 [FXGL Background Thread 3 ] DEBUG Engine               - scaledHeightProp$fxgl: DoubleProperty [bound, value: 600.0]
13:19:54.681 [FXGL Background Thread 3 ] DEBUG Engine               - scaledWidthProp$fxgl: DoubleProperty [bound, value: 800.0]
13:19:54.681 [FXGL Background Thread 3 ] DEBUG Engine               - sceneFactory: com.almasb.fxgl.app.scene.SceneFactory@5de68f0c
13:19:54.681 [FXGL Background Thread 3 ] DEBUG Engine               - secondsIn24h: 60
13:19:54.682 [FXGL Background Thread 3 ] DEBUG Engine               - soundMenuBack: menu/back.wav
13:19:54.682 [FXGL Background Thread 3 ] DEBUG Engine               - soundMenuPress: menu/press.wav
13:19:54.682 [FXGL Background Thread 3 ] DEBUG Engine               - soundMenuSelect: menu/select.wav
13:19:54.682 [FXGL Background Thread 3 ] DEBUG Engine               - soundNotification: core/notification.wav
13:19:54.682 [FXGL Background Thread 3 ] DEBUG Engine               - stageStyle: DECORATED
13:19:54.683 [FXGL Background Thread 3 ] DEBUG Engine               - supportedLanguages: [ENGLISH, FRENCH, GERMAN, HUNGARIAN, RUSSIAN]
13:19:54.683 [FXGL Background Thread 3 ] DEBUG Engine               - ticksPerSecond: -1
13:19:54.683 [FXGL Background Thread 3 ] DEBUG Engine               - title: Horender
13:19:54.684 [FXGL Background Thread 3 ] DEBUG Engine               - urlGithub: https://github.com/AlmasB/FXGL
13:19:54.684 [FXGL Background Thread 3 ] DEBUG Engine               - urlLeaderboard: http://fxgl-top.herokuapp.com/
13:19:54.684 [FXGL Background Thread 3 ] DEBUG Engine               - urlPOM: https://raw.githubusercontent.com/AlmasB/FXGL/release/README.md
13:19:54.684 [FXGL Background Thread 3 ] DEBUG Engine               - userAppClass: class com.mycompany.horender.HorenderApp
13:19:54.685 [FXGL Background Thread 3 ] DEBUG Engine               - version: 0.1
13:19:54.685 [FXGL Background Thread 3 ] DEBUG Engine               - versionCheckDays: 7
13:19:54.685 [FXGL Background Thread 3 ] DEBUG Engine               - width: 800
13:19:54.685 [FXGL Background Thread 3 ] DEBUG Engine               - Logging services
13:19:54.686 [FXGL Background Thread 3 ] DEBUG Engine               - class com.almasb.fxgl.app.services.FXGLAssetLoaderService
13:19:54.686 [FXGL Background Thread 3 ] DEBUG Engine               - class com.almasb.fxgl.app.FXGLApplication$GameApplicationService
13:19:54.686 [FXGL Background Thread 3 ] DEBUG Engine               - class com.almasb.fxgl.app.services.FXGLDialogService
13:19:54.686 [FXGL Background Thread 3 ] DEBUG Engine               - class com.almasb.fxgl.app.services.IOTaskExecutorService
13:19:54.687 [FXGL Background Thread 3 ] DEBUG Engine               - class com.almasb.fxgl.io.FileSystemService
13:19:54.687 [FXGL Background Thread 3 ] DEBUG Engine               - class com.almasb.fxgl.localization.LocalizationService
13:19:54.687 [FXGL Background Thread 3 ] DEBUG Engine               - class com.almasb.fxgl.app.services.SystemBundleService
13:19:54.687 [FXGL Background Thread 3 ] DEBUG Engine               - class com.almasb.fxgl.profile.SaveLoadService
13:19:54.687 [FXGL Background Thread 3 ] DEBUG Engine               - class com.almasb.fxgl.ui.FXGLUIFactoryServiceProvider
13:19:54.688 [FXGL Background Thread 3 ] DEBUG Engine               - class com.almasb.fxgl.ui.FXGLDialogFactoryServiceProvider
13:19:54.688 [FXGL Background Thread 3 ] DEBUG Engine               - class com.almasb.fxgl.audio.AudioPlayer
13:19:54.688 [FXGL Background Thread 3 ] DEBUG Engine               - class com.almasb.fxgl.notification.impl.NotificationServiceProvider
13:19:54.688 [FXGL Background Thread 3 ] DEBUG Engine               - class com.almasb.fxgl.achievement.AchievementService
13:19:54.688 [FXGL Background Thread 3 ] DEBUG Engine               - class com.almasb.fxgl.cutscene.CutsceneService
13:19:54.689 [FXGL Background Thread 3 ] DEBUG Engine               - class com.almasb.fxgl.minigames.MiniGameService
13:19:54.689 [FXGL Background Thread 3 ] DEBUG Engine               - class com.almasb.fxgl.net.NetService
13:19:54.689 [FXGL Background Thread 3 ] DEBUG Engine               - class com.almasb.fxgl.app.services.UpdaterService
13:19:54.689 [FXGL Background Thread 3 ] DEBUG Engine               - class com.almasb.fxgl.dev.DevService
13:23:23.485 [JavaFX Application Thread] DEBUG FXGLApplication      - Exiting FXGL
13:23:23.486 [JavaFX Application Thread] DEBUG LoopRunner           - Stopping loop
13:23:23.486 [JavaFX Application Thread] DEBUG SystemBundleService  - Saving FXGL system data
13:23:23.495 [JavaFX Application Thread] DEBUG FileSystemAccess     - Writing to: C:\Users\Priscila\Downloads\Horender\Horender\system\fxgl.bundle
13:23:23.507 [JavaFX Application Thread] DEBUG Async                - Shutting down background threads
13:23:23.508 [JavaFX Application Thread] DEBUG PrimaryStageWindow   - Closing main window
13:23:23.542 [JavaFX Application Thread] DEBUG Logger               - Closing Logger
