20:38:51.709 [main                     ] DEBUG Logger               - Configured Logger
20:38:51.752 [main                     ] DEBUG GameApplication      - Logging settings
Title: Horender
Version: 0.1
Width: 768
Height: 512
Fullscreen: false
Intro: false
Profiling: false
Single step:false
App Mode: DEVELOPER
Menu Key: ESCAPE
Stage Style: DECORATED
Scene Factory: class com.almasb.fxgl.app.scene.SceneFactory

20:38:52.563 [JavaFX Application Thread] DEBUG FXGLApplication      - Initializing FXGL
20:38:52.579 [JavaFX Application Thread] INFO  Engine               - FXGL-21.1 (27.03.2024 07.52) on WINDOWS (J:21.0.11 FX:21.0.1)
20:38:52.581 [JavaFX Application Thread] DEBUG Engine               - JRE Vendor Name: Oracle Corporation
20:38:52.582 [JavaFX Application Thread] DEBUG Engine               - Running on OS: Windows 11 version 10.0
20:38:52.582 [JavaFX Application Thread] DEBUG Engine               - Architecture: amd64
20:38:52.583 [JavaFX Application Thread] INFO  Engine               - Source code and latest versions at: https://github.com/AlmasB/FXGL
20:38:52.584 [JavaFX Application Thread] INFO  Engine               -       Ask questions and discuss at: https://github.com/AlmasB/FXGL/discussions
20:38:52.584 [JavaFX Application Thread] INFO  Engine               -              Join the FXGL chat at: https://gitter.im/AlmasB/FXGL
20:38:52.811 [JavaFX Application Thread] DEBUG PrimaryStageWindow   - Creating a JavaFX scene
20:38:52.905 [JavaFX Application Thread] DEBUG PrimaryStageWindow   - Target settings size: 768.0 x 512.0
20:38:52.905 [JavaFX Application Thread] DEBUG PrimaryStageWindow   - Scaled scene size:    768.0 x 512.0
20:38:52.905 [JavaFX Application Thread] DEBUG PrimaryStageWindow   - Scaled ratio: (1.0, 1.0)
20:38:52.908 [JavaFX Application Thread] DEBUG PrimaryStageWindow   - Set initial scene to FXGLStartupScene
20:38:52.913 [JavaFX Application Thread] DEBUG PrimaryStageWindow   - Opening main window
20:38:53.058 [JavaFX Application Thread] DEBUG PrimaryStageWindow   - Window border size: (16.0, 39.0)
20:38:53.058 [JavaFX Application Thread] DEBUG PrimaryStageWindow   - Scaled size: 768.0 x 512.0
20:38:53.059 [JavaFX Application Thread] DEBUG PrimaryStageWindow   - Scaled ratio: (1.0, 1.0)
20:38:53.059 [JavaFX Application Thread] DEBUG PrimaryStageWindow   - Scene size: 768.0 x 512.0
20:38:53.060 [JavaFX Application Thread] DEBUG PrimaryStageWindow   - Stage size: 784.0 x 551.0
20:38:53.070 [FXGL Background Thread 1 ] DEBUG Engine               - Initializing environment variables
20:38:53.176 [FXGL Background Thread 1 ] DEBUG FXGLAssetLoaderServi - User app class for loading assets: class com.mycompany.horender.HorenderApp
20:38:53.176 [FXGL Background Thread 1 ] DEBUG GameApplicationServi - Applying CSS: fxgl_dark.css
20:38:53.177 [FXGL Background Thread 1 ] DEBUG FXGLAssetLoaderServi - Loading from file system: jar:file:///C:/Users/Priscila/.m2/repository/com/github/almasb/fxgl/21.1/fxgl-21.1.jar!/fxglassets/ui/css/fxgl_dark.css
20:38:53.264 [FXGL Background Thread 1 ] DEBUG GameApplicationServi - Initializing application scenes
20:38:53.329 [FXGL Background Thread 1 ] DEBUG GameWorld            - Game world initialized
20:38:53.468 [FXGL Background Thread 1 ] DEBUG PhysicsWorld         - Physics world initialized: appHeight=512, physics.ppm=50,0
20:38:53.469 [FXGL Background Thread 1 ] DEBUG PhysicsWorld         - Using strategy: BRUTE_FORCE
20:38:53.474 [FXGL Background Thread 1 ] DEBUG GameScene            - Game scene initialized: 768x512
20:38:53.496 [FXGL Background Thread 1 ] WARN  FXGL.DefaultMenu     - FXGLDefaultMenu is not designed for resolutions < 800x600
20:38:53.496 [FXGL Background Thread 1 ] DEBUG FXGL.DefaultMenu     - createMenuBodyGameMenu()
20:38:53.518 [FXGL Background Thread 1 ] DEBUG FXGL.DefaultMenu     - createOptionsMenu()
20:38:53.534 [FXGL Background Thread 1 ] DEBUG FXGLAssetLoaderServi - Loading from file system: jar:file:///C:/Users/Priscila/.m2/repository/com/github/almasb/fxgl/21.1/fxgl-21.1.jar!/fxglassets/textures/particles/smoke.png
20:38:53.828 [FXGL Background Thread 1 ] DEBUG FXGLAssetLoaderServi - Loading from file system: jar:file:///C:/Users/Priscila/.m2/repository/com/github/almasb/fxgl/21.1/fxgl-21.1.jar!/fxglassets/textures/particles/trace_horizontal.png
20:38:53.884 [FXGL Background Thread 1 ] DEBUG GameApplicationServi - Application scenes initialized
20:38:53.906 [FXGL Background Thread 1 ] DEBUG SystemBundleService  - Loading FXGL system data
20:38:53.919 [FXGL Background Thread 1 ] DEBUG FileSystemAccess     - Reading from: C:\Users\Priscila\Documents\NetBeansProjects\Horender\system\fxgl.bundle
20:38:53.939 [FXGL Background Thread 1 ] DEBUG SystemBundleService  - Bundle FXGL: {}
20:38:53.939 [FXGL Background Thread 1 ] DEBUG UpdaterService       - Checking for updates
20:38:53.947 [FXGL Background Thread 4 ] DEBUG FXGLApplication      - Loading fonts
20:38:53.948 [FXGL Background Thread 4 ] DEBUG FXGLAssetLoaderServi - Loading from file system: jar:file:///C:/Users/Priscila/.m2/repository/com/github/almasb/fxgl/21.1/fxgl-21.1.jar!/fxglassets/ui/fonts/VarelaRound-Regular.ttf
20:38:53.948 [FXGL Background Thread 1 ] DEBUG FXGLApplication      - Loading default localization
20:38:53.949 [FXGL Background Thread 1 ] DEBUG FXGLAssetLoaderServi - Loading from file system: jar:file:///C:/Users/Priscila/.m2/repository/com/github/almasb/fxgl/21.1/fxgl-21.1.jar!/fxglassets/languages/english.lang
20:38:53.991 [FXGL Background Thread 1 ] INFO  FXGLApplication      - FXGL initialization took: 0,920 sec
20:38:54.017 [JavaFX Application Thread] DEBUG Input                - Registered new binding: action0 - Up
20:38:54.018 [JavaFX Application Thread] DEBUG Input                - Registered new binding: action1 - Down
20:38:54.019 [JavaFX Application Thread] DEBUG Input                - Registered new binding: action2 - Right
20:38:54.020 [JavaFX Application Thread] DEBUG Input                - Registered new binding: action3 - Left
20:38:54.020 [JavaFX Application Thread] DEBUG Input                - Registered new binding: action4 - J
20:38:54.021 [JavaFX Application Thread] DEBUG Input                - Registered new binding: action5 - Space
20:38:54.021 [JavaFX Application Thread] DEBUG Input                - Registered new binding: Move Left A - A
20:38:54.022 [JavaFX Application Thread] DEBUG Input                - Registered new binding: Move Right D - D
20:38:54.022 [JavaFX Application Thread] DEBUG Input                - Registered new binding: Toggle Inventory - I
20:38:54.022 [JavaFX Application Thread] DEBUG FXGLAssetLoaderServi - Loading from file system: jar:file:///C:/Users/Priscila/.m2/repository/com/github/almasb/fxgl/21.1/fxgl-21.1.jar!/fxglassets/textures/fxgl_icon.png
20:38:54.039 [FXGL Background Thread 4 ] DEBUG FXGLAssetLoaderServi - Loading from file system: jar:file:///C:/Users/Priscila/.m2/repository/com/github/almasb/fxgl/21.1/fxgl-21.1.jar!/fxglassets/ui/fonts/Abel-Regular.ttf
20:38:54.063 [JavaFX Application Thread] DEBUG FXGLAssetLoaderServi - Loading from file system: jar:file:///C:/Users/Priscila/.m2/repository/com/github/almasb/fxgl/21.1/fxgl-21.1.jar!/fxglassets/textures/fxgl_default_cursor.png
20:38:54.063 [FXGL Background Thread 4 ] DEBUG FXGLAssetLoaderServi - Loading from file system: jar:file:///C:/Users/Priscila/.m2/repository/com/github/almasb/fxgl/21.1/fxgl-21.1.jar!/fxglassets/ui/fonts/TerminalLandMono-Regular.otf
20:38:54.067 [JavaFX Application Thread] DEBUG Input                - Registered new binding: Screenshot - CTRL+8
20:38:54.069 [JavaFX Application Thread] DEBUG Input                - Registered new binding: System info dump - CTRL+9
20:38:54.070 [JavaFX Application Thread] DEBUG Input                - Registered new binding: Restart - CTRL+R
20:38:54.071 [JavaFX Application Thread] DEBUG Input                - Registered new binding: Toggle Debug Camera - CTRL+7
20:38:54.078 [JavaFX Application Thread] DEBUG LoopRunner           - Starting loop
20:38:54.078 [JavaFX Application Thread] DEBUG LoopRunner           - Initializing JavaFX AnimationTimerLoop
20:38:54.080 [JavaFX Application Thread] DEBUG GameApplicationServi - Starting new game
20:38:54.081 [JavaFX Application Thread] DEBUG Input                - Clearing active input actions
20:38:54.089 [FXGL Background Thread 4 ] DEBUG FXGLAssetLoaderServi - Loading from file system: jar:file:///C:/Users/Priscila/.m2/repository/com/github/almasb/fxgl/21.1/fxgl-21.1.jar!/fxglassets/ui/fonts/Courier-Prime.ttf
20:38:54.113 [JavaFX Application Thread] DEBUG GameApplicationServi - Removing overlay from FXGLStartupScene and adding to FXGLLoadingScene
20:38:54.114 [JavaFX Application Thread] DEBUG PrimaryStageWindow   - FXGLStartupScene -> FXGLLoadingScene
20:38:54.114 [JavaFX Application Thread] DEBUG GameApplicationServi - Clearing previous game
20:38:54.114 [JavaFX Application Thread] DEBUG GameScene            - Clearing game scene
20:38:54.114 [JavaFX Application Thread] DEBUG GameWorld            - Clearing game world
20:38:54.114 [JavaFX Application Thread] DEBUG PhysicsWorld         - Clearing physics world
20:38:54.118 [FXGL Background Thread 1 ] DEBUG FXGLApplication      - Initializing game
20:38:54.202 [JavaFX Application Thread] DEBUG FXGLApplication      - Registering font factories with UI factory
20:38:54.976 [FXGL Background Thread 1 ] INFO  FXGLApplication      - Game initialization took: 0,858 sec
20:38:54.978 [JavaFX Application Thread] DEBUG Input                - Clearing active input actions
20:38:55.034 [JavaFX Application Thread] DEBUG GameApplicationServi - Removing overlay from FXGLLoadingScene and adding to GameScene
20:38:55.035 [JavaFX Application Thread] DEBUG PrimaryStageWindow   - FXGLLoadingScene -> GameScene
20:38:55.180 [FXGL Background Thread 2 ] INFO  UpdaterService       - Your current version:  21.1
20:38:55.182 [FXGL Background Thread 2 ] INFO  UpdaterService       - Latest stable version: 25
20:38:56.944 [FXGL Background Thread 3 ] DEBUG Engine               - Logging environment variables
20:38:56.944 [FXGL Background Thread 3 ] DEBUG Engine               - achievements: []
20:38:56.944 [FXGL Background Thread 3 ] DEBUG Engine               - actualHeight: 512.0
20:38:56.944 [FXGL Background Thread 3 ] DEBUG Engine               - actualHeightProperty: ReadOnlyDoubleProperty [value: 512.0]
20:38:56.945 [FXGL Background Thread 3 ] DEBUG Engine               - actualWidth: 768.0
20:38:56.945 [FXGL Background Thread 3 ] DEBUG Engine               - actualWidthProperty: ReadOnlyDoubleProperty [value: 768.0]
20:38:56.945 [FXGL Background Thread 3 ] DEBUG Engine               - appIcon: fxgl_icon.png
20:38:56.945 [FXGL Background Thread 3 ] DEBUG Engine               - applicationMode: DEVELOPER
20:38:56.945 [FXGL Background Thread 3 ] DEBUG Engine               - cSSList: [fxgl_dark.css]
20:38:56.945 [FXGL Background Thread 3 ] DEBUG Engine               - collisionDetectionStrategy: BRUTE_FORCE
20:38:56.945 [FXGL Background Thread 3 ] DEBUG Engine               - configClass: Optional.empty
20:38:56.945 [FXGL Background Thread 3 ] DEBUG Engine               - credits: []
20:38:56.947 [FXGL Background Thread 3 ] DEBUG Engine               - defaultCursor: CursorInfo(imageName=fxgl_default_cursor.png, hotspotX=7.0, hotspotY=6.0)
20:38:56.947 [FXGL Background Thread 3 ] DEBUG Engine               - devBBoxColorProperty: ObjectProperty [value: 0xff0000ff]
20:38:56.947 [FXGL Background Thread 3 ] DEBUG Engine               - devEnableDebugCameraProperty: BooleanProperty [value: false]
20:38:56.947 [FXGL Background Thread 3 ] DEBUG Engine               - devSensorColorProperty: ObjectProperty [value: 0xffff00ff]
20:38:56.947 [FXGL Background Thread 3 ] DEBUG Engine               - devShowBBoxProperty: BooleanProperty [value: false]
20:38:56.947 [FXGL Background Thread 3 ] DEBUG Engine               - devShowPositionProperty: BooleanProperty [value: false]
20:38:56.947 [FXGL Background Thread 3 ] DEBUG Engine               - enabledMenuItems: []
20:38:56.947 [FXGL Background Thread 3 ] DEBUG Engine               - engineServices: [class com.almasb.fxgl.app.services.FXGLAssetLoaderService, class com.almasb.fxgl.app.FXGLApplication$GameApplicationService, class com.almasb.fxgl.app.services.FXGLDialogService, class com.almasb.fxgl.app.services.IOTaskExecutorService, class com.almasb.fxgl.io.FileSystemService, class com.almasb.fxgl.localization.LocalizationService, class com.almasb.fxgl.app.services.SystemBundleService, class com.almasb.fxgl.profile.SaveLoadService, class com.almasb.fxgl.ui.FXGLUIFactoryServiceProvider, class com.almasb.fxgl.ui.FXGLDialogFactoryServiceProvider, class com.almasb.fxgl.audio.AudioPlayer, class com.almasb.fxgl.notification.impl.NotificationServiceProvider, class com.almasb.fxgl.achievement.AchievementService, class com.almasb.fxgl.cutscene.CutsceneService, class com.almasb.fxgl.minigames.MiniGameService, class com.almasb.fxgl.net.NetService, class com.almasb.fxgl.app.services.UpdaterService, class com.almasb.fxgl.dev.DevService]
20:38:56.947 [FXGL Background Thread 3 ] DEBUG Engine               - fontGame: Abel-Regular.ttf
20:38:56.947 [FXGL Background Thread 3 ] DEBUG Engine               - fontMono: TerminalLandMono-Regular.otf
20:38:56.947 [FXGL Background Thread 3 ] DEBUG Engine               - fontSizeScaleUI: 1.0
20:38:56.947 [FXGL Background Thread 3 ] DEBUG Engine               - fontText: Courier-Prime.ttf
20:38:56.947 [FXGL Background Thread 3 ] DEBUG Engine               - fontUI: VarelaRound-Regular.ttf
20:38:56.947 [FXGL Background Thread 3 ] DEBUG Engine               - fullScreen: BooleanProperty [value: false]
20:38:56.947 [FXGL Background Thread 3 ] DEBUG Engine               - gameDifficulty: MEDIUM
20:38:56.947 [FXGL Background Thread 3 ] DEBUG Engine               - gameDifficultyProperty: ObjectProperty [value: MEDIUM]
20:38:56.947 [FXGL Background Thread 3 ] DEBUG Engine               - globalMusicVolume: 0.5
20:38:56.947 [FXGL Background Thread 3 ] DEBUG Engine               - globalMusicVolumeProperty: DoubleProperty [value: 0.5]
20:38:56.949 [FXGL Background Thread 3 ] DEBUG Engine               - globalSoundVolume: 0.5
20:38:56.949 [FXGL Background Thread 3 ] DEBUG Engine               - globalSoundVolumeProperty: DoubleProperty [value: 0.5]
20:38:56.949 [FXGL Background Thread 3 ] DEBUG Engine               - height: 512
20:38:56.949 [FXGL Background Thread 3 ] DEBUG Engine               - is3D: false
20:38:56.949 [FXGL Background Thread 3 ] DEBUG Engine               - isAndroid: false
20:38:56.949 [FXGL Background Thread 3 ] DEBUG Engine               - isBrowser: false
20:38:56.949 [FXGL Background Thread 3 ] DEBUG Engine               - isClickFeedbackEnabled: false
20:38:56.949 [FXGL Background Thread 3 ] DEBUG Engine               - isCloseConfirmation: false
20:38:56.949 [FXGL Background Thread 3 ] DEBUG Engine               - isDesktop: true
20:38:56.949 [FXGL Background Thread 3 ] DEBUG Engine               - isDeveloperMenuEnabled: false
20:38:56.949 [FXGL Background Thread 3 ] DEBUG Engine               - isEmbedded: false
20:38:56.949 [FXGL Background Thread 3 ] DEBUG Engine               - isEntityPreloadEnabled: true
20:38:56.949 [FXGL Background Thread 3 ] DEBUG Engine               - isExperimentalTiledLargeMap: false
20:38:56.950 [FXGL Background Thread 3 ] DEBUG Engine               - isFileSystemWriteAllowed: true
20:38:56.950 [FXGL Background Thread 3 ] DEBUG Engine               - isFullScreenAllowed: false
20:38:56.950 [FXGL Background Thread 3 ] DEBUG Engine               - isFullScreenFromStart: false
20:38:56.950 [FXGL Background Thread 3 ] DEBUG Engine               - isGameMenuEnabled: true
20:38:56.950 [FXGL Background Thread 3 ] DEBUG Engine               - isIOS: false
20:38:56.950 [FXGL Background Thread 3 ] DEBUG Engine               - isIntroEnabled: false
20:38:56.950 [FXGL Background Thread 3 ] DEBUG Engine               - isLinux: false
20:38:56.950 [FXGL Background Thread 3 ] DEBUG Engine               - isMac: false
20:38:56.950 [FXGL Background Thread 3 ] DEBUG Engine               - isMainMenuEnabled: false
20:38:56.950 [FXGL Background Thread 3 ] DEBUG Engine               - isManualResizeEnabled: false
20:38:56.950 [FXGL Background Thread 3 ] DEBUG Engine               - isMobile: false
20:38:56.950 [FXGL Background Thread 3 ] DEBUG Engine               - isNative: false
20:38:56.950 [FXGL Background Thread 3 ] DEBUG Engine               - isPauseMusicWhenMinimized: true
20:38:56.950 [FXGL Background Thread 3 ] DEBUG Engine               - isPreserveResizeRatio: false
20:38:56.950 [FXGL Background Thread 3 ] DEBUG Engine               - isProfilingEnabled: false
20:38:56.950 [FXGL Background Thread 3 ] DEBUG Engine               - isScaleAffectedOnResize: true
20:38:56.951 [FXGL Background Thread 3 ] DEBUG Engine               - isSingleStep: false
20:38:56.951 [FXGL Background Thread 3 ] DEBUG Engine               - isUserProfileEnabled: false
20:38:56.951 [FXGL Background Thread 3 ] DEBUG Engine               - isWindows: true
20:38:56.951 [FXGL Background Thread 3 ] DEBUG Engine               - language: ObjectProperty [value: ENGLISH]
20:38:56.951 [FXGL Background Thread 3 ] DEBUG Engine               - menuKey: ESCAPE
20:38:56.951 [FXGL Background Thread 3 ] DEBUG Engine               - mouseSensitivity: 0.2
20:38:56.951 [FXGL Background Thread 3 ] DEBUG Engine               - notificationViewClass: class com.almasb.fxgl.notification.view.XboxNotificationView
20:38:56.951 [FXGL Background Thread 3 ] DEBUG Engine               - pixelsPerMeter: 50.0
20:38:56.951 [FXGL Background Thread 3 ] DEBUG Engine               - platform: WINDOWS
20:38:56.951 [FXGL Background Thread 3 ] DEBUG Engine               - prefHeightProperty: ReadOnlyDoubleProperty [value: 512.0]
20:38:56.952 [FXGL Background Thread 3 ] DEBUG Engine               - prefWidthProperty: ReadOnlyDoubleProperty [value: 768.0]
20:38:56.952 [FXGL Background Thread 3 ] DEBUG Engine               - profileDir: profiles/
20:38:56.952 [FXGL Background Thread 3 ] DEBUG Engine               - profileName: StringProperty [value: DEFAULT]
20:38:56.952 [FXGL Background Thread 3 ] DEBUG Engine               - randomSeed: -1
20:38:56.952 [FXGL Background Thread 3 ] DEBUG Engine               - runtimeInfo: RuntimeInfo(platform=WINDOWS, version=21.1, build=27.03.2024 07.52)
20:38:56.952 [FXGL Background Thread 3 ] DEBUG Engine               - saveFileExt: sav
20:38:56.952 [FXGL Background Thread 3 ] DEBUG Engine               - scaledHeightProp$fxgl: DoubleProperty [bound, value: 512.0]
20:38:56.952 [FXGL Background Thread 3 ] DEBUG Engine               - scaledWidthProp$fxgl: DoubleProperty [bound, value: 768.0]
20:38:56.952 [FXGL Background Thread 3 ] DEBUG Engine               - sceneFactory: com.almasb.fxgl.app.scene.SceneFactory@5b22bcc2
20:38:56.952 [FXGL Background Thread 3 ] DEBUG Engine               - secondsIn24h: 60
20:38:56.953 [FXGL Background Thread 3 ] DEBUG Engine               - soundMenuBack: menu/back.wav
20:38:56.953 [FXGL Background Thread 3 ] DEBUG Engine               - soundMenuPress: menu/press.wav
20:38:56.953 [FXGL Background Thread 3 ] DEBUG Engine               - soundMenuSelect: menu/select.wav
20:38:56.953 [FXGL Background Thread 3 ] DEBUG Engine               - soundNotification: core/notification.wav
20:38:56.953 [FXGL Background Thread 3 ] DEBUG Engine               - stageStyle: DECORATED
20:38:56.953 [FXGL Background Thread 3 ] DEBUG Engine               - supportedLanguages: [ENGLISH, FRENCH, GERMAN, HUNGARIAN, RUSSIAN]
20:38:56.953 [FXGL Background Thread 3 ] DEBUG Engine               - ticksPerSecond: -1
20:38:56.953 [FXGL Background Thread 3 ] DEBUG Engine               - title: Horender
20:38:56.953 [FXGL Background Thread 3 ] DEBUG Engine               - urlGithub: https://github.com/AlmasB/FXGL
20:38:56.953 [FXGL Background Thread 3 ] DEBUG Engine               - urlLeaderboard: http://fxgl-top.herokuapp.com/
20:38:56.953 [FXGL Background Thread 3 ] DEBUG Engine               - urlPOM: https://raw.githubusercontent.com/AlmasB/FXGL/release/README.md
20:38:56.953 [FXGL Background Thread 3 ] DEBUG Engine               - userAppClass: class com.mycompany.horender.HorenderApp
20:38:56.954 [FXGL Background Thread 3 ] DEBUG Engine               - version: 0.1
20:38:56.954 [FXGL Background Thread 3 ] DEBUG Engine               - versionCheckDays: 7
20:38:56.954 [FXGL Background Thread 3 ] DEBUG Engine               - width: 768
20:38:56.954 [FXGL Background Thread 3 ] DEBUG Engine               - Logging services
20:38:56.954 [FXGL Background Thread 3 ] DEBUG Engine               - class com.almasb.fxgl.app.services.FXGLAssetLoaderService
20:38:56.954 [FXGL Background Thread 3 ] DEBUG Engine               - class com.almasb.fxgl.app.FXGLApplication$GameApplicationService
20:38:56.954 [FXGL Background Thread 3 ] DEBUG Engine               - class com.almasb.fxgl.app.services.FXGLDialogService
20:38:56.954 [FXGL Background Thread 3 ] DEBUG Engine               - class com.almasb.fxgl.app.services.IOTaskExecutorService
20:38:56.954 [FXGL Background Thread 3 ] DEBUG Engine               - class com.almasb.fxgl.io.FileSystemService
20:38:56.954 [FXGL Background Thread 3 ] DEBUG Engine               - class com.almasb.fxgl.localization.LocalizationService
20:38:56.954 [FXGL Background Thread 3 ] DEBUG Engine               - class com.almasb.fxgl.app.services.SystemBundleService
20:38:56.954 [FXGL Background Thread 3 ] DEBUG Engine               - class com.almasb.fxgl.profile.SaveLoadService
20:38:56.954 [FXGL Background Thread 3 ] DEBUG Engine               - class com.almasb.fxgl.ui.FXGLUIFactoryServiceProvider
20:38:56.954 [FXGL Background Thread 3 ] DEBUG Engine               - class com.almasb.fxgl.ui.FXGLDialogFactoryServiceProvider
20:38:56.954 [FXGL Background Thread 3 ] DEBUG Engine               - class com.almasb.fxgl.audio.AudioPlayer
20:38:56.954 [FXGL Background Thread 3 ] DEBUG Engine               - class com.almasb.fxgl.notification.impl.NotificationServiceProvider
20:38:56.955 [FXGL Background Thread 3 ] DEBUG Engine               - class com.almasb.fxgl.achievement.AchievementService
20:38:56.955 [FXGL Background Thread 3 ] DEBUG Engine               - class com.almasb.fxgl.cutscene.CutsceneService
20:38:56.955 [FXGL Background Thread 3 ] DEBUG Engine               - class com.almasb.fxgl.minigames.MiniGameService
20:38:56.955 [FXGL Background Thread 3 ] DEBUG Engine               - class com.almasb.fxgl.net.NetService
20:38:56.955 [FXGL Background Thread 3 ] DEBUG Engine               - class com.almasb.fxgl.app.services.UpdaterService
20:38:56.955 [FXGL Background Thread 3 ] DEBUG Engine               - class com.almasb.fxgl.dev.DevService
20:39:10.353 [JavaFX Application Thread] DEBUG FXGLApplication      - Exiting FXGL
20:39:10.354 [JavaFX Application Thread] DEBUG LoopRunner           - Stopping loop
20:39:10.354 [JavaFX Application Thread] DEBUG SystemBundleService  - Saving FXGL system data
20:39:10.358 [JavaFX Application Thread] DEBUG FileSystemAccess     - Writing to: C:\Users\Priscila\Documents\NetBeansProjects\Horender\system\fxgl.bundle
20:39:10.361 [JavaFX Application Thread] DEBUG Async                - Shutting down background threads
20:39:10.361 [JavaFX Application Thread] DEBUG PrimaryStageWindow   - Closing main window
20:39:10.382 [JavaFX Application Thread] DEBUG Logger               - Closing Logger
