23:30:10.827 [main                     ] DEBUG Logger               - Configured Logger
23:30:10.853 [main                     ] DEBUG GameApplication      - Logging settings
Title: Horender
Version: 0.1
Width: 1280
Height: 720
Fullscreen: false
Intro: false
Profiling: false
Single step:false
App Mode: DEVELOPER
Menu Key: ESCAPE
Stage Style: DECORATED
Scene Factory: class com.almasb.fxgl.app.scene.SceneFactory

23:30:11.154 [JavaFX Application Thread] DEBUG FXGLApplication      - Initializing FXGL
23:30:11.157 [JavaFX Application Thread] INFO  Engine               - FXGL-21.1 (27.03.2024 07.52) on WINDOWS (J:21.0.11 FX:21.0.1)
23:30:11.158 [JavaFX Application Thread] DEBUG Engine               - JRE Vendor Name: Oracle Corporation
23:30:11.158 [JavaFX Application Thread] DEBUG Engine               - Running on OS: Windows 11 version 10.0
23:30:11.158 [JavaFX Application Thread] DEBUG Engine               - Architecture: amd64
23:30:11.159 [JavaFX Application Thread] INFO  Engine               - Source code and latest versions at: https://github.com/AlmasB/FXGL
23:30:11.159 [JavaFX Application Thread] INFO  Engine               -       Ask questions and discuss at: https://github.com/AlmasB/FXGL/discussions
23:30:11.159 [JavaFX Application Thread] INFO  Engine               -              Join the FXGL chat at: https://gitter.im/AlmasB/FXGL
23:30:11.254 [JavaFX Application Thread] DEBUG PrimaryStageWindow   - Creating a JavaFX scene
23:30:11.310 [JavaFX Application Thread] DEBUG PrimaryStageWindow   - Target settings size: 1280.0 x 720.0
23:30:11.310 [JavaFX Application Thread] DEBUG PrimaryStageWindow   - Scaled scene size:    1280.0 x 720.0
23:30:11.310 [JavaFX Application Thread] DEBUG PrimaryStageWindow   - Scaled ratio: (1.0, 1.0)
23:30:11.313 [JavaFX Application Thread] DEBUG PrimaryStageWindow   - Set initial scene to FXGLStartupScene
23:30:11.317 [JavaFX Application Thread] DEBUG PrimaryStageWindow   - Opening main window
23:30:11.410 [JavaFX Application Thread] DEBUG PrimaryStageWindow   - Window border size: (16.0, 39.0)
23:30:11.410 [JavaFX Application Thread] DEBUG PrimaryStageWindow   - Scaled size: 1280.0 x 720.0
23:30:11.410 [JavaFX Application Thread] DEBUG PrimaryStageWindow   - Scaled ratio: (1.0, 1.0)
23:30:11.410 [JavaFX Application Thread] DEBUG PrimaryStageWindow   - Scene size: 1280.0 x 720.0
23:30:11.411 [JavaFX Application Thread] DEBUG PrimaryStageWindow   - Stage size: 1296.0 x 759.0
23:30:11.418 [FXGL Background Thread 1 ] DEBUG Engine               - Initializing environment variables
23:30:11.497 [FXGL Background Thread 1 ] DEBUG FXGLAssetLoaderServi - User app class for loading assets: class com.mycompany.horender.HorenderApp
23:30:11.497 [FXGL Background Thread 1 ] DEBUG GameApplicationServi - Applying CSS: fxgl_dark.css
23:30:11.499 [FXGL Background Thread 1 ] DEBUG FXGLAssetLoaderServi - Loading from file system: jar:file:///C:/Users/Priscila/.m2/repository/com/github/almasb/fxgl/21.1/fxgl-21.1.jar!/fxglassets/ui/css/fxgl_dark.css
23:30:11.546 [FXGL Background Thread 1 ] DEBUG GameApplicationServi - Initializing application scenes
23:30:11.594 [FXGL Background Thread 1 ] DEBUG GameWorld            - Game world initialized
23:30:11.680 [FXGL Background Thread 1 ] DEBUG PhysicsWorld         - Physics world initialized: appHeight=720, physics.ppm=50,0
23:30:11.680 [FXGL Background Thread 1 ] DEBUG PhysicsWorld         - Using strategy: BRUTE_FORCE
23:30:11.684 [FXGL Background Thread 1 ] DEBUG GameScene            - Game scene initialized: 1280x720
23:30:11.698 [FXGL Background Thread 1 ] DEBUG FXGL.DefaultMenu     - createMenuBodyGameMenu()
23:30:11.711 [FXGL Background Thread 1 ] DEBUG FXGL.DefaultMenu     - createOptionsMenu()
23:30:11.719 [FXGL Background Thread 1 ] DEBUG FXGLAssetLoaderServi - Loading from file system: jar:file:///C:/Users/Priscila/.m2/repository/com/github/almasb/fxgl/21.1/fxgl-21.1.jar!/fxglassets/textures/particles/smoke.png
23:30:11.806 [FXGL Background Thread 1 ] DEBUG FXGLAssetLoaderServi - Loading from file system: jar:file:///C:/Users/Priscila/.m2/repository/com/github/almasb/fxgl/21.1/fxgl-21.1.jar!/fxglassets/textures/particles/trace_horizontal.png
23:30:11.835 [FXGL Background Thread 1 ] DEBUG GameApplicationServi - Application scenes initialized
23:30:11.848 [FXGL Background Thread 1 ] DEBUG SystemBundleService  - Loading FXGL system data
23:30:11.853 [FXGL Background Thread 1 ] DEBUG FileSystemAccess     - Reading from: C:\Users\Priscila\Documents\NetBeansProjects\Horender\system\fxgl.bundle
23:30:11.863 [FXGL Background Thread 1 ] DEBUG SystemBundleService  - Bundle FXGL: {}
23:30:11.864 [FXGL Background Thread 1 ] DEBUG UpdaterService       - Checking for updates
23:30:11.867 [FXGL Background Thread 4 ] DEBUG FXGLApplication      - Loading fonts
23:30:11.868 [FXGL Background Thread 4 ] DEBUG FXGLAssetLoaderServi - Loading from file system: jar:file:///C:/Users/Priscila/.m2/repository/com/github/almasb/fxgl/21.1/fxgl-21.1.jar!/fxglassets/ui/fonts/VarelaRound-Regular.ttf
23:30:11.868 [FXGL Background Thread 1 ] DEBUG FXGLApplication      - Loading default localization
23:30:11.869 [FXGL Background Thread 1 ] DEBUG FXGLAssetLoaderServi - Loading from file system: jar:file:///C:/Users/Priscila/.m2/repository/com/github/almasb/fxgl/21.1/fxgl-21.1.jar!/fxglassets/languages/english.lang
23:30:11.894 [FXGL Background Thread 1 ] INFO  FXGLApplication      - FXGL initialization took: 0,476 sec
23:30:11.905 [JavaFX Application Thread] DEBUG Input                - Registered new binding: action0 - I
23:30:11.906 [JavaFX Application Thread] DEBUG FXGLAssetLoaderServi - Loading from file system: jar:file:///C:/Users/Priscila/.m2/repository/com/github/almasb/fxgl/21.1/fxgl-21.1.jar!/fxglassets/textures/fxgl_icon.png
23:30:11.924 [FXGL Background Thread 4 ] DEBUG FXGLAssetLoaderServi - Loading from file system: jar:file:///C:/Users/Priscila/.m2/repository/com/github/almasb/fxgl/21.1/fxgl-21.1.jar!/fxglassets/ui/fonts/Abel-Regular.ttf
23:30:11.928 [JavaFX Application Thread] DEBUG FXGLAssetLoaderServi - Loading from file system: jar:file:///C:/Users/Priscila/.m2/repository/com/github/almasb/fxgl/21.1/fxgl-21.1.jar!/fxglassets/textures/fxgl_default_cursor.png
23:30:11.931 [JavaFX Application Thread] DEBUG Input                - Registered new binding: Screenshot - CTRL+8
23:30:11.931 [JavaFX Application Thread] DEBUG Input                - Registered new binding: System info dump - CTRL+9
23:30:11.932 [JavaFX Application Thread] DEBUG Input                - Registered new binding: Restart - CTRL+R
23:30:11.932 [JavaFX Application Thread] DEBUG Input                - Registered new binding: Toggle Debug Camera - CTRL+7
23:30:11.937 [JavaFX Application Thread] DEBUG LoopRunner           - Starting loop
23:30:11.937 [JavaFX Application Thread] DEBUG LoopRunner           - Initializing JavaFX AnimationTimerLoop
23:30:11.939 [JavaFX Application Thread] DEBUG GameApplicationServi - Starting new game
23:30:11.940 [JavaFX Application Thread] DEBUG Input                - Clearing active input actions
23:30:11.942 [FXGL Background Thread 4 ] DEBUG FXGLAssetLoaderServi - Loading from file system: jar:file:///C:/Users/Priscila/.m2/repository/com/github/almasb/fxgl/21.1/fxgl-21.1.jar!/fxglassets/ui/fonts/TerminalLandMono-Regular.otf
23:30:11.958 [JavaFX Application Thread] DEBUG GameApplicationServi - Removing overlay from FXGLStartupScene and adding to FXGLLoadingScene
23:30:11.960 [JavaFX Application Thread] DEBUG PrimaryStageWindow   - FXGLStartupScene -> FXGLLoadingScene
23:30:11.960 [JavaFX Application Thread] DEBUG GameApplicationServi - Clearing previous game
23:30:11.960 [JavaFX Application Thread] DEBUG GameScene            - Clearing game scene
23:30:11.960 [JavaFX Application Thread] DEBUG GameWorld            - Clearing game world
23:30:11.960 [JavaFX Application Thread] DEBUG PhysicsWorld         - Clearing physics world
23:30:11.964 [FXGL Background Thread 1 ] DEBUG FXGLApplication      - Initializing game
23:30:11.978 [FXGL Background Thread 4 ] DEBUG FXGLAssetLoaderServi - Loading from file system: jar:file:///C:/Users/Priscila/.m2/repository/com/github/almasb/fxgl/21.1/fxgl-21.1.jar!/fxglassets/ui/fonts/Courier-Prime.ttf
23:30:12.030 [FXGL Background Thread 1 ] WARN  FXGLAssetLoaderServi - Asset "/assets/textures/IDLE.png" was not found!
23:30:12.030 [FXGL Background Thread 1 ] WARN  FXGLAssetLoaderServi - Failed to load IMAGE
23:30:12.169 [JavaFX Application Thread] DEBUG FXGLApplication      - Registering font factories with UI factory
23:30:12.501 [FXGL Background Thread 1 ] INFO  FXGLApplication      - Game initialization took: 0,536 sec
23:30:12.502 [JavaFX Application Thread] DEBUG Input                - Clearing active input actions
23:30:12.544 [JavaFX Application Thread] DEBUG GameApplicationServi - Removing overlay from FXGLLoadingScene and adding to GameScene
23:30:12.545 [JavaFX Application Thread] DEBUG PrimaryStageWindow   - FXGLLoadingScene -> GameScene
23:30:12.729 [FXGL Background Thread 2 ] INFO  UpdaterService       - Your current version:  21.1
23:30:12.730 [FXGL Background Thread 2 ] INFO  UpdaterService       - Latest stable version: 25
23:30:14.867 [FXGL Background Thread 3 ] DEBUG Engine               - Logging environment variables
23:30:14.869 [FXGL Background Thread 3 ] DEBUG Engine               - achievements: []
23:30:14.869 [FXGL Background Thread 3 ] DEBUG Engine               - actualHeight: 720.0
23:30:14.870 [FXGL Background Thread 3 ] DEBUG Engine               - actualHeightProperty: ReadOnlyDoubleProperty [value: 720.0]
23:30:14.870 [FXGL Background Thread 3 ] DEBUG Engine               - actualWidth: 1280.0
23:30:14.870 [FXGL Background Thread 3 ] DEBUG Engine               - actualWidthProperty: ReadOnlyDoubleProperty [value: 1280.0]
23:30:14.871 [FXGL Background Thread 3 ] DEBUG Engine               - appIcon: fxgl_icon.png
23:30:14.871 [FXGL Background Thread 3 ] DEBUG Engine               - applicationMode: DEVELOPER
23:30:14.871 [FXGL Background Thread 3 ] DEBUG Engine               - cSSList: [fxgl_dark.css]
23:30:14.871 [FXGL Background Thread 3 ] DEBUG Engine               - collisionDetectionStrategy: BRUTE_FORCE
23:30:14.872 [FXGL Background Thread 3 ] DEBUG Engine               - configClass: Optional.empty
23:30:14.872 [FXGL Background Thread 3 ] DEBUG Engine               - credits: []
23:30:14.873 [FXGL Background Thread 3 ] DEBUG Engine               - defaultCursor: CursorInfo(imageName=fxgl_default_cursor.png, hotspotX=7.0, hotspotY=6.0)
23:30:14.873 [FXGL Background Thread 3 ] DEBUG Engine               - devBBoxColorProperty: ObjectProperty [value: 0xff0000ff]
23:30:14.874 [FXGL Background Thread 3 ] DEBUG Engine               - devEnableDebugCameraProperty: BooleanProperty [value: false]
23:30:14.874 [FXGL Background Thread 3 ] DEBUG Engine               - devSensorColorProperty: ObjectProperty [value: 0xffff00ff]
23:30:14.874 [FXGL Background Thread 3 ] DEBUG Engine               - devShowBBoxProperty: BooleanProperty [value: false]
23:30:14.875 [FXGL Background Thread 3 ] DEBUG Engine               - devShowPositionProperty: BooleanProperty [value: false]
23:30:14.875 [FXGL Background Thread 3 ] DEBUG Engine               - enabledMenuItems: []
23:30:14.875 [FXGL Background Thread 3 ] DEBUG Engine               - engineServices: [class com.almasb.fxgl.app.services.FXGLAssetLoaderService, class com.almasb.fxgl.app.FXGLApplication$GameApplicationService, class com.almasb.fxgl.app.services.FXGLDialogService, class com.almasb.fxgl.app.services.IOTaskExecutorService, class com.almasb.fxgl.io.FileSystemService, class com.almasb.fxgl.localization.LocalizationService, class com.almasb.fxgl.app.services.SystemBundleService, class com.almasb.fxgl.profile.SaveLoadService, class com.almasb.fxgl.ui.FXGLUIFactoryServiceProvider, class com.almasb.fxgl.ui.FXGLDialogFactoryServiceProvider, class com.almasb.fxgl.audio.AudioPlayer, class com.almasb.fxgl.notification.impl.NotificationServiceProvider, class com.almasb.fxgl.achievement.AchievementService, class com.almasb.fxgl.cutscene.CutsceneService, class com.almasb.fxgl.minigames.MiniGameService, class com.almasb.fxgl.net.NetService, class com.almasb.fxgl.app.services.UpdaterService, class com.almasb.fxgl.dev.DevService]
23:30:14.875 [FXGL Background Thread 3 ] DEBUG Engine               - fontGame: Abel-Regular.ttf
23:30:14.877 [FXGL Background Thread 3 ] DEBUG Engine               - fontMono: TerminalLandMono-Regular.otf
23:30:14.877 [FXGL Background Thread 3 ] DEBUG Engine               - fontSizeScaleUI: 1.0
23:30:14.877 [FXGL Background Thread 3 ] DEBUG Engine               - fontText: Courier-Prime.ttf
23:30:14.878 [FXGL Background Thread 3 ] DEBUG Engine               - fontUI: VarelaRound-Regular.ttf
23:30:14.878 [FXGL Background Thread 3 ] DEBUG Engine               - fullScreen: BooleanProperty [value: false]
23:30:14.878 [FXGL Background Thread 3 ] DEBUG Engine               - gameDifficulty: MEDIUM
23:30:14.878 [FXGL Background Thread 3 ] DEBUG Engine               - gameDifficultyProperty: ObjectProperty [value: MEDIUM]
23:30:14.878 [FXGL Background Thread 3 ] DEBUG Engine               - globalMusicVolume: 0.5
23:30:14.879 [FXGL Background Thread 3 ] DEBUG Engine               - globalMusicVolumeProperty: DoubleProperty [value: 0.5]
23:30:14.879 [FXGL Background Thread 3 ] DEBUG Engine               - globalSoundVolume: 0.5
23:30:14.879 [FXGL Background Thread 3 ] DEBUG Engine               - globalSoundVolumeProperty: DoubleProperty [value: 0.5]
23:30:14.880 [FXGL Background Thread 3 ] DEBUG Engine               - height: 720
23:30:14.880 [FXGL Background Thread 3 ] DEBUG Engine               - is3D: false
23:30:14.880 [FXGL Background Thread 3 ] DEBUG Engine               - isAndroid: false
23:30:14.880 [FXGL Background Thread 3 ] DEBUG Engine               - isBrowser: false
23:30:14.880 [FXGL Background Thread 3 ] DEBUG Engine               - isClickFeedbackEnabled: false
23:30:14.880 [FXGL Background Thread 3 ] DEBUG Engine               - isCloseConfirmation: false
23:30:14.880 [FXGL Background Thread 3 ] DEBUG Engine               - isDesktop: true
23:30:14.880 [FXGL Background Thread 3 ] DEBUG Engine               - isDeveloperMenuEnabled: false
23:30:14.881 [FXGL Background Thread 3 ] DEBUG Engine               - isEmbedded: false
23:30:14.881 [FXGL Background Thread 3 ] DEBUG Engine               - isEntityPreloadEnabled: true
23:30:14.881 [FXGL Background Thread 3 ] DEBUG Engine               - isExperimentalTiledLargeMap: false
23:30:14.881 [FXGL Background Thread 3 ] DEBUG Engine               - isFileSystemWriteAllowed: true
23:30:14.881 [FXGL Background Thread 3 ] DEBUG Engine               - isFullScreenAllowed: false
23:30:14.881 [FXGL Background Thread 3 ] DEBUG Engine               - isFullScreenFromStart: false
23:30:14.881 [FXGL Background Thread 3 ] DEBUG Engine               - isGameMenuEnabled: true
23:30:14.882 [FXGL Background Thread 3 ] DEBUG Engine               - isIOS: false
23:30:14.882 [FXGL Background Thread 3 ] DEBUG Engine               - isIntroEnabled: false
23:30:14.882 [FXGL Background Thread 3 ] DEBUG Engine               - isLinux: false
23:30:14.882 [FXGL Background Thread 3 ] DEBUG Engine               - isMac: false
23:30:14.882 [FXGL Background Thread 3 ] DEBUG Engine               - isMainMenuEnabled: false
23:30:14.882 [FXGL Background Thread 3 ] DEBUG Engine               - isManualResizeEnabled: false
23:30:14.883 [FXGL Background Thread 3 ] DEBUG Engine               - isMobile: false
23:30:14.883 [FXGL Background Thread 3 ] DEBUG Engine               - isNative: false
23:30:14.883 [FXGL Background Thread 3 ] DEBUG Engine               - isPauseMusicWhenMinimized: true
23:30:14.883 [FXGL Background Thread 3 ] DEBUG Engine               - isPreserveResizeRatio: false
23:30:14.883 [FXGL Background Thread 3 ] DEBUG Engine               - isProfilingEnabled: false
23:30:14.883 [FXGL Background Thread 3 ] DEBUG Engine               - isScaleAffectedOnResize: true
23:30:14.883 [FXGL Background Thread 3 ] DEBUG Engine               - isSingleStep: false
23:30:14.884 [FXGL Background Thread 3 ] DEBUG Engine               - isUserProfileEnabled: false
23:30:14.884 [FXGL Background Thread 3 ] DEBUG Engine               - isWindows: true
23:30:14.884 [FXGL Background Thread 3 ] DEBUG Engine               - language: ObjectProperty [value: ENGLISH]
23:30:14.884 [FXGL Background Thread 3 ] DEBUG Engine               - menuKey: ESCAPE
23:30:14.884 [FXGL Background Thread 3 ] DEBUG Engine               - mouseSensitivity: 0.2
23:30:14.884 [FXGL Background Thread 3 ] DEBUG Engine               - notificationViewClass: class com.almasb.fxgl.notification.view.XboxNotificationView
23:30:14.884 [FXGL Background Thread 3 ] DEBUG Engine               - pixelsPerMeter: 50.0
23:30:14.884 [FXGL Background Thread 3 ] DEBUG Engine               - platform: WINDOWS
23:30:14.885 [FXGL Background Thread 3 ] DEBUG Engine               - prefHeightProperty: ReadOnlyDoubleProperty [value: 720.0]
23:30:14.885 [FXGL Background Thread 3 ] DEBUG Engine               - prefWidthProperty: ReadOnlyDoubleProperty [value: 1280.0]
23:30:14.885 [FXGL Background Thread 3 ] DEBUG Engine               - profileDir: profiles/
23:30:14.885 [FXGL Background Thread 3 ] DEBUG Engine               - profileName: StringProperty [value: DEFAULT]
23:30:14.885 [FXGL Background Thread 3 ] DEBUG Engine               - randomSeed: -1
23:30:14.885 [FXGL Background Thread 3 ] DEBUG Engine               - runtimeInfo: RuntimeInfo(platform=WINDOWS, version=21.1, build=27.03.2024 07.52)
23:30:14.886 [FXGL Background Thread 3 ] DEBUG Engine               - saveFileExt: sav
23:30:14.886 [FXGL Background Thread 3 ] DEBUG Engine               - scaledHeightProp$fxgl: DoubleProperty [bound, value: 720.0]
23:30:14.886 [FXGL Background Thread 3 ] DEBUG Engine               - scaledWidthProp$fxgl: DoubleProperty [bound, value: 1280.0]
23:30:14.886 [FXGL Background Thread 3 ] DEBUG Engine               - sceneFactory: com.almasb.fxgl.app.scene.SceneFactory@7349809c
23:30:14.886 [FXGL Background Thread 3 ] DEBUG Engine               - secondsIn24h: 60
23:30:14.886 [FXGL Background Thread 3 ] DEBUG Engine               - soundMenuBack: menu/back.wav
23:30:14.886 [FXGL Background Thread 3 ] DEBUG Engine               - soundMenuPress: menu/press.wav
23:30:14.886 [FXGL Background Thread 3 ] DEBUG Engine               - soundMenuSelect: menu/select.wav
23:30:14.887 [FXGL Background Thread 3 ] DEBUG Engine               - soundNotification: core/notification.wav
23:30:14.887 [FXGL Background Thread 3 ] DEBUG Engine               - stageStyle: DECORATED
23:30:14.887 [FXGL Background Thread 3 ] DEBUG Engine               - supportedLanguages: [ENGLISH, FRENCH, GERMAN, HUNGARIAN, RUSSIAN]
23:30:14.887 [FXGL Background Thread 3 ] DEBUG Engine               - ticksPerSecond: -1
23:30:14.887 [FXGL Background Thread 3 ] DEBUG Engine               - title: Horender
23:30:14.887 [FXGL Background Thread 3 ] DEBUG Engine               - urlGithub: https://github.com/AlmasB/FXGL
23:30:14.887 [FXGL Background Thread 3 ] DEBUG Engine               - urlLeaderboard: http://fxgl-top.herokuapp.com/
23:30:14.887 [FXGL Background Thread 3 ] DEBUG Engine               - urlPOM: https://raw.githubusercontent.com/AlmasB/FXGL/release/README.md
23:30:14.887 [FXGL Background Thread 3 ] DEBUG Engine               - userAppClass: class com.mycompany.horender.HorenderApp
23:30:14.888 [FXGL Background Thread 3 ] DEBUG Engine               - version: 0.1
23:30:14.888 [FXGL Background Thread 3 ] DEBUG Engine               - versionCheckDays: 7
23:30:14.888 [FXGL Background Thread 3 ] DEBUG Engine               - width: 1280
23:30:14.888 [FXGL Background Thread 3 ] DEBUG Engine               - Logging services
23:30:14.888 [FXGL Background Thread 3 ] DEBUG Engine               - class com.almasb.fxgl.app.services.FXGLAssetLoaderService
23:30:14.888 [FXGL Background Thread 3 ] DEBUG Engine               - class com.almasb.fxgl.app.FXGLApplication$GameApplicationService
23:30:14.888 [FXGL Background Thread 3 ] DEBUG Engine               - class com.almasb.fxgl.app.services.FXGLDialogService
23:30:14.888 [FXGL Background Thread 3 ] DEBUG Engine               - class com.almasb.fxgl.app.services.IOTaskExecutorService
23:30:14.888 [FXGL Background Thread 3 ] DEBUG Engine               - class com.almasb.fxgl.io.FileSystemService
23:30:14.888 [FXGL Background Thread 3 ] DEBUG Engine               - class com.almasb.fxgl.localization.LocalizationService
23:30:14.888 [FXGL Background Thread 3 ] DEBUG Engine               - class com.almasb.fxgl.app.services.SystemBundleService
23:30:14.889 [FXGL Background Thread 3 ] DEBUG Engine               - class com.almasb.fxgl.profile.SaveLoadService
23:30:14.889 [FXGL Background Thread 3 ] DEBUG Engine               - class com.almasb.fxgl.ui.FXGLUIFactoryServiceProvider
23:30:14.889 [FXGL Background Thread 3 ] DEBUG Engine               - class com.almasb.fxgl.ui.FXGLDialogFactoryServiceProvider
23:30:14.889 [FXGL Background Thread 3 ] DEBUG Engine               - class com.almasb.fxgl.audio.AudioPlayer
23:30:14.889 [FXGL Background Thread 3 ] DEBUG Engine               - class com.almasb.fxgl.notification.impl.NotificationServiceProvider
23:30:14.889 [FXGL Background Thread 3 ] DEBUG Engine               - class com.almasb.fxgl.achievement.AchievementService
23:30:14.889 [FXGL Background Thread 3 ] DEBUG Engine               - class com.almasb.fxgl.cutscene.CutsceneService
23:30:14.889 [FXGL Background Thread 3 ] DEBUG Engine               - class com.almasb.fxgl.minigames.MiniGameService
23:30:14.889 [FXGL Background Thread 3 ] DEBUG Engine               - class com.almasb.fxgl.net.NetService
23:30:14.889 [FXGL Background Thread 3 ] DEBUG Engine               - class com.almasb.fxgl.app.services.UpdaterService
23:30:14.889 [FXGL Background Thread 3 ] DEBUG Engine               - class com.almasb.fxgl.dev.DevService
23:30:17.606 [JavaFX Application Thread] DEBUG LoopRunner           - Pausing loop
00:10:03.229 [JavaFX Application Thread] DEBUG LoopRunner           - Resuming loop
00:10:06.324 [JavaFX Application Thread] DEBUG FXGLApplication      - Exiting FXGL
00:10:06.324 [JavaFX Application Thread] DEBUG LoopRunner           - Stopping loop
00:10:06.324 [JavaFX Application Thread] DEBUG SystemBundleService  - Saving FXGL system data
00:10:06.328 [JavaFX Application Thread] DEBUG FileSystemAccess     - Writing to: C:\Users\Priscila\Documents\NetBeansProjects\Horender\system\fxgl.bundle
00:10:06.330 [JavaFX Application Thread] DEBUG Async                - Shutting down background threads
00:10:06.330 [JavaFX Application Thread] DEBUG PrimaryStageWindow   - Closing main window
00:10:06.337 [JavaFX Application Thread] DEBUG Logger               - Closing Logger
